<?xml version="1.0" encoding="UTF-8"?>
<coverage generated="1760321507856" clover="3.2.0">
  <project timestamp="1760321507856" name="All files">
    <metrics statements="75" coveredstatements="75" conditionals="47" coveredconditionals="45" methods="13" coveredmethods="13" elements="135" coveredelements="133" complexity="0" loc="75" ncloc="75" packages="1" files="1" classes="1"/>
    <file name="db.ts" path="/home/frankbria/projects/iris/src/db.ts">
      <metrics statements="75" coveredstatements="75" conditionals="47" coveredconditionals="45" methods="13" coveredmethods="13"/>
      <line num="1" count="2" type="stmt"/>
      <line num="41" count="2" type="stmt"/>
      <line num="46" count="2" type="stmt"/>
      <line num="47" count="31" type="stmt"/>
      <line num="50" count="31" type="stmt"/>
      <line num="53" count="31" type="stmt"/>
      <line num="61" count="31" type="stmt"/>
      <line num="62" count="31" type="cond" truecount="2" falsecount="0"/>
      <line num="65" count="31" type="cond" truecount="1" falsecount="0"/>
      <line num="66" count="31" type="stmt"/>
      <line num="69" count="31" type="stmt"/>
      <line num="76" count="31" type="stmt"/>
      <line num="134" count="2" type="stmt"/>
      <line num="135" count="35" type="stmt"/>
      <line num="140" count="35" type="stmt"/>
      <line num="147" count="35" type="stmt"/>
      <line num="153" count="2" type="stmt"/>
      <line num="154" count="2" type="cond" truecount="2" falsecount="0"/>
      <line num="158" count="2" type="stmt"/>
      <line num="159" count="2" type="cond" truecount="2" falsecount="0"/>
      <line num="161" count="4" type="stmt"/>
      <line num="173" count="2" type="stmt"/>
      <line num="174" count="22" type="stmt"/>
      <line num="182" count="22" type="stmt"/>
      <line num="196" count="22" type="stmt"/>
      <line num="202" count="2" type="stmt"/>
      <line num="211" count="9" type="stmt"/>
      <line num="212" count="9" type="stmt"/>
      <line num="214" count="9" type="cond" truecount="1" falsecount="0"/>
      <line num="215" count="5" type="stmt"/>
      <line num="216" count="5" type="stmt"/>
      <line num="219" count="9" type="cond" truecount="1" falsecount="0"/>
      <line num="220" count="2" type="stmt"/>
      <line num="221" count="2" type="stmt"/>
      <line num="224" count="9" type="cond" truecount="1" falsecount="0"/>
      <line num="225" count="2" type="stmt"/>
      <line num="226" count="2" type="stmt"/>
      <line num="229" count="9" type="stmt"/>
      <line num="231" count="9" type="cond" truecount="1" falsecount="0"/>
      <line num="232" count="2" type="stmt"/>
      <line num="233" count="2" type="stmt"/>
      <line num="236" count="9" type="stmt"/>
      <line num="237" count="9" type="stmt"/>
      <line num="239" count="12" type="stmt"/>
      <line num="258" count="2" type="stmt"/>
      <line num="259" count="22" type="stmt"/>
      <line num="268" count="22" type="stmt"/>
      <line num="282" count="22" type="stmt"/>
      <line num="288" count="2" type="stmt"/>
      <line num="297" count="9" type="stmt"/>
      <line num="298" count="9" type="stmt"/>
      <line num="300" count="9" type="cond" truecount="1" falsecount="0"/>
      <line num="301" count="5" type="stmt"/>
      <line num="302" count="5" type="stmt"/>
      <line num="305" count="9" type="cond" truecount="1" falsecount="0"/>
      <line num="306" count="2" type="stmt"/>
      <line num="307" count="2" type="stmt"/>
      <line num="310" count="9" type="cond" truecount="1" falsecount="0"/>
      <line num="311" count="2" type="stmt"/>
      <line num="312" count="2" type="stmt"/>
      <line num="315" count="9" type="stmt"/>
      <line num="317" count="9" type="cond" truecount="1" falsecount="0"/>
      <line num="318" count="2" type="stmt"/>
      <line num="319" count="2" type="stmt"/>
      <line num="322" count="9" type="stmt"/>
      <line num="323" count="9" type="stmt"/>
      <line num="325" count="12" type="stmt"/>
      <line num="344" count="2" type="stmt"/>
      <line num="350" count="2" type="stmt"/>
      <line num="360" count="2" type="stmt"/>
      <line num="362" count="2" type="stmt"/>
      <line num="373" count="2" type="stmt"/>
      <line num="385" count="2" type="stmt"/>
      <line num="399" count="2" type="stmt"/>
      <line num="401" count="2" type="stmt"/>
    </file>
  </project>
</coverage>
