<?xml version="1.0" encoding="UTF-8"?>
<coverage generated="1758331289072" clover="3.2.0">
  <project timestamp="1758331289073" name="All files">
    <metrics statements="590" coveredstatements="422" conditionals="260" coveredconditionals="149" methods="94" coveredmethods="73" elements="944" coveredelements="644" complexity="0" loc="590" ncloc="590" packages="1" files="9" classes="9"/>
    <file name="ai-client.ts" path="/home/frankbria/projects/iris/src/ai-client.ts">
      <metrics statements="44" coveredstatements="41" conditionals="29" coveredconditionals="12" methods="11" coveredmethods="11"/>
      <line num="28" count="5" type="stmt"/>
      <line num="32" count="2" type="cond" truecount="0" falsecount="1"/>
      <line num="33" count="0" type="stmt"/>
      <line num="36" count="4" type="stmt"/>
      <line num="37" count="2" type="stmt"/>
      <line num="39" count="2" type="stmt"/>
      <line num="59" count="2" type="stmt"/>
      <line num="66" count="2" type="stmt"/>
      <line num="67" count="2" type="stmt"/>
      <line num="77" count="1" type="stmt"/>
      <line num="78" count="1" type="cond" truecount="0" falsecount="1"/>
      <line num="79" count="0" type="stmt"/>
      <line num="82" count="1" type="stmt"/>
      <line num="83" count="1" type="stmt"/>
      <line num="89" count="1" type="stmt"/>
      <line num="90" count="1" type="stmt"/>
      <line num="99" count="2" type="stmt"/>
      <line num="107" count="3" type="stmt"/>
      <line num="113" count="1" type="stmt"/>
      <line num="114" count="1" type="stmt"/>
      <line num="122" count="1" type="stmt"/>
      <line num="130" count="5" type="stmt"/>
      <line num="134" count="2" type="cond" truecount="0" falsecount="1"/>
      <line num="135" count="0" type="stmt"/>
      <line num="138" count="2" type="stmt"/>
      <line num="139" count="2" type="stmt"/>
      <line num="152" count="2" type="cond" truecount="1" falsecount="0"/>
      <line num="153" count="1" type="stmt"/>
      <line num="156" count="1" type="stmt"/>
      <line num="157" count="1" type="stmt"/>
      <line num="159" count="1" type="stmt"/>
      <line num="165" count="1" type="stmt"/>
      <line num="166" count="1" type="stmt"/>
      <line num="175" count="2" type="cond" truecount="0" falsecount="1"/>
      <line num="177" count="2" type="stmt"/>
      <line num="178" count="2" type="stmt"/>
      <line num="179" count="1" type="stmt"/>
      <line num="181" count="1" type="stmt"/>
      <line num="186" count="3" type="stmt"/>
      <line num="187" count="14" type="cond" truecount="4" falsecount="0"/>
      <line num="189" count="5" type="stmt"/>
      <line num="191" count="3" type="stmt"/>
      <line num="193" count="5" type="stmt"/>
      <line num="195" count="1" type="stmt"/>
    </file>
    <file name="browser.ts" path="/home/frankbria/projects/iris/src/browser.ts">
      <metrics statements="15" coveredstatements="15" conditionals="7" coveredconditionals="7" methods="7" coveredmethods="7"/>
      <line num="1" count="2" type="stmt"/>
      <line num="12" count="2" type="cond" truecount="1" falsecount="0"/>
      <line num="13" count="4" type="stmt"/>
      <line num="23" count="2" type="stmt"/>
      <line num="24" count="4" type="stmt"/>
      <line num="30" count="2" type="stmt"/>
      <line num="31" count="4" type="stmt"/>
      <line num="37" count="2" type="stmt"/>
      <line num="38" count="6" type="stmt"/>
      <line num="44" count="2" type="stmt"/>
      <line num="45" count="2" type="stmt"/>
      <line num="51" count="2" type="stmt"/>
      <line num="52" count="1" type="stmt"/>
      <line num="58" count="2" type="stmt"/>
      <line num="59" count="1" type="stmt"/>
    </file>
    <file name="cli.ts" path="/home/frankbria/projects/iris/src/cli.ts">
      <metrics statements="84" coveredstatements="41" conditionals="33" coveredconditionals="6" methods="12" coveredmethods="7"/>
      <line num="2" count="1" type="stmt"/>
      <line num="3" count="1" type="stmt"/>
      <line num="4" count="1" type="stmt"/>
      <line num="6" count="1" type="stmt"/>
      <line num="7" count="1" type="stmt"/>
      <line num="12" count="1" type="stmt"/>
      <line num="19" count="4" type="stmt"/>
      <line num="20" count="4" type="stmt"/>
      <line num="21" count="4" type="stmt"/>
      <line num="23" count="4" type="stmt"/>
      <line num="24" count="8" type="stmt"/>
      <line num="25" count="4" type="stmt"/>
      <line num="27" count="4" type="stmt"/>
      <line num="28" count="4" type="stmt"/>
      <line num="29" count="4" type="stmt"/>
      <line num="30" count="4" type="cond" truecount="1" falsecount="0"/>
      <line num="31" count="4" type="stmt"/>
      <line num="34" count="4" type="cond" truecount="1" falsecount="0"/>
      <line num="35" count="1" type="stmt"/>
      <line num="36" count="1" type="stmt"/>
      <line num="37" count="1" type="stmt"/>
      <line num="41" count="3" type="cond" truecount="1" falsecount="1"/>
      <line num="42" count="0" type="stmt"/>
      <line num="44" count="0" type="stmt"/>
      <line num="45" count="0" type="stmt"/>
      <line num="56" count="0" type="stmt"/>
      <line num="58" count="0" type="stmt"/>
      <line num="59" count="0" type="stmt"/>
      <line num="62" count="0" type="cond" truecount="0" falsecount="2"/>
      <line num="63" count="0" type="stmt"/>
      <line num="65" count="0" type="stmt"/>
      <line num="69" count="0" type="stmt"/>
      <line num="70" count="0" type="stmt"/>
      <line num="71" count="0" type="cond" truecount="0" falsecount="4"/>
      <line num="73" count="0" type="stmt"/>
      <line num="74" count="0" type="stmt"/>
      <line num="76" count="0" type="cond" truecount="0" falsecount="2"/>
      <line num="77" count="0" type="stmt"/>
      <line num="78" count="0" type="cond" truecount="0" falsecount="1"/>
      <line num="79" count="0" type="stmt"/>
      <line num="82" count="0" type="stmt"/>
      <line num="83" count="0" type="stmt"/>
      <line num="89" count="0" type="stmt"/>
      <line num="90" count="0" type="stmt"/>
      <line num="92" count="0" type="cond" truecount="0" falsecount="2"/>
      <line num="93" count="0" type="stmt"/>
      <line num="95" count="0" type="stmt"/>
      <line num="96" count="0" type="stmt"/>
      <line num="100" count="0" type="stmt"/>
      <line num="103" count="0" type="stmt"/>
      <line num="104" count="0" type="cond" truecount="0" falsecount="2"/>
      <line num="107" count="0" type="stmt"/>
      <line num="108" count="0" type="stmt"/>
      <line num="111" count="0" type="cond" truecount="0" falsecount="2"/>
      <line num="115" count="3" type="stmt"/>
      <line num="119" count="0" type="stmt"/>
      <line num="120" count="0" type="stmt"/>
      <line num="122" count="4" type="stmt"/>
      <line num="125" count="8" type="stmt"/>
      <line num="126" count="4" type="cond" truecount="2" falsecount="0"/>
      <line num="129" count="4" type="stmt"/>
      <line num="130" count="8" type="stmt"/>
      <line num="131" count="4" type="cond" truecount="0" falsecount="1"/>
      <line num="132" count="0" type="stmt"/>
      <line num="135" count="4" type="stmt"/>
      <line num="136" count="4" type="stmt"/>
      <line num="142" count="4" type="stmt"/>
      <line num="146" count="1" type="stmt"/>
      <line num="163" count="0" type="stmt"/>
      <line num="164" count="0" type="stmt"/>
      <line num="165" count="0" type="stmt"/>
      <line num="173" count="0" type="stmt"/>
      <line num="174" count="0" type="stmt"/>
      <line num="178" count="1" type="stmt"/>
      <line num="182" count="2" type="stmt"/>
      <line num="183" count="1" type="cond" truecount="1" falsecount="1"/>
      <line num="184" count="1" type="stmt"/>
      <line num="185" count="1" type="stmt"/>
      <line num="188" count="1" type="stmt"/>
      <line num="189" count="5" type="stmt"/>
      <line num="192" count="1" type="cond" truecount="0" falsecount="1"/>
      <line num="193" count="0" type="stmt"/>
      <line num="194" count="0" type="stmt"/>
      <line num="195" count="0" type="stmt"/>
    </file>
    <file name="config.ts" path="/home/frankbria/projects/iris/src/config.ts">
      <metrics statements="48" coveredstatements="46" conditionals="20" coveredconditionals="19" methods="6" coveredmethods="6"/>
      <line num="1" count="4" type="stmt"/>
      <line num="2" count="4" type="stmt"/>
      <line num="3" count="4" type="stmt"/>
      <line num="23" count="4" type="stmt"/>
      <line num="39" count="4" type="stmt"/>
      <line num="40" count="10" type="stmt"/>
      <line num="43" count="4" type="stmt"/>
      <line num="44" count="9" type="stmt"/>
      <line num="46" count="9" type="cond" truecount="1" falsecount="0"/>
      <line num="47" count="8" type="stmt"/>
      <line num="50" count="1" type="stmt"/>
      <line num="51" count="1" type="stmt"/>
      <line num="52" count="1" type="stmt"/>
      <line num="54" count="0" type="stmt"/>
      <line num="55" count="0" type="stmt"/>
      <line num="59" count="4" type="stmt"/>
      <line num="60" count="1" type="stmt"/>
      <line num="61" count="1" type="stmt"/>
      <line num="63" count="1" type="cond" truecount="1" falsecount="0"/>
      <line num="64" count="1" type="stmt"/>
      <line num="67" count="1" type="stmt"/>
      <line num="71" count="8" type="stmt"/>
      <line num="74" count="8" type="cond" truecount="2" falsecount="0"/>
      <line num="75" count="1" type="stmt"/>
      <line num="76" count="1" type="stmt"/>
      <line num="77" count="7" type="cond" truecount="2" falsecount="0"/>
      <line num="78" count="1" type="stmt"/>
      <line num="79" count="1" type="stmt"/>
      <line num="80" count="1" type="stmt"/>
      <line num="81" count="6" type="cond" truecount="1" falsecount="0"/>
      <line num="82" count="1" type="stmt"/>
      <line num="83" count="1" type="stmt"/>
      <line num="84" count="1" type="cond" truecount="1" falsecount="1"/>
      <line num="87" count="8" type="stmt"/>
      <line num="91" count="1" type="stmt"/>
      <line num="98" count="4" type="stmt"/>
      <line num="99" count="6" type="stmt"/>
      <line num="101" count="6" type="cond" truecount="3" falsecount="0"/>
      <line num="102" count="2" type="stmt"/>
      <line num="105" count="6" type="cond" truecount="3" falsecount="0"/>
      <line num="106" count="1" type="stmt"/>
      <line num="109" count="6" type="cond" truecount="3" falsecount="0"/>
      <line num="110" count="1" type="stmt"/>
      <line num="113" count="6" type="cond" truecount="1" falsecount="0"/>
      <line num="114" count="1" type="stmt"/>
      <line num="117" count="6" type="cond" truecount="1" falsecount="0"/>
      <line num="118" count="1" type="stmt"/>
      <line num="121" count="6" type="stmt"/>
    </file>
    <file name="db.ts" path="/home/frankbria/projects/iris/src/db.ts">
      <metrics statements="14" coveredstatements="14" conditionals="8" coveredconditionals="6" methods="4" coveredmethods="4"/>
      <line num="1" count="2" type="stmt"/>
      <line num="14" count="2" type="stmt"/>
      <line num="15" count="9" type="stmt"/>
      <line num="18" count="9" type="stmt"/>
      <line num="29" count="9" type="stmt"/>
      <line num="35" count="2" type="stmt"/>
      <line num="36" count="10" type="stmt"/>
      <line num="41" count="10" type="stmt"/>
      <line num="48" count="10" type="stmt"/>
      <line num="54" count="2" type="stmt"/>
      <line num="55" count="3" type="cond" truecount="2" falsecount="0"/>
      <line num="59" count="3" type="stmt"/>
      <line num="60" count="3" type="cond" truecount="2" falsecount="0"/>
      <line num="62" count="5" type="stmt"/>
    </file>
    <file name="executor.ts" path="/home/frankbria/projects/iris/src/executor.ts">
      <metrics statements="63" coveredstatements="61" conditionals="33" coveredconditionals="28" methods="12" coveredmethods="12"/>
      <line num="3" count="2" type="stmt"/>
      <line num="35" count="2" type="stmt"/>
      <line num="37" count="46" type="stmt"/>
      <line num="40" count="46" type="stmt"/>
      <line num="53" count="41" type="stmt"/>
      <line num="54" count="41" type="stmt"/>
      <line num="55" count="40" type="stmt"/>
      <line num="57" count="1" type="cond" truecount="1" falsecount="1"/>
      <line num="65" count="37" type="stmt"/>
      <line num="66" count="37" type="cond" truecount="1" falsecount="0"/>
      <line num="67" count="37" type="stmt"/>
      <line num="70" count="37" type="stmt"/>
      <line num="73" count="36" type="cond" truecount="1" falsecount="0"/>
      <line num="74" count="36" type="stmt"/>
      <line num="77" count="36" type="stmt"/>
      <line num="79" count="1" type="cond" truecount="1" falsecount="1"/>
      <line num="87" count="43" type="cond" truecount="1" falsecount="0"/>
      <line num="88" count="1" type="stmt"/>
      <line num="91" count="42" type="stmt"/>
      <line num="92" count="42" type="stmt"/>
      <line num="95" count="42" type="stmt"/>
      <line num="96" count="56" type="stmt"/>
      <line num="97" count="56" type="stmt"/>
      <line num="99" count="29" type="stmt"/>
      <line num="100" count="29" type="cond" truecount="2" falsecount="0"/>
      <line num="102" count="29" type="stmt"/>
      <line num="109" count="27" type="cond" truecount="1" falsecount="1"/>
      <line num="112" count="27" type="cond" truecount="1" falsecount="0"/>
      <line num="113" count="9" type="stmt"/>
      <line num="117" count="18" type="cond" truecount="1" falsecount="0"/>
      <line num="118" count="14" type="stmt"/>
      <line num="124" count="13" type="stmt"/>
      <line num="125" count="13" type="cond" truecount="2" falsecount="0"/>
      <line num="127" count="13" type="stmt"/>
      <line num="140" count="7" type="stmt"/>
      <line num="142" count="7" type="stmt"/>
      <line num="143" count="16" type="stmt"/>
      <line num="144" count="16" type="stmt"/>
      <line num="147" count="7" type="stmt"/>
      <line num="154" count="41" type="stmt"/>
      <line num="156" count="41" type="stmt"/>
      <line num="157" count="41" type="stmt"/>
      <line num="160" count="41" type="stmt"/>
      <line num="161" count="41" type="stmt"/>
      <line num="164" count="1" type="stmt"/>
      <line num="167" count="41" type="stmt"/>
      <line num="174" count="0" type="stmt"/>
      <line num="184" count="40" type="cond" truecount="1" falsecount="0"/>
      <line num="185" count="37" type="stmt"/>
      <line num="186" count="37" type="stmt"/>
      <line num="190" count="37" type="stmt"/>
      <line num="199" count="56" type="cond" truecount="3" falsecount="1"/>
      <line num="201" count="31" type="stmt"/>
      <line num="202" count="14" type="stmt"/>
      <line num="205" count="10" type="stmt"/>
      <line num="206" count="7" type="stmt"/>
      <line num="209" count="15" type="stmt"/>
      <line num="210" count="8" type="stmt"/>
      <line num="213" count="0" type="stmt"/>
      <line num="221" count="27" type="stmt"/>
      <line num="224" count="27" type="stmt"/>
      <line num="234" count="166" type="stmt"/>
      <line num="241" count="14" type="stmt"/>
    </file>
    <file name="protocol.ts" path="/home/frankbria/projects/iris/src/protocol.ts">
      <metrics statements="96" coveredstatements="89" conditionals="34" coveredconditionals="27" methods="13" coveredmethods="11"/>
      <line num="1" count="1" type="stmt"/>
      <line num="2" count="1" type="stmt"/>
      <line num="3" count="1" type="stmt"/>
      <line num="40" count="1" type="stmt"/>
      <line num="41" count="1" type="stmt"/>
      <line num="42" count="1" type="stmt"/>
      <line num="43" count="1" type="cond" truecount="2" falsecount="0"/>
      <line num="46" count="1" type="stmt"/>
      <line num="47" count="0" type="stmt"/>
      <line num="48" count="0" type="stmt"/>
      <line num="49" count="0" type="cond" truecount="0" falsecount="1"/>
      <line num="50" count="0" type="stmt"/>
      <line num="55" count="1" type="stmt"/>
      <line num="56" count="11" type="stmt"/>
      <line num="58" count="21" type="stmt"/>
      <line num="59" count="21" type="stmt"/>
      <line num="61" count="1" type="stmt"/>
      <line num="64" count="20" type="stmt"/>
      <line num="66" count="20" type="stmt"/>
      <line num="67" count="20" type="cond" truecount="8" falsecount="0"/>
      <line num="69" count="1" type="stmt"/>
      <line num="70" count="1" type="stmt"/>
      <line num="71" count="1" type="stmt"/>
      <line num="75" count="3" type="cond" truecount="2" falsecount="0"/>
      <line num="76" count="3" type="stmt"/>
      <line num="77" count="3" type="stmt"/>
      <line num="78" count="3" type="stmt"/>
      <line num="83" count="3" type="stmt"/>
      <line num="87" count="4" type="stmt"/>
      <line num="88" count="4" type="cond" truecount="1" falsecount="0"/>
      <line num="89" count="1" type="stmt"/>
      <line num="91" count="3" type="stmt"/>
      <line num="92" count="3" type="stmt"/>
      <line num="93" count="3" type="stmt"/>
      <line num="97" count="4" type="stmt"/>
      <line num="98" count="4" type="stmt"/>
      <line num="99" count="4" type="stmt"/>
      <line num="103" count="4" type="stmt"/>
      <line num="104" count="4" type="stmt"/>
      <line num="106" count="4" type="cond" truecount="1" falsecount="0"/>
      <line num="107" count="1" type="stmt"/>
      <line num="110" count="3" type="stmt"/>
      <line num="111" count="3" type="stmt"/>
      <line num="112" count="3" type="stmt"/>
      <line num="116" count="2" type="stmt"/>
      <line num="117" count="2" type="stmt"/>
      <line num="121" count="1" type="stmt"/>
      <line num="122" count="1" type="stmt"/>
      <line num="126" count="1" type="stmt"/>
      <line num="129" count="3" type="stmt"/>
      <line num="136" count="20" type="stmt"/>
      <line num="139" count="11" type="stmt"/>
      <line num="140" count="10" type="stmt"/>
      <line num="143" count="11" type="stmt"/>
      <line num="144" count="0" type="stmt"/>
      <line num="148" count="1" type="stmt"/>
      <line num="149" count="1" type="stmt"/>
      <line num="151" count="1" type="stmt"/>
      <line num="152" count="0" type="stmt"/>
      <line num="156" count="1" type="stmt"/>
      <line num="163" count="3" type="stmt"/>
      <line num="165" count="3" type="stmt"/>
      <line num="172" count="3" type="stmt"/>
      <line num="189" count="3" type="stmt"/>
      <line num="190" count="3" type="stmt"/>
      <line num="193" count="3" type="cond" truecount="1" falsecount="0"/>
      <line num="194" count="3" type="stmt"/>
      <line num="197" count="3" type="stmt"/>
      <line num="198" count="3" type="stmt"/>
      <line num="201" count="3" type="cond" truecount="2" falsecount="0"/>
      <line num="202" count="1" type="cond" truecount="1" falsecount="1"/>
      <line num="203" count="1" type="stmt"/>
      <line num="204" count="1" type="stmt"/>
      <line num="205" count="2" type="cond" truecount="2" falsecount="0"/>
      <line num="207" count="1" type="stmt"/>
      <line num="209" count="1" type="stmt"/>
      <line num="212" count="2" type="cond" truecount="0" falsecount="1"/>
      <line num="213" count="0" type="stmt"/>
      <line num="222" count="2" type="stmt"/>
      <line num="224" count="3" type="stmt"/>
      <line num="226" count="2" type="stmt"/>
      <line num="234" count="1" type="stmt"/>
      <line num="246" count="4" type="cond" truecount="1" falsecount="0"/>
      <line num="247" count="2" type="stmt"/>
      <line num="254" count="2" type="stmt"/>
      <line num="261" count="2" type="cond" truecount="1" falsecount="0"/>
      <line num="262" count="1" type="stmt"/>
      <line num="263" count="1" type="stmt"/>
      <line num="264" count="1" type="stmt"/>
      <line num="273" count="2" type="stmt"/>
      <line num="280" count="13" type="stmt"/>
      <line num="281" count="13" type="cond" truecount="1" falsecount="0"/>
      <line num="282" count="3" type="stmt"/>
      <line num="283" count="3" type="stmt"/>
      <line num="287" count="3" type="stmt"/>
      <line num="295" count="3" type="stmt"/>
    </file>
    <file name="translator.ts" path="/home/frankbria/projects/iris/src/translator.ts">
      <metrics statements="44" coveredstatements="44" conditionals="11" coveredconditionals="10" methods="4" coveredmethods="4"/>
      <line num="1" count="3" type="stmt"/>
      <line num="2" count="3" type="stmt"/>
      <line num="20" count="3" type="stmt"/>
      <line num="22" count="19" type="stmt"/>
      <line num="23" count="19" type="cond" truecount="1" falsecount="0"/>
      <line num="24" count="13" type="stmt"/>
      <line num="28" count="6" type="stmt"/>
      <line num="35" count="3" type="stmt"/>
      <line num="36" count="5" type="stmt"/>
      <line num="40" count="24" type="stmt"/>
      <line num="43" count="24" type="stmt"/>
      <line num="50" count="24" type="stmt"/>
      <line num="51" count="77" type="stmt"/>
      <line num="52" count="77" type="cond" truecount="1" falsecount="0"/>
      <line num="53" count="8" type="stmt"/>
      <line num="63" count="16" type="stmt"/>
      <line num="67" count="16" type="stmt"/>
      <line num="68" count="16" type="stmt"/>
      <line num="69" count="16" type="cond" truecount="1" falsecount="0"/>
      <line num="70" count="1" type="stmt"/>
      <line num="80" count="15" type="stmt"/>
      <line num="86" count="15" type="stmt"/>
      <line num="87" count="42" type="stmt"/>
      <line num="88" count="42" type="cond" truecount="1" falsecount="0"/>
      <line num="89" count="3" type="stmt"/>
      <line num="99" count="12" type="stmt"/>
      <line num="106" count="12" type="stmt"/>
      <line num="107" count="39" type="stmt"/>
      <line num="108" count="39" type="cond" truecount="1" falsecount="0"/>
      <line num="109" count="5" type="stmt"/>
      <line num="118" count="7" type="stmt"/>
      <line num="127" count="6" type="stmt"/>
      <line num="128" count="6" type="stmt"/>
      <line num="129" count="6" type="stmt"/>
      <line num="131" count="6" type="cond" truecount="1" falsecount="0"/>
      <line num="132" count="2" type="stmt"/>
      <line num="140" count="4" type="stmt"/>
      <line num="141" count="4" type="stmt"/>
      <line num="143" count="4" type="cond" truecount="1" falsecount="0"/>
      <line num="144" count="1" type="stmt"/>
      <line num="152" count="3" type="stmt"/>
      <line num="157" count="3" type="stmt"/>
      <line num="159" count="2" type="stmt"/>
      <line num="166" count="1" type="stmt"/>
    </file>
    <file name="watcher.ts" path="/home/frankbria/projects/iris/src/watcher.ts">
      <metrics statements="182" coveredstatements="71" conditionals="85" coveredconditionals="34" methods="25" coveredmethods="11"/>
      <line num="1" count="2" type="stmt"/>
      <line num="2" count="2" type="stmt"/>
      <line num="3" count="2" type="stmt"/>
      <line num="4" count="2" type="stmt"/>
      <line num="5" count="2" type="stmt"/>
      <line num="7" count="2" type="stmt"/>
      <line num="8" count="2" type="stmt"/>
      <line num="31" count="2" type="stmt"/>
      <line num="35" count="19" type="stmt"/>
      <line num="38" count="19" type="stmt"/>
      <line num="41" count="19" type="stmt"/>
      <line num="42" count="19" type="stmt"/>
      <line num="58" count="6" type="cond" truecount="1" falsecount="0"/>
      <line num="59" count="1" type="stmt"/>
      <line num="60" count="1" type="stmt"/>
      <line num="63" count="5" type="stmt"/>
      <line num="64" count="5" type="stmt"/>
      <line num="65" count="5" type="stmt"/>
      <line num="66" count="5" type="stmt"/>
      <line num="67" count="5" type="stmt"/>
      <line num="68" count="5" type="cond" truecount="1" falsecount="1"/>
      <line num="70" count="5" type="cond" truecount="0" falsecount="1"/>
      <line num="71" count="0" type="cond" truecount="0" falsecount="2"/>
      <line num="72" count="0" type="stmt"/>
      <line num="73" count="0" type="stmt"/>
      <line num="74" count="0" type="stmt"/>
      <line num="76" count="0" type="stmt"/>
      <line num="77" count="0" type="stmt"/>
      <line num="81" count="5" type="stmt"/>
      <line num="90" count="5" type="stmt"/>
      <line num="91" count="0" type="stmt"/>
      <line num="92" count="4" type="stmt"/>
      <line num="93" count="0" type="stmt"/>
      <line num="94" count="0" type="stmt"/>
      <line num="96" count="5" type="stmt"/>
      <line num="97" count="5" type="stmt"/>
      <line num="102" count="2" type="cond" truecount="1" falsecount="0"/>
      <line num="103" count="1" type="stmt"/>
      <line num="106" count="1" type="stmt"/>
      <line num="108" count="1" type="cond" truecount="0" falsecount="1"/>
      <line num="109" count="0" type="stmt"/>
      <line num="110" count="0" type="stmt"/>
      <line num="113" count="1" type="cond" truecount="1" falsecount="0"/>
      <line num="114" count="1" type="stmt"/>
      <line num="115" count="1" type="stmt"/>
      <line num="119" count="1" type="stmt"/>
      <line num="121" count="1" type="stmt"/>
      <line num="122" count="1" type="stmt"/>
      <line num="126" count="4" type="stmt"/>
      <line num="133" count="4" type="cond" truecount="1" falsecount="0"/>
      <line num="134" count="2" type="stmt"/>
      <line num="138" count="4" type="stmt"/>
      <line num="139" count="2" type="stmt"/>
      <line num="144" count="2" type="stmt"/>
      <line num="145" count="2" type="stmt"/>
      <line num="146" count="2" type="stmt"/>
      <line num="148" count="2" type="stmt"/>
      <line num="149" count="2" type="stmt"/>
      <line num="150" count="2" type="stmt"/>
      <line num="152" count="2" type="stmt"/>
      <line num="156" count="2" type="stmt"/>
      <line num="157" count="2" type="stmt"/>
      <line num="158" count="2" type="stmt"/>
      <line num="159" count="2" type="cond" truecount="1" falsecount="0"/>
      <line num="160" count="2" type="stmt"/>
      <line num="163" count="2" type="cond" truecount="0" falsecount="1"/>
      <line num="164" count="0" type="stmt"/>
      <line num="165" count="0" type="stmt"/>
      <line num="166" count="0" type="stmt"/>
      <line num="170" count="2" type="cond" truecount="1" falsecount="1"/>
      <line num="171" count="0" type="stmt"/>
      <line num="173" count="0" type="stmt"/>
      <line num="175" count="0" type="cond" truecount="0" falsecount="1"/>
      <line num="176" count="0" type="stmt"/>
      <line num="179" count="0" type="cond" truecount="0" falsecount="3"/>
      <line num="180" count="0" type="stmt"/>
      <line num="184" count="0" type="stmt"/>
      <line num="185" count="0" type="stmt"/>
      <line num="186" count="0" type="cond" truecount="0" falsecount="4"/>
      <line num="188" count="0" type="stmt"/>
      <line num="189" count="0" type="stmt"/>
      <line num="191" count="0" type="cond" truecount="0" falsecount="2"/>
      <line num="192" count="0" type="stmt"/>
      <line num="193" count="0" type="cond" truecount="0" falsecount="1"/>
      <line num="194" count="0" type="stmt"/>
      <line num="197" count="0" type="stmt"/>
      <line num="198" count="0" type="stmt"/>
      <line num="204" count="0" type="stmt"/>
      <line num="205" count="0" type="stmt"/>
      <line num="207" count="0" type="cond" truecount="0" falsecount="2"/>
      <line num="208" count="0" type="stmt"/>
      <line num="210" count="0" type="stmt"/>
      <line num="211" count="0" type="stmt"/>
      <line num="215" count="0" type="stmt"/>
      <line num="216" count="0" type="cond" truecount="0" falsecount="2"/>
      <line num="219" count="0" type="stmt"/>
      <line num="222" count="2" type="stmt"/>
      <line num="226" count="0" type="stmt"/>
      <line num="227" count="0" type="stmt"/>
      <line num="229" count="2" type="stmt"/>
      <line num="232" count="2" type="stmt"/>
      <line num="233" count="2" type="cond" truecount="2" falsecount="0"/>
      <line num="234" count="2" type="stmt"/>
      <line num="237" count="2" type="stmt"/>
      <line num="238" count="2" type="cond" truecount="1" falsecount="2"/>
      <line num="239" count="0" type="stmt"/>
      <line num="240" count="0" type="stmt"/>
      <line num="243" count="2" type="stmt"/>
      <line num="249" count="2" type="stmt"/>
      <line num="251" count="0" type="stmt"/>
      <line num="260" count="0" type="cond" truecount="0" falsecount="1"/>
      <line num="261" count="0" type="stmt"/>
      <line num="264" count="0" type="stmt"/>
      <line num="265" count="0" type="stmt"/>
      <line num="267" count="0" type="stmt"/>
      <line num="278" count="0" type="stmt"/>
      <line num="279" count="0" type="stmt"/>
      <line num="280" count="0" type="stmt"/>
      <line num="281" count="0" type="stmt"/>
      <line num="283" count="0" type="stmt"/>
      <line num="285" count="0" type="stmt"/>
      <line num="286" count="0" type="cond" truecount="0" falsecount="2"/>
      <line num="294" count="1" type="cond" truecount="1" falsecount="0"/>
      <line num="295" count="1" type="stmt"/>
      <line num="298" count="0" type="stmt"/>
      <line num="300" count="0" type="stmt"/>
      <line num="301" count="0" type="cond" truecount="0" falsecount="1"/>
      <line num="302" count="0" type="stmt"/>
      <line num="303" count="0" type="stmt"/>
      <line num="305" count="0" type="stmt"/>
      <line num="306" count="0" type="stmt"/>
      <line num="307" count="0" type="stmt"/>
      <line num="309" count="0" type="cond" truecount="0" falsecount="2"/>
      <line num="311" count="0" type="stmt"/>
      <line num="312" count="0" type="stmt"/>
      <line num="313" count="0" type="stmt"/>
      <line num="321" count="0" type="cond" truecount="0" falsecount="1"/>
      <line num="322" count="0" type="stmt"/>
      <line num="325" count="0" type="stmt"/>
      <line num="327" count="0" type="stmt"/>
      <line num="329" count="0" type="stmt"/>
      <line num="332" count="0" type="stmt"/>
      <line num="335" count="0" type="stmt"/>
      <line num="336" count="0" type="stmt"/>
      <line num="338" count="0" type="cond" truecount="0" falsecount="2"/>
      <line num="339" count="0" type="stmt"/>
      <line num="344" count="15" type="stmt"/>
      <line num="352" count="2" type="cond" truecount="0" falsecount="1"/>
      <line num="353" count="2" type="stmt"/>
      <line num="365" count="2" type="stmt"/>
      <line num="370" count="0" type="stmt"/>
      <line num="372" count="0" type="cond" truecount="0" falsecount="1"/>
      <line num="374" count="0" type="cond" truecount="0" falsecount="3"/>
      <line num="375" count="0" type="stmt"/>
      <line num="379" count="0" type="cond" truecount="0" falsecount="4"/>
      <line num="381" count="0" type="stmt"/>
      <line num="384" count="0" type="stmt"/>
      <line num="385" count="0" type="cond" truecount="0" falsecount="2"/>
      <line num="386" count="0" type="stmt"/>
      <line num="389" count="0" type="stmt"/>
      <line num="394" count="0" type="cond" truecount="0" falsecount="1"/>
      <line num="395" count="0" type="stmt"/>
      <line num="399" count="0" type="cond" truecount="0" falsecount="1"/>
      <line num="400" count="0" type="cond" truecount="0" falsecount="1"/>
      <line num="401" count="0" type="stmt"/>
      <line num="403" count="0" type="cond" truecount="0" falsecount="1"/>
      <line num="404" count="0" type="stmt"/>
      <line num="406" count="0" type="cond" truecount="0" falsecount="1"/>
      <line num="407" count="0" type="stmt"/>
      <line num="409" count="0" type="cond" truecount="0" falsecount="1"/>
      <line num="410" count="0" type="stmt"/>
      <line num="412" count="0" type="cond" truecount="0" falsecount="1"/>
      <line num="413" count="0" type="stmt"/>
      <line num="417" count="0" type="stmt"/>
      <line num="420" count="0" type="stmt"/>
      <line num="421" count="0" type="stmt"/>
      <line num="422" count="0" type="stmt"/>
      <line num="423" count="0" type="stmt"/>
      <line num="426" count="0" type="stmt"/>
      <line num="427" count="0" type="stmt"/>
      <line num="429" count="0" type="stmt"/>
      <line num="432" count="0" type="stmt"/>
    </file>
  </project>
</coverage>
