{"/home/frankbria/projects/iris/src/browser.ts": {"path":"/home/frankbria/projects/iris/src/browser.ts","statementMap":{"0":{"start":{"line":6,"column":0},"end":{"line":6,"column":7}},"1":{"start":{"line":13,"column":0},"end":{"line":13,"column":7}},"2":{"start":{"line":20,"column":0},"end":{"line":20,"column":7}},"3":{"start":{"line":27,"column":0},"end":{"line":27,"column":7}},"4":{"start":{"line":34,"column":0},"end":{"line":34,"column":7}},"5":{"start":{"line":41,"column":0},"end":{"line":41,"column":7}},"6":{"start":{"line":48,"column":0},"end":{"line":48,"column":7}},"7":{"start":{"line":1,"column":0},"end":{"line":1,"column":53}},"8":{"start":{"line":7,"column":2},"end":{"line":7,"column":33}},"9":{"start":{"line":14,"column":2},"end":{"line":14,"column":33}},"10":{"start":{"line":21,"column":2},"end":{"line":21,"column":24}},"11":{"start":{"line":28,"column":2},"end":{"line":28,"column":23}},"12":{"start":{"line":35,"column":2},"end":{"line":35,"column":29}},"13":{"start":{"line":42,"column":2},"end":{"line":42,"column":34}},"14":{"start":{"line":49,"column":2},"end":{"line":49,"column":33}}},"fnMap":{"0":{"name":"launchBrowser","decl":{"start":{"line":6,"column":22},"end":{"line":6,"column":35}},"loc":{"start":{"line":6,"column":35},"end":{"line":8,"column":1}}},"1":{"name":"newPage","decl":{"start":{"line":13,"column":22},"end":{"line":13,"column":29}},"loc":{"start":{"line":13,"column":46},"end":{"line":15,"column":1}}},"2":{"name":"closeBrowser","decl":{"start":{"line":20,"column":22},"end":{"line":20,"column":34}},"loc":{"start":{"line":20,"column":51},"end":{"line":22,"column":1}}},"3":{"name":"navigate","decl":{"start":{"line":27,"column":22},"end":{"line":27,"column":30}},"loc":{"start":{"line":27,"column":54},"end":{"line":29,"column":1}}},"4":{"name":"click","decl":{"start":{"line":34,"column":22},"end":{"line":34,"column":27}},"loc":{"start":{"line":34,"column":56},"end":{"line":36,"column":1}}},"5":{"name":"typeText","decl":{"start":{"line":41,"column":22},"end":{"line":41,"column":30}},"loc":{"start":{"line":41,"column":73},"end":{"line":43,"column":1}}},"6":{"name":"takeScreenshot","decl":{"start":{"line":48,"column":22},"end":{"line":48,"column":36}},"loc":{"start":{"line":48,"column":47},"end":{"line":50,"column":1}}}},"branchMap":{},"s":{"0":1,"1":1,"2":1,"3":1,"4":1,"5":1,"6":1,"7":1,"8":1,"9":1,"10":1,"11":4,"12":1,"13":1,"14":1},"f":{"0":1,"1":1,"2":1,"3":4,"4":1,"5":1,"6":1},"b":{}}
,"/home/frankbria/projects/iris/src/cli.ts": {"path":"/home/frankbria/projects/iris/src/cli.ts","statementMap":{"0":{"start":{"line":68,"column":0},"end":{"line":68,"column":7}},"1":{"start":{"line":2,"column":0},"end":{"line":2,"column":36}},"2":{"start":{"line":3,"column":0},"end":{"line":3,"column":29}},"3":{"start":{"line":4,"column":0},"end":{"line":4,"column":25}},"4":{"start":{"line":6,"column":16},"end":{"line":6,"column":29}},"5":{"start":{"line":7,"column":0},"end":{"line":10,"column":20}},"6":{"start":{"line":12,"column":0},"end":{"line":49,"column":5}},"7":{"start":{"line":16,"column":22},"end":{"line":16,"column":32}},"8":{"start":{"line":17,"column":38},"end":{"line":17,"column":47}},"9":{"start":{"line":19,"column":4},"end":{"line":48,"column":5}},"10":{"start":{"line":20,"column":28},"end":{"line":20,"column":56}},"11":{"start":{"line":21,"column":22},"end":{"line":21,"column":44}},"12":{"start":{"line":22,"column":6},"end":{"line":22,"column":43}},"13":{"start":{"line":24,"column":6},"end":{"line":24,"column":23}},"14":{"start":{"line":25,"column":6},"end":{"line":25,"column":59}},"15":{"start":{"line":27,"column":22},"end":{"line":27,"column":32}},"16":{"start":{"line":30,"column":52},"end":{"line":30,"column":72}},"17":{"start":{"line":31,"column":21},"end":{"line":31,"column":92}},"18":{"start":{"line":34,"column":20},"end":{"line":34,"column":40}},"19":{"start":{"line":35,"column":17},"end":{"line":35,"column":35}},"20":{"start":{"line":36,"column":6},"end":{"line":38,"column":7}},"21":{"start":{"line":37,"column":8},"end":{"line":37,"column":49}},"22":{"start":{"line":40,"column":17},"end":{"line":40,"column":43}},"23":{"start":{"line":41,"column":6},"end":{"line":46,"column":9}},"24":{"start":{"line":47,"column":6},"end":{"line":47,"column":17}},"25":{"start":{"line":51,"column":0},"end":{"line":56,"column":5}},"26":{"start":{"line":55,"column":4},"end":{"line":55,"column":52}},"27":{"start":{"line":58,"column":0},"end":{"line":66,"column":5}},"28":{"start":{"line":62,"column":28},"end":{"line":62,"column":54}},"29":{"start":{"line":63,"column":14},"end":{"line":63,"column":40}},"30":{"start":{"line":64,"column":4},"end":{"line":64,"column":19}},"31":{"start":{"line":65,"column":4},"end":{"line":65,"column":68}},"32":{"start":{"line":69,"column":2},"end":{"line":69,"column":51}},"33":{"start":{"line":72,"column":0},"end":{"line":77,"column":1}},"34":{"start":{"line":73,"column":2},"end":{"line":76,"column":5}},"35":{"start":{"line":74,"column":4},"end":{"line":74,"column":23}},"36":{"start":{"line":75,"column":4},"end":{"line":75,"column":20}}},"fnMap":{"0":{"name":"(anonymous_9)","decl":{"start":{"line":15,"column":10},"end":{"line":15,"column":15}},"loc":{"start":{"line":15,"column":40},"end":{"line":49,"column":3}}},"1":{"name":"(anonymous_10)","decl":{"start":{"line":20,"column":28},"end":{"line":20,"column":41}},"loc":{"start":{"line":20,"column":28},"end":{"line":20,"column":56}}},"2":{"name":"(anonymous_11)","decl":{"start":{"line":30,"column":52},"end":{"line":30,"column":65}},"loc":{"start":{"line":30,"column":52},"end":{"line":30,"column":72}}},"3":{"name":"(anonymous_12)","decl":{"start":{"line":35,"column":17},"end":{"line":35,"column":30}},"loc":{"start":{"line":35,"column":17},"end":{"line":35,"column":35}}},"4":{"name":"(anonymous_13)","decl":{"start":{"line":54,"column":10},"end":{"line":54,"column":11}},"loc":{"start":{"line":54,"column":41},"end":{"line":56,"column":3}}},"5":{"name":"(anonymous_14)","decl":{"start":{"line":61,"column":10},"end":{"line":61,"column":15}},"loc":{"start":{"line":61,"column":45},"end":{"line":66,"column":3}}},"6":{"name":"(anonymous_15)","decl":{"start":{"line":62,"column":28},"end":{"line":62,"column":41}},"loc":{"start":{"line":62,"column":28},"end":{"line":62,"column":54}}},"7":{"name":"runCli","decl":{"start":{"line":68,"column":22},"end":{"line":68,"column":28}},"loc":{"start":{"line":68,"column":43},"end":{"line":70,"column":1}}},"8":{"name":"(anonymous_17)","decl":{"start":{"line":73,"column":29},"end":{"line":73,"column":32}},"loc":{"start":{"line":73,"column":35},"end":{"line":76,"column":3}}}},"branchMap":{"0":{"loc":{"start":{"line":31,"column":21},"end":{"line":31,"column":92}},"type":"binary-expr","locations":[{"start":{"line":31,"column":21},"end":{"line":31,"column":45}},{"start":{"line":31,"column":49},"end":{"line":31,"column":92}}]},"1":{"loc":{"start":{"line":36,"column":6},"end":{"line":38,"column":7}},"type":"if","locations":[{"start":{"line":36,"column":6},"end":{"line":38,"column":7}}]},"2":{"loc":{"start":{"line":55,"column":29},"end":{"line":55,"column":48}},"type":"binary-expr","locations":[{"start":{"line":55,"column":29},"end":{"line":55,"column":35}},{"start":{"line":55,"column":39},"end":{"line":55,"column":48}}]},"3":{"loc":{"start":{"line":63,"column":14},"end":{"line":63,"column":40}},"type":"cond-expr","locations":[{"start":{"line":63,"column":21},"end":{"line":63,"column":33}},{"start":{"line":63,"column":36},"end":{"line":63,"column":40}}]},"4":{"loc":{"start":{"line":72,"column":0},"end":{"line":77,"column":1}},"type":"if","locations":[{"start":{"line":72,"column":0},"end":{"line":77,"column":1}}]}},"s":{"0":1,"1":1,"2":1,"3":1,"4":1,"5":1,"6":1,"7":2,"8":2,"9":2,"10":4,"11":2,"12":2,"13":0,"14":0,"15":2,"16":4,"17":2,"18":2,"19":4,"20":2,"21":0,"22":2,"23":2,"24":2,"25":1,"26":2,"27":1,"28":2,"29":1,"30":1,"31":1,"32":5,"33":1,"34":0,"35":0,"36":0},"f":{"0":2,"1":2,"2":2,"3":2,"4":2,"5":1,"6":1,"7":5,"8":0},"b":{"0":[2,1],"1":[0],"2":[2,1],"3":[0,1],"4":[0]}}
,"/home/frankbria/projects/iris/src/db.ts": {"path":"/home/frankbria/projects/iris/src/db.ts","statementMap":{"0":{"start":{"line":14,"column":0},"end":{"line":14,"column":16}},"1":{"start":{"line":35,"column":0},"end":{"line":35,"column":16}},"2":{"start":{"line":54,"column":0},"end":{"line":54,"column":16}},"3":{"start":{"line":1,"column":0},"end":{"line":1,"column":38}},"4":{"start":{"line":15,"column":13},"end":{"line":15,"column":33}},"5":{"start":{"line":18,"column":2},"end":{"line":27,"column":5}},"6":{"start":{"line":29,"column":2},"end":{"line":29,"column":12}},"7":{"start":{"line":36,"column":15},"end":{"line":39,"column":4}},"8":{"start":{"line":41,"column":17},"end":{"line":45,"column":null}},"9":{"start":{"line":48,"column":2},"end":{"line":48,"column":42}},"10":{"start":{"line":55,"column":16},"end":{"line":57,"column":59}},"11":{"start":{"line":59,"column":15},"end":{"line":59,"column":32}},"12":{"start":{"line":60,"column":15},"end":{"line":60,"column":51}},"13":{"start":{"line":62,"column":2},"end":{"line":68,"column":6}},"14":{"start":{"line":62,"column":33},"end":{"line":68,"column":4}}},"fnMap":{"0":{"name":"initializeDatabase","decl":{"start":{"line":14,"column":16},"end":{"line":14,"column":34}},"loc":{"start":{"line":14,"column":49},"end":{"line":30,"column":1}}},"1":{"name":"insertTestRun","decl":{"start":{"line":35,"column":16},"end":{"line":35,"column":29}},"loc":{"start":{"line":35,"column":69},"end":{"line":49,"column":1}}},"2":{"name":"getTestRuns","decl":{"start":{"line":54,"column":16},"end":{"line":54,"column":27}},"loc":{"start":{"line":54,"column":65},"end":{"line":69,"column":1}}},"3":{"name":"(anonymous_4)","decl":{"start":{"line":62,"column":18},"end":{"line":62,"column":19}},"loc":{"start":{"line":62,"column":33},"end":{"line":68,"column":4}}}},"branchMap":{"0":{"loc":{"start":{"line":45,"column":4},"end":{"line":45,"column":42}},"type":"binary-expr","locations":[{"start":{"line":45,"column":4},"end":{"line":45,"column":34}},{"start":{"line":45,"column":38},"end":{"line":45,"column":42}}]},"1":{"loc":{"start":{"line":55,"column":16},"end":{"line":57,"column":59}},"type":"cond-expr","locations":[{"start":{"line":56,"column":6},"end":{"line":56,"column":67}},{"start":{"line":57,"column":6},"end":{"line":57,"column":59}}]},"2":{"loc":{"start":{"line":60,"column":15},"end":{"line":60,"column":51}},"type":"cond-expr","locations":[{"start":{"line":60,"column":23},"end":{"line":60,"column":38}},{"start":{"line":60,"column":41},"end":{"line":60,"column":51}}]},"3":{"loc":{"start":{"line":67,"column":13},"end":{"line":67,"column":62}},"type":"cond-expr","locations":[{"start":{"line":67,"column":28},"end":{"line":67,"column":50}},{"start":{"line":67,"column":53},"end":{"line":67,"column":62}}]}},"s":{"0":2,"1":2,"2":2,"3":2,"4":7,"5":7,"6":7,"7":8,"8":8,"9":8,"10":3,"11":3,"12":3,"13":3,"14":5},"f":{"0":7,"1":8,"2":3,"3":5},"b":{"0":[8,0],"1":[1,2],"2":[1,2],"3":[5,0]}}
,"/home/frankbria/projects/iris/src/protocol.ts": {"path":"/home/frankbria/projects/iris/src/protocol.ts","statementMap":{"0":{"start":{"line":21,"column":0},"end":{"line":21,"column":16}},"1":{"start":{"line":1,"column":0},"end":{"line":1,"column":48}},"2":{"start":{"line":2,"column":0},"end":{"line":2,"column":41}},"3":{"start":{"line":22,"column":14},"end":{"line":22,"column":43}},"4":{"start":{"line":23,"column":2},"end":{"line":55,"column":5}},"5":{"start":{"line":24,"column":4},"end":{"line":54,"column":7}},"6":{"start":{"line":26,"column":6},"end":{"line":30,"column":7}},"7":{"start":{"line":27,"column":8},"end":{"line":27,"column":42}},"8":{"start":{"line":29,"column":8},"end":{"line":29,"column":15}},"9":{"start":{"line":31,"column":35},"end":{"line":31,"column":65}},"10":{"start":{"line":32,"column":6},"end":{"line":52,"column":7}},"11":{"start":{"line":33,"column":8},"end":{"line":49,"column":9}},"12":{"start":{"line":35,"column":36},"end":{"line":35,"column":46}},"13":{"start":{"line":36,"column":12},"end":{"line":36,"column":48}},"14":{"start":{"line":37,"column":12},"end":{"line":37,"column":18}},"15":{"start":{"line":40,"column":12},"end":{"line":40,"column":45}},"16":{"start":{"line":41,"column":12},"end":{"line":41,"column":18}},"17":{"start":{"line":44,"column":12},"end":{"line":44,"column":42}},"18":{"start":{"line":45,"column":12},"end":{"line":45,"column":18}},"19":{"start":{"line":48,"column":12},"end":{"line":48,"column":64}},"20":{"start":{"line":51,"column":8},"end":{"line":51,"column":89}},"21":{"start":{"line":53,"column":6},"end":{"line":53,"column":35}},"22":{"start":{"line":56,"column":2},"end":{"line":56,"column":13}}},"fnMap":{"0":{"name":"startServer","decl":{"start":{"line":21,"column":16},"end":{"line":21,"column":27}},"loc":{"start":{"line":21,"column":40},"end":{"line":57,"column":1}}},"1":{"name":"(anonymous_1)","decl":{"start":{"line":23,"column":23},"end":{"line":23,"column":24}},"loc":{"start":{"line":23,"column":30},"end":{"line":55,"column":3}}},"2":{"name":"(anonymous_2)","decl":{"start":{"line":24,"column":21},"end":{"line":24,"column":26}},"loc":{"start":{"line":24,"column":36},"end":{"line":54,"column":5}}}},"branchMap":{"0":{"loc":{"start":{"line":33,"column":8},"end":{"line":49,"column":9}},"type":"switch","locations":[{"start":{"line":34,"column":10},"end":{"line":38,"column":11}},{"start":{"line":39,"column":10},"end":{"line":42,"column":11}},{"start":{"line":43,"column":10},"end":{"line":46,"column":11}},{"start":{"line":47,"column":10},"end":{"line":48,"column":64}}]},"1":{"loc":{"start":{"line":51,"column":28},"end":{"line":51,"column":46}},"type":"binary-expr","locations":[{"start":{"line":51,"column":28},"end":{"line":51,"column":36}},{"start":{"line":51,"column":40},"end":{"line":51,"column":46}}]},"2":{"loc":{"start":{"line":51,"column":57},"end":{"line":51,"column":86}},"type":"binary-expr","locations":[{"start":{"line":51,"column":57},"end":{"line":51,"column":68}},{"start":{"line":51,"column":72},"end":{"line":51,"column":86}}]}},"s":{"0":1,"1":1,"2":1,"3":1,"4":1,"5":4,"6":4,"7":4,"8":0,"9":4,"10":4,"11":4,"12":1,"13":1,"14":1,"15":1,"16":1,"17":1,"18":1,"19":1,"20":1,"21":4,"22":1},"f":{"0":1,"1":4,"2":4},"b":{"0":[1,1,1,1],"1":[1,0],"2":[1,0]}}
,"/home/frankbria/projects/iris/src/translator.ts": {"path":"/home/frankbria/projects/iris/src/translator.ts","statementMap":{"0":{"start":{"line":10,"column":0},"end":{"line":10,"column":16}},"1":{"start":{"line":11,"column":18},"end":{"line":11,"column":36}},"2":{"start":{"line":12,"column":21},"end":{"line":12,"column":50}},"3":{"start":{"line":13,"column":2},"end":{"line":15,"column":3}},"4":{"start":{"line":14,"column":4},"end":{"line":14,"column":56}},"5":{"start":{"line":16,"column":20},"end":{"line":16,"column":58}},"6":{"start":{"line":17,"column":2},"end":{"line":19,"column":3}},"7":{"start":{"line":18,"column":4},"end":{"line":18,"column":74}},"8":{"start":{"line":20,"column":19},"end":{"line":20,"column":54}},"9":{"start":{"line":21,"column":2},"end":{"line":23,"column":3}},"10":{"start":{"line":22,"column":4},"end":{"line":22,"column":52}},"11":{"start":{"line":25,"column":2},"end":{"line":25,"column":12}}},"fnMap":{"0":{"name":"translate","decl":{"start":{"line":10,"column":16},"end":{"line":10,"column":25}},"loc":{"start":{"line":10,"column":45},"end":{"line":26,"column":1}}}},"branchMap":{"0":{"loc":{"start":{"line":13,"column":2},"end":{"line":15,"column":3}},"type":"if","locations":[{"start":{"line":13,"column":2},"end":{"line":15,"column":3}}]},"1":{"loc":{"start":{"line":17,"column":2},"end":{"line":19,"column":3}},"type":"if","locations":[{"start":{"line":17,"column":2},"end":{"line":19,"column":3}}]},"2":{"loc":{"start":{"line":21,"column":2},"end":{"line":23,"column":3}},"type":"if","locations":[{"start":{"line":21,"column":2},"end":{"line":23,"column":3}}]}},"s":{"0":3,"1":7,"2":7,"3":7,"4":4,"5":3,"6":3,"7":1,"8":2,"9":2,"10":1,"11":1},"f":{"0":7},"b":{"0":[4],"1":[1],"2":[1]}}
}
