{"/home/frankbria/projects/iris/src/ai-client.ts": {"path":"/home/frankbria/projects/iris/src/ai-client.ts","statementMap":{"0":{"start":{"line":186,"column":0},"end":{"line":186,"column":16}},"1":{"start":{"line":28,"column":4},"end":{"line":28,"column":25}},"2":{"start":{"line":32,"column":4},"end":{"line":34,"column":5}},"3":{"start":{"line":33,"column":6},"end":{"line":33,"column":55}},"4":{"start":{"line":36,"column":23},"end":{"line":36,"column":45}},"5":{"start":{"line":37,"column":19},"end":{"line":37,"column":61}},"6":{"start":{"line":39,"column":25},"end":{"line":57,"column":3}},"7":{"start":{"line":59,"column":23},"end":{"line":64,"column":84}},"8":{"start":{"line":66,"column":4},"end":{"line":95,"column":5}},"9":{"start":{"line":67,"column":23},"end":{"line":75,"column":8}},"10":{"start":{"line":77,"column":22},"end":{"line":77,"column":59}},"11":{"start":{"line":78,"column":6},"end":{"line":80,"column":7}},"12":{"start":{"line":79,"column":8},"end":{"line":79,"column":51}},"13":{"start":{"line":82,"column":21},"end":{"line":82,"column":40}},"14":{"start":{"line":83,"column":6},"end":{"line":87,"column":8}},"15":{"start":{"line":89,"column":6},"end":{"line":89,"column":56}},"16":{"start":{"line":90,"column":6},"end":{"line":94,"column":8}},"17":{"start":{"line":99,"column":4},"end":{"line":99,"column":32}},"18":{"start":{"line":107,"column":4},"end":{"line":107,"column":25}},"19":{"start":{"line":113,"column":4},"end":{"line":113,"column":91}},"20":{"start":{"line":114,"column":4},"end":{"line":118,"column":6}},"21":{"start":{"line":122,"column":4},"end":{"line":122,"column":17}},"22":{"start":{"line":130,"column":4},"end":{"line":130,"column":25}},"23":{"start":{"line":134,"column":4},"end":{"line":136,"column":5}},"24":{"start":{"line":135,"column":6},"end":{"line":135,"column":56}},"25":{"start":{"line":138,"column":4},"end":{"line":171,"column":5}},"26":{"start":{"line":139,"column":23},"end":{"line":150,"column":8}},"27":{"start":{"line":152,"column":6},"end":{"line":154,"column":7}},"28":{"start":{"line":153,"column":8},"end":{"line":153,"column":69}},"29":{"start":{"line":156,"column":19},"end":{"line":156,"column":40}},"30":{"start":{"line":157,"column":21},"end":{"line":157,"column":46}},"31":{"start":{"line":159,"column":6},"end":{"line":163,"column":8}},"32":{"start":{"line":165,"column":6},"end":{"line":165,"column":56}},"33":{"start":{"line":166,"column":6},"end":{"line":170,"column":8}},"34":{"start":{"line":175,"column":4},"end":{"line":175,"column":44}},"35":{"start":{"line":175,"column":31},"end":{"line":175,"column":44}},"36":{"start":{"line":177,"column":4},"end":{"line":182,"column":5}},"37":{"start":{"line":178,"column":23},"end":{"line":178,"column":70}},"38":{"start":{"line":179,"column":6},"end":{"line":179,"column":25}},"39":{"start":{"line":181,"column":6},"end":{"line":181,"column":19}},"40":{"start":{"line":187,"column":2},"end":{"line":196,"column":3}},"41":{"start":{"line":189,"column":6},"end":{"line":189,"column":41}},"42":{"start":{"line":191,"column":6},"end":{"line":191,"column":44}},"43":{"start":{"line":193,"column":6},"end":{"line":193,"column":41}},"44":{"start":{"line":195,"column":6},"end":{"line":195,"column":72}}},"fnMap":{"0":{"name":"(anonymous_9)","decl":{"start":{"line":27,"column":2},"end":{"line":27,"column":14}},"loc":{"start":{"line":27,"column":38},"end":{"line":29,"column":3}}},"1":{"name":"(anonymous_10)","decl":{"start":{"line":31,"column":2},"end":{"line":31,"column":7}},"loc":{"start":{"line":31,"column":58},"end":{"line":96,"column":3}}},"2":{"name":"(anonymous_11)","decl":{"start":{"line":36,"column":23},"end":{"line":36,"column":36}},"loc":{"start":{"line":36,"column":23},"end":{"line":36,"column":45}}},"3":{"name":"(anonymous_12)","decl":{"start":{"line":98,"column":2},"end":{"line":98,"column":7}},"loc":{"start":{"line":98,"column":19},"end":{"line":100,"column":3}}},"4":{"name":"(anonymous_13)","decl":{"start":{"line":106,"column":2},"end":{"line":106,"column":14}},"loc":{"start":{"line":106,"column":38},"end":{"line":108,"column":3}}},"5":{"name":"(anonymous_14)","decl":{"start":{"line":110,"column":2},"end":{"line":110,"column":7}},"loc":{"start":{"line":110,"column":58},"end":{"line":119,"column":3}}},"6":{"name":"(anonymous_15)","decl":{"start":{"line":121,"column":2},"end":{"line":121,"column":7}},"loc":{"start":{"line":121,"column":19},"end":{"line":123,"column":3}}},"7":{"name":"(anonymous_16)","decl":{"start":{"line":129,"column":2},"end":{"line":129,"column":14}},"loc":{"start":{"line":129,"column":38},"end":{"line":131,"column":3}}},"8":{"name":"(anonymous_17)","decl":{"start":{"line":133,"column":2},"end":{"line":133,"column":7}},"loc":{"start":{"line":133,"column":58},"end":{"line":172,"column":3}}},"9":{"name":"(anonymous_18)","decl":{"start":{"line":174,"column":2},"end":{"line":174,"column":7}},"loc":{"start":{"line":174,"column":19},"end":{"line":183,"column":3}}},"10":{"name":"createAIClient","decl":{"start":{"line":186,"column":16},"end":{"line":186,"column":30}},"loc":{"start":{"line":186,"column":49},"end":{"line":197,"column":1}}}},"branchMap":{"0":{"loc":{"start":{"line":32,"column":4},"end":{"line":34,"column":5}},"type":"if","locations":[{"start":{"line":32,"column":4},"end":{"line":34,"column":5}}]},"1":{"loc":{"start":{"line":61,"column":2},"end":{"line":64,"column":82}},"type":"cond-expr","locations":[{"start":{"line":61,"column":20},"end":{"line":64,"column":77}},{"start":{"line":64,"column":80},"end":{"line":64,"column":82}}]},"2":{"loc":{"start":{"line":62,"column":9},"end":{"line":62,"column":41}},"type":"binary-expr","locations":[{"start":{"line":62,"column":9},"end":{"line":62,"column":28}},{"start":{"line":62,"column":32},"end":{"line":62,"column":41}}]},"3":{"loc":{"start":{"line":63,"column":18},"end":{"line":63,"column":58}},"type":"binary-expr","locations":[{"start":{"line":63,"column":18},"end":{"line":63,"column":45}},{"start":{"line":63,"column":49},"end":{"line":63,"column":58}}]},"4":{"loc":{"start":{"line":64,"column":37},"end":{"line":64,"column":74}},"type":"binary-expr","locations":[{"start":{"line":64,"column":37},"end":{"line":64,"column":68}},{"start":{"line":64,"column":72},"end":{"line":64,"column":74}}]},"5":{"loc":{"start":{"line":78,"column":6},"end":{"line":80,"column":7}},"type":"if","locations":[{"start":{"line":78,"column":6},"end":{"line":80,"column":7}}]},"6":{"loc":{"start":{"line":84,"column":17},"end":{"line":84,"column":37}},"type":"binary-expr","locations":[{"start":{"line":84,"column":17},"end":{"line":84,"column":31}},{"start":{"line":84,"column":35},"end":{"line":84,"column":37}}]},"7":{"loc":{"start":{"line":85,"column":20},"end":{"line":85,"column":44}},"type":"binary-expr","locations":[{"start":{"line":85,"column":20},"end":{"line":85,"column":37}},{"start":{"line":85,"column":41},"end":{"line":85,"column":44}}]},"8":{"loc":{"start":{"line":93,"column":43},"end":{"line":93,"column":99}},"type":"cond-expr","locations":[{"start":{"line":93,"column":68},"end":{"line":93,"column":81}},{"start":{"line":93,"column":84},"end":{"line":93,"column":99}}]},"9":{"loc":{"start":{"line":134,"column":4},"end":{"line":136,"column":5}},"type":"if","locations":[{"start":{"line":134,"column":4},"end":{"line":136,"column":5}}]},"10":{"loc":{"start":{"line":152,"column":6},"end":{"line":154,"column":7}},"type":"if","locations":[{"start":{"line":152,"column":6},"end":{"line":154,"column":7}}]},"11":{"loc":{"start":{"line":160,"column":17},"end":{"line":160,"column":37}},"type":"binary-expr","locations":[{"start":{"line":160,"column":17},"end":{"line":160,"column":31}},{"start":{"line":160,"column":35},"end":{"line":160,"column":37}}]},"12":{"loc":{"start":{"line":161,"column":20},"end":{"line":161,"column":44}},"type":"binary-expr","locations":[{"start":{"line":161,"column":20},"end":{"line":161,"column":37}},{"start":{"line":161,"column":41},"end":{"line":161,"column":44}}]},"13":{"loc":{"start":{"line":169,"column":55},"end":{"line":169,"column":111}},"type":"cond-expr","locations":[{"start":{"line":169,"column":80},"end":{"line":169,"column":93}},{"start":{"line":169,"column":96},"end":{"line":169,"column":111}}]},"14":{"loc":{"start":{"line":175,"column":4},"end":{"line":175,"column":44}},"type":"if","locations":[{"start":{"line":175,"column":4},"end":{"line":175,"column":44}}]},"15":{"loc":{"start":{"line":187,"column":2},"end":{"line":196,"column":3}},"type":"switch","locations":[{"start":{"line":188,"column":4},"end":{"line":189,"column":41}},{"start":{"line":190,"column":4},"end":{"line":191,"column":44}},{"start":{"line":192,"column":4},"end":{"line":193,"column":41}},{"start":{"line":194,"column":4},"end":{"line":195,"column":72}}]}},"s":{"0":3,"1":5,"2":2,"3":0,"4":4,"5":2,"6":2,"7":2,"8":2,"9":2,"10":1,"11":1,"12":0,"13":1,"14":1,"15":1,"16":1,"17":2,"18":3,"19":1,"20":1,"21":1,"22":5,"23":2,"24":0,"25":2,"26":2,"27":2,"28":1,"29":1,"30":1,"31":1,"32":1,"33":1,"34":2,"35":0,"36":2,"37":2,"38":1,"39":1,"40":14,"41":5,"42":3,"43":5,"44":1},"f":{"0":5,"1":2,"2":2,"3":2,"4":3,"5":1,"6":1,"7":5,"8":2,"9":2,"10":14},"b":{"0":[0],"1":[0,2],"2":[0,0],"3":[0,0],"4":[0,0],"5":[0],"6":[1,0],"7":[1,0],"8":[1,0],"9":[0],"10":[1],"11":[1,0],"12":[1,0],"13":[1,0],"14":[0],"15":[5,3,5,1]}}
,"/home/frankbria/projects/iris/src/browser.ts": {"path":"/home/frankbria/projects/iris/src/browser.ts","statementMap":{"0":{"start":{"line":12,"column":0},"end":{"line":12,"column":7}},"1":{"start":{"line":23,"column":0},"end":{"line":23,"column":7}},"2":{"start":{"line":30,"column":0},"end":{"line":30,"column":7}},"3":{"start":{"line":37,"column":0},"end":{"line":37,"column":7}},"4":{"start":{"line":44,"column":0},"end":{"line":44,"column":7}},"5":{"start":{"line":51,"column":0},"end":{"line":51,"column":7}},"6":{"start":{"line":58,"column":0},"end":{"line":58,"column":7}},"7":{"start":{"line":1,"column":0},"end":{"line":1,"column":53}},"8":{"start":{"line":13,"column":2},"end":{"line":17,"column":5}},"9":{"start":{"line":24,"column":2},"end":{"line":24,"column":33}},"10":{"start":{"line":31,"column":2},"end":{"line":31,"column":24}},"11":{"start":{"line":38,"column":2},"end":{"line":38,"column":23}},"12":{"start":{"line":45,"column":2},"end":{"line":45,"column":29}},"13":{"start":{"line":52,"column":2},"end":{"line":52,"column":34}},"14":{"start":{"line":59,"column":2},"end":{"line":59,"column":33}}},"fnMap":{"0":{"name":"launchBrowser","decl":{"start":{"line":12,"column":22},"end":{"line":12,"column":35}},"loc":{"start":{"line":12,"column":70},"end":{"line":18,"column":1}}},"1":{"name":"newPage","decl":{"start":{"line":23,"column":22},"end":{"line":23,"column":29}},"loc":{"start":{"line":23,"column":46},"end":{"line":25,"column":1}}},"2":{"name":"closeBrowser","decl":{"start":{"line":30,"column":22},"end":{"line":30,"column":34}},"loc":{"start":{"line":30,"column":51},"end":{"line":32,"column":1}}},"3":{"name":"navigate","decl":{"start":{"line":37,"column":22},"end":{"line":37,"column":30}},"loc":{"start":{"line":37,"column":54},"end":{"line":39,"column":1}}},"4":{"name":"click","decl":{"start":{"line":44,"column":22},"end":{"line":44,"column":27}},"loc":{"start":{"line":44,"column":56},"end":{"line":46,"column":1}}},"5":{"name":"typeText","decl":{"start":{"line":51,"column":22},"end":{"line":51,"column":30}},"loc":{"start":{"line":51,"column":73},"end":{"line":53,"column":1}}},"6":{"name":"takeScreenshot","decl":{"start":{"line":58,"column":22},"end":{"line":58,"column":36}},"loc":{"start":{"line":58,"column":47},"end":{"line":60,"column":1}}}},"branchMap":{"0":{"loc":{"start":{"line":12,"column":36},"end":{"line":12,"column":70}},"type":"default-arg","locations":[{"start":{"line":12,"column":68},"end":{"line":12,"column":70}}]},"1":{"loc":{"start":{"line":14,"column":14},"end":{"line":14,"column":38}},"type":"binary-expr","locations":[{"start":{"line":14,"column":14},"end":{"line":14,"column":30}},{"start":{"line":14,"column":34},"end":{"line":14,"column":38}}]},"2":{"loc":{"start":{"line":15,"column":14},"end":{"line":15,"column":39}},"type":"binary-expr","locations":[{"start":{"line":15,"column":14},"end":{"line":15,"column":30}},{"start":{"line":15,"column":34},"end":{"line":15,"column":39}}]},"3":{"loc":{"start":{"line":16,"column":12},"end":{"line":16,"column":31}},"type":"binary-expr","locations":[{"start":{"line":16,"column":12},"end":{"line":16,"column":26}},{"start":{"line":16,"column":30},"end":{"line":16,"column":31}}]}},"s":{"0":2,"1":2,"2":2,"3":2,"4":2,"5":2,"6":2,"7":2,"8":4,"9":4,"10":4,"11":6,"12":2,"13":1,"14":1},"f":{"0":4,"1":4,"2":4,"3":6,"4":2,"5":1,"6":1},"b":{"0":[1],"1":[4,1],"2":[4,4],"3":[4,4]}}
,"/home/frankbria/projects/iris/src/cli.ts": {"path":"/home/frankbria/projects/iris/src/cli.ts","statementMap":{"0":{"start":{"line":188,"column":0},"end":{"line":188,"column":7}},"1":{"start":{"line":2,"column":0},"end":{"line":2,"column":36}},"2":{"start":{"line":3,"column":0},"end":{"line":3,"column":29}},"3":{"start":{"line":4,"column":0},"end":{"line":4,"column":25}},"4":{"start":{"line":6,"column":16},"end":{"line":6,"column":29}},"5":{"start":{"line":7,"column":0},"end":{"line":10,"column":20}},"6":{"start":{"line":12,"column":0},"end":{"line":144,"column":5}},"7":{"start":{"line":19,"column":22},"end":{"line":19,"column":32}},"8":{"start":{"line":20,"column":38},"end":{"line":20,"column":47}},"9":{"start":{"line":21,"column":34},"end":{"line":21,"column":36}},"10":{"start":{"line":23,"column":4},"end":{"line":143,"column":5}},"11":{"start":{"line":24,"column":28},"end":{"line":24,"column":56}},"12":{"start":{"line":25,"column":21},"end":{"line":25,"column":49}},"13":{"start":{"line":27,"column":6},"end":{"line":27,"column":62}},"14":{"start":{"line":28,"column":6},"end":{"line":28,"column":67}},"15":{"start":{"line":29,"column":6},"end":{"line":29,"column":57}},"16":{"start":{"line":30,"column":6},"end":{"line":32,"column":7}},"17":{"start":{"line":31,"column":8},"end":{"line":31,"column":57}},"18":{"start":{"line":34,"column":6},"end":{"line":38,"column":7}},"19":{"start":{"line":35,"column":8},"end":{"line":35,"column":25}},"20":{"start":{"line":36,"column":8},"end":{"line":36,"column":65}},"21":{"start":{"line":37,"column":8},"end":{"line":37,"column":15}},"22":{"start":{"line":41,"column":6},"end":{"line":116,"column":7}},"23":{"start":{"line":42,"column":8},"end":{"line":42,"column":49}},"24":{"start":{"line":44,"column":35},"end":{"line":44,"column":61}},"25":{"start":{"line":45,"column":25},"end":{"line":54,"column":10}},"26":{"start":{"line":56,"column":8},"end":{"line":113,"column":9}},"27":{"start":{"line":58,"column":10},"end":{"line":58,"column":41}},"28":{"start":{"line":59,"column":23},"end":{"line":59,"column":50}},"29":{"start":{"line":62,"column":10},"end":{"line":66,"column":11}},"30":{"start":{"line":63,"column":12},"end":{"line":63,"column":58}},"31":{"start":{"line":65,"column":12},"end":{"line":65,"column":80}},"32":{"start":{"line":69,"column":10},"end":{"line":86,"column":11}},"33":{"start":{"line":69,"column":23},"end":{"line":69,"column":24}},"34":{"start":{"line":70,"column":27},"end":{"line":70,"column":44}},"35":{"start":{"line":71,"column":12},"end":{"line":71,"column":207}},"36":{"start":{"line":73,"column":31},"end":{"line":73,"column":73}},"37":{"start":{"line":74,"column":12},"end":{"line":74,"column":46}},"38":{"start":{"line":76,"column":12},"end":{"line":85,"column":13}},"39":{"start":{"line":77,"column":14},"end":{"line":77,"column":69}},"40":{"start":{"line":78,"column":14},"end":{"line":80,"column":15}},"41":{"start":{"line":79,"column":16},"end":{"line":79,"column":77}},"42":{"start":{"line":82,"column":14},"end":{"line":82,"column":62}},"43":{"start":{"line":83,"column":14},"end":{"line":83,"column":31}},"44":{"start":{"line":89,"column":31},"end":{"line":89,"column":77}},"45":{"start":{"line":89,"column":60},"end":{"line":89,"column":69}},"46":{"start":{"line":90,"column":29},"end":{"line":90,"column":52}},"47":{"start":{"line":92,"column":10},"end":{"line":97,"column":11}},"48":{"start":{"line":93,"column":12},"end":{"line":93,"column":82}},"49":{"start":{"line":95,"column":12},"end":{"line":95,"column":94}},"50":{"start":{"line":96,"column":12},"end":{"line":96,"column":29}},"51":{"start":{"line":100,"column":10},"end":{"line":100,"column":35}},"52":{"start":{"line":103,"column":10},"end":{"line":103,"column":27}},"53":{"start":{"line":104,"column":10},"end":{"line":104,"column":124}},"54":{"start":{"line":107,"column":10},"end":{"line":112,"column":11}},"55":{"start":{"line":108,"column":12},"end":{"line":108,"column":37}},"56":{"start":{"line":111,"column":12},"end":{"line":111,"column":131}},"57":{"start":{"line":115,"column":8},"end":{"line":115,"column":64}},"58":{"start":{"line":119,"column":6},"end":{"line":119,"column":23}},"59":{"start":{"line":120,"column":6},"end":{"line":120,"column":60}},"60":{"start":{"line":122,"column":22},"end":{"line":122,"column":32}},"61":{"start":{"line":125,"column":52},"end":{"line":125,"column":72}},"62":{"start":{"line":126,"column":21},"end":{"line":126,"column":92}},"63":{"start":{"line":129,"column":20},"end":{"line":129,"column":40}},"64":{"start":{"line":130,"column":17},"end":{"line":130,"column":35}},"65":{"start":{"line":131,"column":6},"end":{"line":133,"column":7}},"66":{"start":{"line":132,"column":8},"end":{"line":132,"column":49}},"67":{"start":{"line":135,"column":17},"end":{"line":135,"column":43}},"68":{"start":{"line":136,"column":6},"end":{"line":141,"column":9}},"69":{"start":{"line":142,"column":6},"end":{"line":142,"column":17}},"70":{"start":{"line":146,"column":0},"end":{"line":176,"column":5}},"71":{"start":{"line":163,"column":4},"end":{"line":175,"column":5}},"72":{"start":{"line":164,"column":29},"end":{"line":164,"column":54}},"73":{"start":{"line":165,"column":6},"end":{"line":171,"column":9}},"74":{"start":{"line":173,"column":6},"end":{"line":173,"column":43}},"75":{"start":{"line":174,"column":6},"end":{"line":174,"column":22}},"76":{"start":{"line":178,"column":0},"end":{"line":186,"column":5}},"77":{"start":{"line":182,"column":28},"end":{"line":182,"column":54}},"78":{"start":{"line":183,"column":14},"end":{"line":183,"column":40}},"79":{"start":{"line":184,"column":4},"end":{"line":184,"column":19}},"80":{"start":{"line":185,"column":4},"end":{"line":185,"column":68}},"81":{"start":{"line":189,"column":2},"end":{"line":189,"column":51}},"82":{"start":{"line":192,"column":0},"end":{"line":197,"column":1}},"83":{"start":{"line":193,"column":2},"end":{"line":196,"column":5}},"84":{"start":{"line":194,"column":4},"end":{"line":194,"column":23}},"85":{"start":{"line":195,"column":4},"end":{"line":195,"column":20}}},"fnMap":{"0":{"name":"(anonymous_9)","decl":{"start":{"line":18,"column":10},"end":{"line":18,"column":15}},"loc":{"start":{"line":18,"column":109},"end":{"line":144,"column":3}}},"1":{"name":"(anonymous_10)","decl":{"start":{"line":24,"column":28},"end":{"line":24,"column":41}},"loc":{"start":{"line":24,"column":28},"end":{"line":24,"column":56}}},"2":{"name":"(anonymous_11)","decl":{"start":{"line":44,"column":35},"end":{"line":44,"column":48}},"loc":{"start":{"line":44,"column":35},"end":{"line":44,"column":61}}},"3":{"name":"(anonymous_12)","decl":{"start":{"line":89,"column":55},"end":{"line":89,"column":56}},"loc":{"start":{"line":89,"column":60},"end":{"line":89,"column":69}}},"4":{"name":"(anonymous_13)","decl":{"start":{"line":125,"column":52},"end":{"line":125,"column":65}},"loc":{"start":{"line":125,"column":52},"end":{"line":125,"column":72}}},"5":{"name":"(anonymous_14)","decl":{"start":{"line":130,"column":17},"end":{"line":130,"column":30}},"loc":{"start":{"line":130,"column":17},"end":{"line":130,"column":35}}},"6":{"name":"(anonymous_15)","decl":{"start":{"line":155,"column":10},"end":{"line":155,"column":15}},"loc":{"start":{"line":162,"column":7},"end":{"line":176,"column":3}}},"7":{"name":"(anonymous_16)","decl":{"start":{"line":164,"column":29},"end":{"line":164,"column":42}},"loc":{"start":{"line":164,"column":29},"end":{"line":164,"column":54}}},"8":{"name":"(anonymous_17)","decl":{"start":{"line":181,"column":10},"end":{"line":181,"column":15}},"loc":{"start":{"line":181,"column":45},"end":{"line":186,"column":3}}},"9":{"name":"(anonymous_18)","decl":{"start":{"line":182,"column":28},"end":{"line":182,"column":41}},"loc":{"start":{"line":182,"column":28},"end":{"line":182,"column":54}}},"10":{"name":"runCli","decl":{"start":{"line":188,"column":22},"end":{"line":188,"column":28}},"loc":{"start":{"line":188,"column":43},"end":{"line":190,"column":1}}},"11":{"name":"(anonymous_20)","decl":{"start":{"line":193,"column":29},"end":{"line":193,"column":32}},"loc":{"start":{"line":193,"column":35},"end":{"line":196,"column":3}}}},"branchMap":{"0":{"loc":{"start":{"line":30,"column":6},"end":{"line":32,"column":7}},"type":"if","locations":[{"start":{"line":30,"column":6},"end":{"line":32,"column":7}}]},"1":{"loc":{"start":{"line":34,"column":6},"end":{"line":38,"column":7}},"type":"if","locations":[{"start":{"line":34,"column":6},"end":{"line":38,"column":7}}]},"2":{"loc":{"start":{"line":41,"column":6},"end":{"line":116,"column":7}},"type":"if","locations":[{"start":{"line":41,"column":6},"end":{"line":116,"column":7}},{"start":{"line":114,"column":13},"end":{"line":116,"column":7}}]},"3":{"loc":{"start":{"line":46,"column":28},"end":{"line":46,"column":54}},"type":"binary-expr","locations":[{"start":{"line":46,"column":28},"end":{"line":46,"column":43}},{"start":{"line":46,"column":47},"end":{"line":46,"column":54}}]},"4":{"loc":{"start":{"line":62,"column":10},"end":{"line":66,"column":11}},"type":"if","locations":[{"start":{"line":62,"column":10},"end":{"line":66,"column":11}},{"start":{"line":64,"column":17},"end":{"line":66,"column":11}}]},"5":{"loc":{"start":{"line":71,"column":92},"end":{"line":71,"column":149}},"type":"cond-expr","locations":[{"start":{"line":71,"column":121},"end":{"line":71,"column":131}},{"start":{"line":71,"column":134},"end":{"line":71,"column":149}}]},"6":{"loc":{"start":{"line":71,"column":152},"end":{"line":71,"column":203}},"type":"cond-expr","locations":[{"start":{"line":71,"column":177},"end":{"line":71,"column":198}},{"start":{"line":71,"column":201},"end":{"line":71,"column":203}}]},"7":{"loc":{"start":{"line":76,"column":12},"end":{"line":85,"column":13}},"type":"if","locations":[{"start":{"line":76,"column":12},"end":{"line":85,"column":13}},{"start":{"line":81,"column":19},"end":{"line":85,"column":13}}]},"8":{"loc":{"start":{"line":78,"column":14},"end":{"line":80,"column":15}},"type":"if","locations":[{"start":{"line":78,"column":14},"end":{"line":80,"column":15}}]},"9":{"loc":{"start":{"line":92,"column":10},"end":{"line":97,"column":11}},"type":"if","locations":[{"start":{"line":92,"column":10},"end":{"line":97,"column":11}},{"start":{"line":94,"column":17},"end":{"line":97,"column":11}}]},"10":{"loc":{"start":{"line":104,"column":49},"end":{"line":104,"column":122}},"type":"cond-expr","locations":[{"start":{"line":104,"column":83},"end":{"line":104,"column":105}},{"start":{"line":104,"column":108},"end":{"line":104,"column":122}}]},"11":{"loc":{"start":{"line":111,"column":62},"end":{"line":111,"column":129}},"type":"cond-expr","locations":[{"start":{"line":111,"column":94},"end":{"line":111,"column":114}},{"start":{"line":111,"column":117},"end":{"line":111,"column":129}}]},"12":{"loc":{"start":{"line":126,"column":21},"end":{"line":126,"column":92}},"type":"binary-expr","locations":[{"start":{"line":126,"column":21},"end":{"line":126,"column":45}},{"start":{"line":126,"column":49},"end":{"line":126,"column":92}}]},"13":{"loc":{"start":{"line":131,"column":6},"end":{"line":133,"column":7}},"type":"if","locations":[{"start":{"line":131,"column":6},"end":{"line":133,"column":7}}]},"14":{"loc":{"start":{"line":168,"column":24},"end":{"line":168,"column":93}},"type":"cond-expr","locations":[{"start":{"line":168,"column":49},"end":{"line":168,"column":81}},{"start":{"line":168,"column":84},"end":{"line":168,"column":93}}]},"15":{"loc":{"start":{"line":169,"column":23},"end":{"line":169,"column":90}},"type":"cond-expr","locations":[{"start":{"line":169,"column":47},"end":{"line":169,"column":78}},{"start":{"line":169,"column":81},"end":{"line":169,"column":90}}]},"16":{"loc":{"start":{"line":170,"column":20},"end":{"line":170,"column":81}},"type":"cond-expr","locations":[{"start":{"line":170,"column":41},"end":{"line":170,"column":69}},{"start":{"line":170,"column":72},"end":{"line":170,"column":81}}]},"17":{"loc":{"start":{"line":183,"column":14},"end":{"line":183,"column":40}},"type":"cond-expr","locations":[{"start":{"line":183,"column":21},"end":{"line":183,"column":33}},{"start":{"line":183,"column":36},"end":{"line":183,"column":40}}]},"18":{"loc":{"start":{"line":192,"column":0},"end":{"line":197,"column":1}},"type":"if","locations":[{"start":{"line":192,"column":0},"end":{"line":197,"column":1}}]}},"s":{"0":1,"1":1,"2":1,"3":1,"4":1,"5":1,"6":1,"7":4,"8":4,"9":4,"10":4,"11":8,"12":4,"13":4,"14":4,"15":4,"16":4,"17":4,"18":4,"19":1,"20":1,"21":1,"22":3,"23":0,"24":0,"25":0,"26":0,"27":0,"28":0,"29":0,"30":0,"31":0,"32":0,"33":0,"34":0,"35":0,"36":0,"37":0,"38":0,"39":0,"40":0,"41":0,"42":0,"43":0,"44":0,"45":0,"46":0,"47":0,"48":0,"49":0,"50":0,"51":0,"52":0,"53":0,"54":0,"55":0,"56":0,"57":3,"58":0,"59":0,"60":4,"61":8,"62":4,"63":4,"64":8,"65":4,"66":0,"67":4,"68":4,"69":4,"70":1,"71":0,"72":0,"73":0,"74":0,"75":0,"76":1,"77":2,"78":1,"79":1,"80":1,"81":5,"82":1,"83":0,"84":0,"85":0},"f":{"0":4,"1":4,"2":0,"3":0,"4":4,"5":4,"6":0,"7":0,"8":1,"9":1,"10":5,"11":0},"b":{"0":[4],"1":[1],"2":[0,3],"3":[0,0],"4":[0,0],"5":[0,0],"6":[0,0],"7":[0,0],"8":[0],"9":[0,0],"10":[0,0],"11":[0,0],"12":[4,3],"13":[0],"14":[0,0],"15":[0,0],"16":[0,0],"17":[0,1],"18":[0]}}
,"/home/frankbria/projects/iris/src/config.ts": {"path":"/home/frankbria/projects/iris/src/config.ts","statementMap":{"0":{"start":{"line":39,"column":0},"end":{"line":39,"column":16}},"1":{"start":{"line":43,"column":0},"end":{"line":43,"column":16}},"2":{"start":{"line":59,"column":0},"end":{"line":59,"column":16}},"3":{"start":{"line":98,"column":0},"end":{"line":98,"column":16}},"4":{"start":{"line":1,"column":0},"end":{"line":1,"column":29}},"5":{"start":{"line":2,"column":0},"end":{"line":2,"column":25}},"6":{"start":{"line":3,"column":0},"end":{"line":3,"column":25}},"7":{"start":{"line":23,"column":35},"end":{"line":37,"column":2}},"8":{"start":{"line":40,"column":2},"end":{"line":40,"column":57}},"9":{"start":{"line":44,"column":21},"end":{"line":44,"column":36}},"10":{"start":{"line":46,"column":2},"end":{"line":48,"column":3}},"11":{"start":{"line":47,"column":4},"end":{"line":47,"column":33}},"12":{"start":{"line":50,"column":2},"end":{"line":56,"column":3}},"13":{"start":{"line":51,"column":23},"end":{"line":51,"column":70}},"14":{"start":{"line":52,"column":4},"end":{"line":52,"column":51}},"15":{"start":{"line":54,"column":4},"end":{"line":54,"column":94}},"16":{"start":{"line":55,"column":4},"end":{"line":55,"column":33}},"17":{"start":{"line":60,"column":21},"end":{"line":60,"column":36}},"18":{"start":{"line":61,"column":20},"end":{"line":61,"column":44}},"19":{"start":{"line":63,"column":2},"end":{"line":65,"column":3}},"20":{"start":{"line":64,"column":4},"end":{"line":64,"column":49}},"21":{"start":{"line":67,"column":2},"end":{"line":67,"column":64}},"22":{"start":{"line":71,"column":17},"end":{"line":71,"column":38}},"23":{"start":{"line":74,"column":2},"end":{"line":85,"column":3}},"24":{"start":{"line":75,"column":4},"end":{"line":75,"column":34}},"25":{"start":{"line":76,"column":4},"end":{"line":76,"column":50}},"26":{"start":{"line":77,"column":9},"end":{"line":85,"column":3}},"27":{"start":{"line":78,"column":4},"end":{"line":78,"column":37}},"28":{"start":{"line":79,"column":4},"end":{"line":79,"column":53}},"29":{"start":{"line":80,"column":4},"end":{"line":80,"column":48}},"30":{"start":{"line":81,"column":9},"end":{"line":85,"column":3}},"31":{"start":{"line":82,"column":4},"end":{"line":82,"column":34}},"32":{"start":{"line":83,"column":4},"end":{"line":83,"column":53}},"33":{"start":{"line":84,"column":4},"end":{"line":84,"column":59}},"34":{"start":{"line":87,"column":2},"end":{"line":87,"column":16}},"35":{"start":{"line":91,"column":2},"end":{"line":95,"column":4}},"36":{"start":{"line":99,"column":27},"end":{"line":99,"column":29}},"37":{"start":{"line":101,"column":2},"end":{"line":103,"column":3}},"38":{"start":{"line":102,"column":4},"end":{"line":102,"column":123}},"39":{"start":{"line":105,"column":2},"end":{"line":107,"column":3}},"40":{"start":{"line":106,"column":4},"end":{"line":106,"column":129}},"41":{"start":{"line":109,"column":2},"end":{"line":111,"column":3}},"42":{"start":{"line":110,"column":4},"end":{"line":110,"column":125}},"43":{"start":{"line":113,"column":2},"end":{"line":115,"column":3}},"44":{"start":{"line":114,"column":4},"end":{"line":114,"column":57}},"45":{"start":{"line":117,"column":2},"end":{"line":119,"column":3}},"46":{"start":{"line":118,"column":4},"end":{"line":118,"column":59}},"47":{"start":{"line":121,"column":2},"end":{"line":121,"column":16}}},"fnMap":{"0":{"name":"getConfigPath","decl":{"start":{"line":39,"column":16},"end":{"line":39,"column":29}},"loc":{"start":{"line":39,"column":29},"end":{"line":41,"column":1}}},"1":{"name":"loadConfig","decl":{"start":{"line":43,"column":16},"end":{"line":43,"column":26}},"loc":{"start":{"line":43,"column":26},"end":{"line":57,"column":1}}},"2":{"name":"saveConfig","decl":{"start":{"line":59,"column":16},"end":{"line":59,"column":26}},"loc":{"start":{"line":59,"column":45},"end":{"line":68,"column":1}}},"3":{"name":"loadFromEnvironment","decl":{"start":{"line":70,"column":9},"end":{"line":70,"column":28}},"loc":{"start":{"line":70,"column":28},"end":{"line":88,"column":1}}},"4":{"name":"mergeConfig","decl":{"start":{"line":90,"column":9},"end":{"line":90,"column":20}},"loc":{"start":{"line":90,"column":63},"end":{"line":96,"column":1}}},"5":{"name":"validateConfig","decl":{"start":{"line":98,"column":16},"end":{"line":98,"column":30}},"loc":{"start":{"line":98,"column":49},"end":{"line":122,"column":1}}}},"branchMap":{"0":{"loc":{"start":{"line":46,"column":2},"end":{"line":48,"column":3}},"type":"if","locations":[{"start":{"line":46,"column":2},"end":{"line":48,"column":3}}]},"1":{"loc":{"start":{"line":63,"column":2},"end":{"line":65,"column":3}},"type":"if","locations":[{"start":{"line":63,"column":2},"end":{"line":65,"column":3}}]},"2":{"loc":{"start":{"line":74,"column":2},"end":{"line":85,"column":3}},"type":"if","locations":[{"start":{"line":74,"column":2},"end":{"line":85,"column":3}},{"start":{"line":77,"column":9},"end":{"line":85,"column":3}}]},"3":{"loc":{"start":{"line":77,"column":9},"end":{"line":85,"column":3}},"type":"if","locations":[{"start":{"line":77,"column":9},"end":{"line":85,"column":3}},{"start":{"line":81,"column":9},"end":{"line":85,"column":3}}]},"4":{"loc":{"start":{"line":81,"column":9},"end":{"line":85,"column":3}},"type":"if","locations":[{"start":{"line":81,"column":9},"end":{"line":85,"column":3}}]},"5":{"loc":{"start":{"line":84,"column":22},"end":{"line":84,"column":58}},"type":"binary-expr","locations":[{"start":{"line":84,"column":22},"end":{"line":84,"column":46}},{"start":{"line":84,"column":50},"end":{"line":84,"column":58}}]},"6":{"loc":{"start":{"line":101,"column":2},"end":{"line":103,"column":3}},"type":"if","locations":[{"start":{"line":101,"column":2},"end":{"line":103,"column":3}}]},"7":{"loc":{"start":{"line":101,"column":6},"end":{"line":101,"column":58}},"type":"binary-expr","locations":[{"start":{"line":101,"column":6},"end":{"line":101,"column":37}},{"start":{"line":101,"column":41},"end":{"line":101,"column":58}}]},"8":{"loc":{"start":{"line":105,"column":2},"end":{"line":107,"column":3}},"type":"if","locations":[{"start":{"line":105,"column":2},"end":{"line":107,"column":3}}]},"9":{"loc":{"start":{"line":105,"column":6},"end":{"line":105,"column":61}},"type":"binary-expr","locations":[{"start":{"line":105,"column":6},"end":{"line":105,"column":40}},{"start":{"line":105,"column":44},"end":{"line":105,"column":61}}]},"10":{"loc":{"start":{"line":109,"column":2},"end":{"line":111,"column":3}},"type":"if","locations":[{"start":{"line":109,"column":2},"end":{"line":111,"column":3}}]},"11":{"loc":{"start":{"line":109,"column":6},"end":{"line":109,"column":60}},"type":"binary-expr","locations":[{"start":{"line":109,"column":6},"end":{"line":109,"column":37}},{"start":{"line":109,"column":41},"end":{"line":109,"column":60}}]},"12":{"loc":{"start":{"line":113,"column":2},"end":{"line":115,"column":3}},"type":"if","locations":[{"start":{"line":113,"column":2},"end":{"line":115,"column":3}}]},"13":{"loc":{"start":{"line":117,"column":2},"end":{"line":119,"column":3}},"type":"if","locations":[{"start":{"line":117,"column":2},"end":{"line":119,"column":3}}]}},"s":{"0":4,"1":4,"2":4,"3":4,"4":4,"5":4,"6":4,"7":4,"8":10,"9":9,"10":9,"11":8,"12":1,"13":1,"14":1,"15":0,"16":0,"17":1,"18":1,"19":1,"20":1,"21":1,"22":8,"23":8,"24":1,"25":1,"26":7,"27":1,"28":1,"29":1,"30":6,"31":1,"32":1,"33":1,"34":8,"35":1,"36":6,"37":6,"38":2,"39":6,"40":1,"41":6,"42":1,"43":6,"44":1,"45":6,"46":1,"47":6},"f":{"0":10,"1":9,"2":1,"3":8,"4":1,"5":6},"b":{"0":[8],"1":[1],"2":[1,7],"3":[1,6],"4":[1],"5":[1,0],"6":[2],"7":[6,4],"8":[1],"9":[6,1],"10":[1],"11":[6,1],"12":[1],"13":[1]}}
,"/home/frankbria/projects/iris/src/db.ts": {"path":"/home/frankbria/projects/iris/src/db.ts","statementMap":{"0":{"start":{"line":14,"column":0},"end":{"line":14,"column":16}},"1":{"start":{"line":35,"column":0},"end":{"line":35,"column":16}},"2":{"start":{"line":54,"column":0},"end":{"line":54,"column":16}},"3":{"start":{"line":1,"column":0},"end":{"line":1,"column":38}},"4":{"start":{"line":15,"column":13},"end":{"line":15,"column":33}},"5":{"start":{"line":18,"column":2},"end":{"line":27,"column":5}},"6":{"start":{"line":29,"column":2},"end":{"line":29,"column":12}},"7":{"start":{"line":36,"column":15},"end":{"line":39,"column":4}},"8":{"start":{"line":41,"column":17},"end":{"line":45,"column":null}},"9":{"start":{"line":48,"column":2},"end":{"line":48,"column":42}},"10":{"start":{"line":55,"column":16},"end":{"line":57,"column":59}},"11":{"start":{"line":59,"column":15},"end":{"line":59,"column":32}},"12":{"start":{"line":60,"column":15},"end":{"line":60,"column":51}},"13":{"start":{"line":62,"column":2},"end":{"line":68,"column":6}},"14":{"start":{"line":62,"column":33},"end":{"line":68,"column":4}}},"fnMap":{"0":{"name":"initializeDatabase","decl":{"start":{"line":14,"column":16},"end":{"line":14,"column":34}},"loc":{"start":{"line":14,"column":49},"end":{"line":30,"column":1}}},"1":{"name":"insertTestRun","decl":{"start":{"line":35,"column":16},"end":{"line":35,"column":29}},"loc":{"start":{"line":35,"column":69},"end":{"line":49,"column":1}}},"2":{"name":"getTestRuns","decl":{"start":{"line":54,"column":16},"end":{"line":54,"column":27}},"loc":{"start":{"line":54,"column":65},"end":{"line":69,"column":1}}},"3":{"name":"(anonymous_4)","decl":{"start":{"line":62,"column":18},"end":{"line":62,"column":19}},"loc":{"start":{"line":62,"column":33},"end":{"line":68,"column":4}}}},"branchMap":{"0":{"loc":{"start":{"line":45,"column":4},"end":{"line":45,"column":42}},"type":"binary-expr","locations":[{"start":{"line":45,"column":4},"end":{"line":45,"column":34}},{"start":{"line":45,"column":38},"end":{"line":45,"column":42}}]},"1":{"loc":{"start":{"line":55,"column":16},"end":{"line":57,"column":59}},"type":"cond-expr","locations":[{"start":{"line":56,"column":6},"end":{"line":56,"column":67}},{"start":{"line":57,"column":6},"end":{"line":57,"column":59}}]},"2":{"loc":{"start":{"line":60,"column":15},"end":{"line":60,"column":51}},"type":"cond-expr","locations":[{"start":{"line":60,"column":23},"end":{"line":60,"column":38}},{"start":{"line":60,"column":41},"end":{"line":60,"column":51}}]},"3":{"loc":{"start":{"line":67,"column":13},"end":{"line":67,"column":62}},"type":"cond-expr","locations":[{"start":{"line":67,"column":28},"end":{"line":67,"column":50}},{"start":{"line":67,"column":53},"end":{"line":67,"column":62}}]}},"s":{"0":2,"1":2,"2":2,"3":2,"4":9,"5":9,"6":9,"7":10,"8":10,"9":10,"10":3,"11":3,"12":3,"13":3,"14":5},"f":{"0":9,"1":10,"2":3,"3":5},"b":{"0":[10,0],"1":[1,2],"2":[1,2],"3":[5,0]}}
,"/home/frankbria/projects/iris/src/executor.ts": {"path":"/home/frankbria/projects/iris/src/executor.ts","statementMap":{"0":{"start":{"line":3,"column":0},"end":{"line":3,"column":114}},"1":{"start":{"line":37,"column":10},"end":{"line":37,"column":41}},"2":{"start":{"line":40,"column":4},"end":{"line":46,"column":6}},"3":{"start":{"line":53,"column":4},"end":{"line":58,"column":5}},"4":{"start":{"line":54,"column":6},"end":{"line":54,"column":70}},"5":{"start":{"line":55,"column":6},"end":{"line":55,"column":26}},"6":{"start":{"line":57,"column":6},"end":{"line":57,"column":108}},"7":{"start":{"line":65,"column":4},"end":{"line":80,"column":5}},"8":{"start":{"line":66,"column":6},"end":{"line":68,"column":7}},"9":{"start":{"line":67,"column":8},"end":{"line":67,"column":35}},"10":{"start":{"line":70,"column":19},"end":{"line":70,"column":47}},"11":{"start":{"line":73,"column":6},"end":{"line":75,"column":7}},"12":{"start":{"line":74,"column":8},"end":{"line":74,"column":53}},"13":{"start":{"line":77,"column":6},"end":{"line":77,"column":18}},"14":{"start":{"line":79,"column":6},"end":{"line":79,"column":107}},"15":{"start":{"line":87,"column":4},"end":{"line":89,"column":5}},"16":{"start":{"line":88,"column":6},"end":{"line":88,"column":51}},"17":{"start":{"line":91,"column":22},"end":{"line":91,"column":32}},"18":{"start":{"line":92,"column":34},"end":{"line":92,"column":38}},"19":{"start":{"line":95,"column":4},"end":{"line":121,"column":5}},"20":{"start":{"line":95,"column":23},"end":{"line":95,"column":24}},"21":{"start":{"line":96,"column":6},"end":{"line":120,"column":7}},"22":{"start":{"line":97,"column":8},"end":{"line":97,"column":47}},"23":{"start":{"line":99,"column":25},"end":{"line":99,"column":47}},"24":{"start":{"line":100,"column":24},"end":{"line":100,"column":95}},"25":{"start":{"line":102,"column":8},"end":{"line":107,"column":10}},"26":{"start":{"line":109,"column":8},"end":{"line":109,"column":78}},"27":{"start":{"line":112,"column":8},"end":{"line":114,"column":9}},"28":{"start":{"line":113,"column":10},"end":{"line":113,"column":16}},"29":{"start":{"line":117,"column":8},"end":{"line":119,"column":9}},"30":{"start":{"line":118,"column":10},"end":{"line":118,"column":52}},"31":{"start":{"line":124,"column":21},"end":{"line":124,"column":43}},"32":{"start":{"line":125,"column":20},"end":{"line":125,"column":91}},"33":{"start":{"line":127,"column":4},"end":{"line":133,"column":6}},"34":{"start":{"line":140,"column":39},"end":{"line":140,"column":41}},"35":{"start":{"line":142,"column":4},"end":{"line":145,"column":5}},"36":{"start":{"line":143,"column":21},"end":{"line":143,"column":59}},"37":{"start":{"line":144,"column":6},"end":{"line":144,"column":27}},"38":{"start":{"line":147,"column":4},"end":{"line":147,"column":19}},"39":{"start":{"line":154,"column":22},"end":{"line":154,"column":32}},"40":{"start":{"line":156,"column":4},"end":{"line":177,"column":5}},"41":{"start":{"line":157,"column":18},"end":{"line":157,"column":28}},"42":{"start":{"line":160,"column":6},"end":{"line":165,"column":7}},"43":{"start":{"line":161,"column":8},"end":{"line":161,"column":35}},"44":{"start":{"line":164,"column":8},"end":{"line":164,"column":26}},"45":{"start":{"line":167,"column":6},"end":{"line":171,"column":8}},"46":{"start":{"line":174,"column":6},"end":{"line":176,"column":8}},"47":{"start":{"line":184,"column":4},"end":{"line":192,"column":5}},"48":{"start":{"line":185,"column":6},"end":{"line":191,"column":7}},"49":{"start":{"line":186,"column":8},"end":{"line":186,"column":41}},"50":{"start":{"line":190,"column":8},"end":{"line":190,"column":28}},"51":{"start":{"line":199,"column":4},"end":{"line":214,"column":5}},"52":{"start":{"line":201,"column":8},"end":{"line":201,"column":43}},"53":{"start":{"line":202,"column":8},"end":{"line":202,"column":14}},"54":{"start":{"line":205,"column":8},"end":{"line":205,"column":59}},"55":{"start":{"line":206,"column":8},"end":{"line":206,"column":14}},"56":{"start":{"line":209,"column":8},"end":{"line":209,"column":41}},"57":{"start":{"line":210,"column":8},"end":{"line":210,"column":14}},"58":{"start":{"line":213,"column":8},"end":{"line":213,"column":76}},"59":{"start":{"line":221,"column":20},"end":{"line":221,"column":47}},"60":{"start":{"line":224,"column":33},"end":{"line":232,"column":6}},"61":{"start":{"line":234,"column":4},"end":{"line":234,"column":75}},"62":{"start":{"line":234,"column":48},"end":{"line":234,"column":73}},"63":{"start":{"line":241,"column":4},"end":{"line":241,"column":59}},"64":{"start":{"line":241,"column":34},"end":{"line":241,"column":57}},"65":{"start":{"line":35,"column":0},"end":{"line":35,"column":13}}},"fnMap":{"0":{"name":"(anonymous_0)","decl":{"start":{"line":39,"column":2},"end":{"line":39,"column":14}},"loc":{"start":{"line":39,"column":49},"end":{"line":47,"column":3}}},"1":{"name":"(anonymous_1)","decl":{"start":{"line":52,"column":2},"end":{"line":52,"column":7}},"loc":{"start":{"line":52,"column":21},"end":{"line":59,"column":3}}},"2":{"name":"(anonymous_2)","decl":{"start":{"line":64,"column":2},"end":{"line":64,"column":7}},"loc":{"start":{"line":64,"column":18},"end":{"line":81,"column":3}}},"3":{"name":"(anonymous_3)","decl":{"start":{"line":86,"column":2},"end":{"line":86,"column":7}},"loc":{"start":{"line":86,"column":48},"end":{"line":134,"column":3}}},"4":{"name":"(anonymous_4)","decl":{"start":{"line":139,"column":2},"end":{"line":139,"column":7}},"loc":{"start":{"line":139,"column":52},"end":{"line":148,"column":3}}},"5":{"name":"(anonymous_5)","decl":{"start":{"line":153,"column":2},"end":{"line":153,"column":7}},"loc":{"start":{"line":153,"column":33},"end":{"line":178,"column":3}}},"6":{"name":"(anonymous_6)","decl":{"start":{"line":183,"column":2},"end":{"line":183,"column":7}},"loc":{"start":{"line":183,"column":15},"end":{"line":193,"column":3}}},"7":{"name":"(anonymous_7)","decl":{"start":{"line":198,"column":10},"end":{"line":198,"column":15}},"loc":{"start":{"line":198,"column":56},"end":{"line":215,"column":3}}},"8":{"name":"(anonymous_8)","decl":{"start":{"line":220,"column":10},"end":{"line":220,"column":29}},"loc":{"start":{"line":220,"column":42},"end":{"line":235,"column":3}}},"9":{"name":"(anonymous_9)","decl":{"start":{"line":234,"column":37},"end":{"line":234,"column":44}},"loc":{"start":{"line":234,"column":48},"end":{"line":234,"column":73}}},"10":{"name":"(anonymous_10)","decl":{"start":{"line":240,"column":10},"end":{"line":240,"column":15}},"loc":{"start":{"line":240,"column":32},"end":{"line":242,"column":3}}},"11":{"name":"(anonymous_11)","decl":{"start":{"line":241,"column":23},"end":{"line":241,"column":30}},"loc":{"start":{"line":241,"column":34},"end":{"line":241,"column":57}}}},"branchMap":{"0":{"loc":{"start":{"line":39,"column":14},"end":{"line":39,"column":49}},"type":"default-arg","locations":[{"start":{"line":39,"column":47},"end":{"line":39,"column":49}}]},"1":{"loc":{"start":{"line":41,"column":21},"end":{"line":41,"column":47}},"type":"binary-expr","locations":[{"start":{"line":41,"column":21},"end":{"line":41,"column":42}},{"start":{"line":41,"column":46},"end":{"line":41,"column":47}}]},"2":{"loc":{"start":{"line":42,"column":18},"end":{"line":42,"column":44}},"type":"binary-expr","locations":[{"start":{"line":42,"column":18},"end":{"line":42,"column":36}},{"start":{"line":42,"column":40},"end":{"line":42,"column":44}}]},"3":{"loc":{"start":{"line":43,"column":15},"end":{"line":43,"column":39}},"type":"binary-expr","locations":[{"start":{"line":43,"column":15},"end":{"line":43,"column":30}},{"start":{"line":43,"column":34},"end":{"line":43,"column":39}}]},"4":{"loc":{"start":{"line":44,"column":20},"end":{"line":44,"column":48}},"type":"binary-expr","locations":[{"start":{"line":44,"column":20},"end":{"line":44,"column":40}},{"start":{"line":44,"column":44},"end":{"line":44,"column":48}}]},"5":{"loc":{"start":{"line":45,"column":22},"end":{"line":45,"column":66}},"type":"binary-expr","locations":[{"start":{"line":45,"column":22},"end":{"line":45,"column":44}},{"start":{"line":45,"column":48},"end":{"line":45,"column":66}}]},"6":{"loc":{"start":{"line":57,"column":48},"end":{"line":57,"column":104}},"type":"cond-expr","locations":[{"start":{"line":57,"column":73},"end":{"line":57,"column":86}},{"start":{"line":57,"column":89},"end":{"line":57,"column":104}}]},"7":{"loc":{"start":{"line":66,"column":6},"end":{"line":68,"column":7}},"type":"if","locations":[{"start":{"line":66,"column":6},"end":{"line":68,"column":7}}]},"8":{"loc":{"start":{"line":73,"column":6},"end":{"line":75,"column":7}},"type":"if","locations":[{"start":{"line":73,"column":6},"end":{"line":75,"column":7}}]},"9":{"loc":{"start":{"line":79,"column":47},"end":{"line":79,"column":103}},"type":"cond-expr","locations":[{"start":{"line":79,"column":72},"end":{"line":79,"column":85}},{"start":{"line":79,"column":88},"end":{"line":79,"column":103}}]},"10":{"loc":{"start":{"line":87,"column":4},"end":{"line":89,"column":5}},"type":"if","locations":[{"start":{"line":87,"column":4},"end":{"line":89,"column":5}}]},"11":{"loc":{"start":{"line":100,"column":24},"end":{"line":100,"column":95}},"type":"cond-expr","locations":[{"start":{"line":100,"column":52},"end":{"line":100,"column":83}},{"start":{"line":100,"column":86},"end":{"line":100,"column":95}}]},"12":{"loc":{"start":{"line":109,"column":20},"end":{"line":109,"column":77}},"type":"cond-expr","locations":[{"start":{"line":109,"column":45},"end":{"line":109,"column":50}},{"start":{"line":109,"column":53},"end":{"line":109,"column":77}}]},"13":{"loc":{"start":{"line":112,"column":8},"end":{"line":114,"column":9}},"type":"if","locations":[{"start":{"line":112,"column":8},"end":{"line":114,"column":9}}]},"14":{"loc":{"start":{"line":117,"column":8},"end":{"line":119,"column":9}},"type":"if","locations":[{"start":{"line":117,"column":8},"end":{"line":119,"column":9}}]},"15":{"loc":{"start":{"line":125,"column":20},"end":{"line":125,"column":91}},"type":"cond-expr","locations":[{"start":{"line":125,"column":48},"end":{"line":125,"column":79}},{"start":{"line":125,"column":82},"end":{"line":125,"column":91}}]},"16":{"loc":{"start":{"line":130,"column":13},"end":{"line":130,"column":50}},"type":"binary-expr","locations":[{"start":{"line":130,"column":13},"end":{"line":130,"column":31}},{"start":{"line":130,"column":35},"end":{"line":130,"column":50}}]},"17":{"loc":{"start":{"line":184,"column":4},"end":{"line":192,"column":5}},"type":"if","locations":[{"start":{"line":184,"column":4},"end":{"line":192,"column":5}}]},"18":{"loc":{"start":{"line":199,"column":4},"end":{"line":214,"column":5}},"type":"switch","locations":[{"start":{"line":200,"column":6},"end":{"line":202,"column":14}},{"start":{"line":204,"column":6},"end":{"line":206,"column":14}},{"start":{"line":208,"column":6},"end":{"line":210,"column":14}},{"start":{"line":212,"column":6},"end":{"line":213,"column":76}}]}},"s":{"0":2,"1":46,"2":46,"3":41,"4":41,"5":40,"6":1,"7":37,"8":37,"9":37,"10":37,"11":36,"12":36,"13":36,"14":1,"15":43,"16":1,"17":42,"18":42,"19":42,"20":42,"21":56,"22":56,"23":29,"24":29,"25":29,"26":27,"27":27,"28":9,"29":18,"30":14,"31":13,"32":13,"33":13,"34":7,"35":7,"36":16,"37":16,"38":7,"39":41,"40":41,"41":41,"42":41,"43":41,"44":1,"45":41,"46":0,"47":40,"48":37,"49":37,"50":37,"51":56,"52":31,"53":14,"54":10,"55":7,"56":15,"57":8,"58":0,"59":27,"60":27,"61":27,"62":166,"63":14,"64":14,"65":2},"f":{"0":46,"1":41,"2":37,"3":43,"4":7,"5":41,"6":40,"7":56,"8":27,"9":166,"10":14,"11":14},"b":{"0":[17],"1":[46,39],"2":[46,40],"3":[46,44],"4":[46,19],"5":[46,46],"6":[1,0],"7":[37],"8":[36],"9":[1,0],"10":[1],"11":[27,2],"12":[27,0],"13":[9],"14":[14],"15":[11,2],"16":[13,0],"17":[37],"18":[31,10,15,0]}}
,"/home/frankbria/projects/iris/src/protocol.ts": {"path":"/home/frankbria/projects/iris/src/protocol.ts","statementMap":{"0":{"start":{"line":40,"column":0},"end":{"line":40,"column":16}},"1":{"start":{"line":1,"column":0},"end":{"line":1,"column":48}},"2":{"start":{"line":2,"column":0},"end":{"line":2,"column":64}},"3":{"start":{"line":3,"column":0},"end":{"line":3,"column":84}},"4":{"start":{"line":41,"column":14},"end":{"line":41,"column":43}},"5":{"start":{"line":42,"column":19},"end":{"line":42,"column":55}},"6":{"start":{"line":43,"column":25},"end":{"line":43,"column":66}},"7":{"start":{"line":46,"column":26},"end":{"line":53,"column":19}},"8":{"start":{"line":47,"column":16},"end":{"line":47,"column":26}},"9":{"start":{"line":48,"column":4},"end":{"line":52,"column":5}},"10":{"start":{"line":49,"column":6},"end":{"line":51,"column":7}},"11":{"start":{"line":50,"column":8},"end":{"line":50,"column":37}},"12":{"start":{"line":55,"column":2},"end":{"line":146,"column":5}},"13":{"start":{"line":56,"column":4},"end":{"line":137,"column":7}},"14":{"start":{"line":58,"column":6},"end":{"line":62,"column":7}},"15":{"start":{"line":59,"column":8},"end":{"line":59,"column":42}},"16":{"start":{"line":61,"column":8},"end":{"line":61,"column":15}},"17":{"start":{"line":64,"column":35},"end":{"line":64,"column":65}},"18":{"start":{"line":66,"column":6},"end":{"line":134,"column":7}},"19":{"start":{"line":67,"column":8},"end":{"line":127,"column":9}},"20":{"start":{"line":69,"column":36},"end":{"line":69,"column":46}},"21":{"start":{"line":70,"column":12},"end":{"line":70,"column":52}},"22":{"start":{"line":71,"column":12},"end":{"line":71,"column":18}},"23":{"start":{"line":75,"column":48},"end":{"line":75,"column":64}},"24":{"start":{"line":76,"column":28},"end":{"line":76,"column":70}},"25":{"start":{"line":77,"column":12},"end":{"line":77,"column":38}},"26":{"start":{"line":78,"column":12},"end":{"line":82,"column":14}},"27":{"start":{"line":83,"column":12},"end":{"line":83,"column":18}},"28":{"start":{"line":87,"column":28},"end":{"line":87,"column":44}},"29":{"start":{"line":88,"column":12},"end":{"line":90,"column":13}},"30":{"start":{"line":89,"column":14},"end":{"line":89,"column":75}},"31":{"start":{"line":91,"column":12},"end":{"line":91,"column":47}},"32":{"start":{"line":92,"column":12},"end":{"line":92,"column":83}},"33":{"start":{"line":93,"column":12},"end":{"line":93,"column":18}},"34":{"start":{"line":97,"column":28},"end":{"line":97,"column":44}},"35":{"start":{"line":98,"column":12},"end":{"line":98,"column":64}},"36":{"start":{"line":99,"column":12},"end":{"line":99,"column":18}},"37":{"start":{"line":103,"column":50},"end":{"line":103,"column":60}},"38":{"start":{"line":104,"column":28},"end":{"line":104,"column":44}},"39":{"start":{"line":106,"column":12},"end":{"line":108,"column":13}},"40":{"start":{"line":107,"column":14},"end":{"line":107,"column":102}},"41":{"start":{"line":110,"column":27},"end":{"line":110,"column":90}},"42":{"start":{"line":111,"column":12},"end":{"line":111,"column":32}},"43":{"start":{"line":112,"column":12},"end":{"line":112,"column":18}},"44":{"start":{"line":116,"column":12},"end":{"line":116,"column":45}},"45":{"start":{"line":117,"column":12},"end":{"line":117,"column":18}},"46":{"start":{"line":121,"column":12},"end":{"line":121,"column":42}},"47":{"start":{"line":122,"column":12},"end":{"line":122,"column":18}},"48":{"start":{"line":126,"column":12},"end":{"line":126,"column":64}},"49":{"start":{"line":129,"column":8},"end":{"line":133,"column":10}},"50":{"start":{"line":136,"column":6},"end":{"line":136,"column":35}},"51":{"start":{"line":139,"column":4},"end":{"line":141,"column":7}},"52":{"start":{"line":140,"column":6},"end":{"line":140,"column":35}},"53":{"start":{"line":143,"column":4},"end":{"line":145,"column":7}},"54":{"start":{"line":144,"column":6},"end":{"line":144,"column":35}},"55":{"start":{"line":148,"column":2},"end":{"line":154,"column":5}},"56":{"start":{"line":149,"column":4},"end":{"line":149,"column":35}},"57":{"start":{"line":151,"column":4},"end":{"line":153,"column":5}},"58":{"start":{"line":152,"column":6},"end":{"line":152,"column":35}},"59":{"start":{"line":156,"column":2},"end":{"line":156,"column":13}},"60":{"start":{"line":163,"column":19},"end":{"line":163,"column":53}},"61":{"start":{"line":165,"column":34},"end":{"line":170,"column":4}},"62":{"start":{"line":172,"column":2},"end":{"line":172,"column":17}},"63":{"start":{"line":189,"column":2},"end":{"line":239,"column":3}},"64":{"start":{"line":190,"column":4},"end":{"line":190,"column":38}},"65":{"start":{"line":193,"column":4},"end":{"line":195,"column":5}},"66":{"start":{"line":194,"column":6},"end":{"line":194,"column":57}},"67":{"start":{"line":197,"column":37},"end":{"line":197,"column":39}},"68":{"start":{"line":198,"column":28},"end":{"line":198,"column":32}},"69":{"start":{"line":201,"column":4},"end":{"line":210,"column":5}},"70":{"start":{"line":202,"column":26},"end":{"line":202,"column":81}},"71":{"start":{"line":203,"column":6},"end":{"line":203,"column":38}},"72":{"start":{"line":204,"column":6},"end":{"line":204,"column":45}},"73":{"start":{"line":205,"column":11},"end":{"line":210,"column":5}},"74":{"start":{"line":207,"column":6},"end":{"line":207,"column":33}},"75":{"start":{"line":209,"column":6},"end":{"line":209,"column":72}},"76":{"start":{"line":212,"column":4},"end":{"line":219,"column":5}},"77":{"start":{"line":213,"column":6},"end":{"line":218,"column":8}},"78":{"start":{"line":222,"column":20},"end":{"line":222,"column":89}},"79":{"start":{"line":224,"column":20},"end":{"line":224,"column":59}},"80":{"start":{"line":224,"column":44},"end":{"line":224,"column":58}},"81":{"start":{"line":226,"column":4},"end":{"line":231,"column":6}},"82":{"start":{"line":234,"column":4},"end":{"line":238,"column":6}},"83":{"start":{"line":246,"column":2},"end":{"line":252,"column":3}},"84":{"start":{"line":247,"column":4},"end":{"line":251,"column":6}},"85":{"start":{"line":254,"column":32},"end":{"line":258,"column":4}},"86":{"start":{"line":261,"column":2},"end":{"line":271,"column":3}},"87":{"start":{"line":262,"column":4},"end":{"line":270,"column":5}},"88":{"start":{"line":263,"column":22},"end":{"line":263,"column":73}},"89":{"start":{"line":264,"column":6},"end":{"line":267,"column":8}},"90":{"start":{"line":273,"column":2},"end":{"line":273,"column":16}},"91":{"start":{"line":280,"column":18},"end":{"line":280,"column":34}},"92":{"start":{"line":281,"column":2},"end":{"line":288,"column":3}},"93":{"start":{"line":282,"column":4},"end":{"line":286,"column":5}},"94":{"start":{"line":283,"column":6},"end":{"line":283,"column":39}},"95":{"start":{"line":287,"column":4},"end":{"line":287,"column":24}},"96":{"start":{"line":295,"column":2},"end":{"line":295,"column":76}}},"fnMap":{"0":{"name":"startServer","decl":{"start":{"line":40,"column":16},"end":{"line":40,"column":27}},"loc":{"start":{"line":40,"column":79},"end":{"line":157,"column":1}}},"1":{"name":"(anonymous_1)","decl":{"start":{"line":46,"column":38},"end":{"line":46,"column":41}},"loc":{"start":{"line":46,"column":43},"end":{"line":53,"column":3}}},"2":{"name":"(anonymous_2)","decl":{"start":{"line":55,"column":23},"end":{"line":55,"column":24}},"loc":{"start":{"line":55,"column":30},"end":{"line":146,"column":3}}},"3":{"name":"(anonymous_3)","decl":{"start":{"line":56,"column":21},"end":{"line":56,"column":26}},"loc":{"start":{"line":56,"column":36},"end":{"line":137,"column":5}}},"4":{"name":"(anonymous_4)","decl":{"start":{"line":139,"column":19},"end":{"line":139,"column":22}},"loc":{"start":{"line":139,"column":24},"end":{"line":141,"column":5}}},"5":{"name":"(anonymous_5)","decl":{"start":{"line":143,"column":19},"end":{"line":143,"column":22}},"loc":{"start":{"line":143,"column":24},"end":{"line":145,"column":5}}},"6":{"name":"(anonymous_6)","decl":{"start":{"line":148,"column":18},"end":{"line":148,"column":21}},"loc":{"start":{"line":148,"column":23},"end":{"line":154,"column":3}}},"7":{"name":"createBrowserSession","decl":{"start":{"line":162,"column":15},"end":{"line":162,"column":35}},"loc":{"start":{"line":162,"column":74},"end":{"line":173,"column":1}}},"8":{"name":"executeBrowserActions","decl":{"start":{"line":178,"column":15},"end":{"line":178,"column":36}},"loc":{"start":{"line":182,"column":14},"end":{"line":240,"column":1}}},"9":{"name":"(anonymous_9)","decl":{"start":{"line":224,"column":34},"end":{"line":224,"column":40}},"loc":{"start":{"line":224,"column":44},"end":{"line":224,"column":58}}},"10":{"name":"getBrowserSessionStatus","decl":{"start":{"line":245,"column":15},"end":{"line":245,"column":38}},"loc":{"start":{"line":245,"column":63},"end":{"line":274,"column":1}}},"11":{"name":"cleanupSession","decl":{"start":{"line":279,"column":15},"end":{"line":279,"column":29}},"loc":{"start":{"line":279,"column":85},"end":{"line":289,"column":1}}},"12":{"name":"getSessionId","decl":{"start":{"line":294,"column":9},"end":{"line":294,"column":21}},"loc":{"start":{"line":294,"column":35},"end":{"line":296,"column":1}}}},"branchMap":{"0":{"loc":{"start":{"line":43,"column":25},"end":{"line":43,"column":66}},"type":"binary-expr","locations":[{"start":{"line":43,"column":25},"end":{"line":43,"column":48}},{"start":{"line":43,"column":52},"end":{"line":43,"column":66}}]},"1":{"loc":{"start":{"line":49,"column":6},"end":{"line":51,"column":7}},"type":"if","locations":[{"start":{"line":49,"column":6},"end":{"line":51,"column":7}}]},"2":{"loc":{"start":{"line":67,"column":8},"end":{"line":127,"column":9}},"type":"switch","locations":[{"start":{"line":68,"column":10},"end":{"line":72,"column":11}},{"start":{"line":74,"column":10},"end":{"line":84,"column":11}},{"start":{"line":86,"column":10},"end":{"line":94,"column":11}},{"start":{"line":96,"column":10},"end":{"line":100,"column":11}},{"start":{"line":102,"column":10},"end":{"line":113,"column":11}},{"start":{"line":115,"column":10},"end":{"line":118,"column":11}},{"start":{"line":120,"column":10},"end":{"line":123,"column":11}},{"start":{"line":125,"column":10},"end":{"line":126,"column":64}}]},"3":{"loc":{"start":{"line":75,"column":48},"end":{"line":75,"column":64}},"type":"binary-expr","locations":[{"start":{"line":75,"column":48},"end":{"line":75,"column":58}},{"start":{"line":75,"column":62},"end":{"line":75,"column":64}}]},"4":{"loc":{"start":{"line":88,"column":12},"end":{"line":90,"column":13}},"type":"if","locations":[{"start":{"line":88,"column":12},"end":{"line":90,"column":13}}]},"5":{"loc":{"start":{"line":106,"column":12},"end":{"line":108,"column":13}},"type":"if","locations":[{"start":{"line":106,"column":12},"end":{"line":108,"column":13}}]},"6":{"loc":{"start":{"line":130,"column":16},"end":{"line":130,"column":34}},"type":"binary-expr","locations":[{"start":{"line":130,"column":16},"end":{"line":130,"column":24}},{"start":{"line":130,"column":28},"end":{"line":130,"column":34}}]},"7":{"loc":{"start":{"line":131,"column":19},"end":{"line":131,"column":48}},"type":"binary-expr","locations":[{"start":{"line":131,"column":19},"end":{"line":131,"column":30}},{"start":{"line":131,"column":34},"end":{"line":131,"column":48}}]},"8":{"loc":{"start":{"line":193,"column":4},"end":{"line":195,"column":5}},"type":"if","locations":[{"start":{"line":193,"column":4},"end":{"line":195,"column":5}}]},"9":{"loc":{"start":{"line":201,"column":4},"end":{"line":210,"column":5}},"type":"if","locations":[{"start":{"line":201,"column":4},"end":{"line":210,"column":5}},{"start":{"line":205,"column":11},"end":{"line":210,"column":5}}]},"10":{"loc":{"start":{"line":202,"column":55},"end":{"line":202,"column":80}},"type":"cond-expr","locations":[{"start":{"line":202,"column":61},"end":{"line":202,"column":68}},{"start":{"line":202,"column":71},"end":{"line":202,"column":80}}]},"11":{"loc":{"start":{"line":205,"column":11},"end":{"line":210,"column":5}},"type":"if","locations":[{"start":{"line":205,"column":11},"end":{"line":210,"column":5}},{"start":{"line":208,"column":11},"end":{"line":210,"column":5}}]},"12":{"loc":{"start":{"line":212,"column":4},"end":{"line":219,"column":5}},"type":"if","locations":[{"start":{"line":212,"column":4},"end":{"line":219,"column":5}}]},"13":{"loc":{"start":{"line":230,"column":13},"end":{"line":230,"column":56}},"type":"cond-expr","locations":[{"start":{"line":230,"column":23},"end":{"line":230,"column":32}},{"start":{"line":230,"column":35},"end":{"line":230,"column":56}}]},"14":{"loc":{"start":{"line":237,"column":13},"end":{"line":237,"column":69}},"type":"cond-expr","locations":[{"start":{"line":237,"column":38},"end":{"line":237,"column":51}},{"start":{"line":237,"column":54},"end":{"line":237,"column":69}}]},"15":{"loc":{"start":{"line":246,"column":2},"end":{"line":252,"column":3}},"type":"if","locations":[{"start":{"line":246,"column":2},"end":{"line":252,"column":3}}]},"16":{"loc":{"start":{"line":261,"column":2},"end":{"line":271,"column":3}},"type":"if","locations":[{"start":{"line":261,"column":2},"end":{"line":271,"column":3}}]},"17":{"loc":{"start":{"line":281,"column":2},"end":{"line":288,"column":3}},"type":"if","locations":[{"start":{"line":281,"column":2},"end":{"line":288,"column":3}}]}},"s":{"0":1,"1":1,"2":1,"3":1,"4":1,"5":1,"6":1,"7":1,"8":0,"9":0,"10":0,"11":0,"12":1,"13":11,"14":21,"15":21,"16":1,"17":20,"18":20,"19":20,"20":1,"21":1,"22":1,"23":3,"24":3,"25":3,"26":3,"27":3,"28":4,"29":4,"30":1,"31":3,"32":3,"33":3,"34":4,"35":4,"36":4,"37":4,"38":4,"39":4,"40":1,"41":3,"42":3,"43":3,"44":2,"45":2,"46":1,"47":1,"48":1,"49":3,"50":20,"51":11,"52":10,"53":11,"54":0,"55":1,"56":1,"57":1,"58":0,"59":1,"60":3,"61":3,"62":3,"63":3,"64":3,"65":3,"66":3,"67":3,"68":3,"69":3,"70":1,"71":1,"72":1,"73":2,"74":1,"75":1,"76":2,"77":0,"78":2,"79":2,"80":3,"81":2,"82":1,"83":4,"84":2,"85":2,"86":2,"87":1,"88":1,"89":1,"90":2,"91":13,"92":13,"93":3,"94":3,"95":3,"96":3},"f":{"0":1,"1":0,"2":11,"3":21,"4":10,"5":0,"6":1,"7":3,"8":3,"9":3,"10":4,"11":13,"12":3},"b":{"0":[1,1],"1":[0],"2":[1,3,4,4,4,2,1,1],"3":[3,3],"4":[1],"5":[1],"6":[3,0],"7":[3,0],"8":[3],"9":[1,2],"10":[0,1],"11":[1,1],"12":[0],"13":[2,0],"14":[1,0],"15":[2],"16":[1],"17":[3]}}
,"/home/frankbria/projects/iris/src/translator.ts": {"path":"/home/frankbria/projects/iris/src/translator.ts","statementMap":{"0":{"start":{"line":20,"column":0},"end":{"line":20,"column":7}},"1":{"start":{"line":35,"column":0},"end":{"line":35,"column":16}},"2":{"start":{"line":1,"column":0},"end":{"line":1,"column":54}},"3":{"start":{"line":2,"column":0},"end":{"line":2,"column":67}},"4":{"start":{"line":22,"column":24},"end":{"line":22,"column":58}},"5":{"start":{"line":23,"column":2},"end":{"line":25,"column":3}},"6":{"start":{"line":24,"column":4},"end":{"line":24,"column":25}},"7":{"start":{"line":28,"column":2},"end":{"line":28,"column":53}},"8":{"start":{"line":36,"column":2},"end":{"line":36,"column":52}},"9":{"start":{"line":40,"column":18},"end":{"line":40,"column":36}},"10":{"start":{"line":43,"column":24},"end":{"line":48,"column":4}},"11":{"start":{"line":50,"column":2},"end":{"line":60,"column":3}},"12":{"start":{"line":51,"column":18},"end":{"line":51,"column":39}},"13":{"start":{"line":52,"column":4},"end":{"line":59,"column":5}},"14":{"start":{"line":53,"column":6},"end":{"line":58,"column":8}},"15":{"start":{"line":63,"column":23},"end":{"line":65,"column":4}},"16":{"start":{"line":67,"column":2},"end":{"line":77,"column":3}},"17":{"start":{"line":68,"column":18},"end":{"line":68,"column":39}},"18":{"start":{"line":69,"column":4},"end":{"line":76,"column":5}},"19":{"start":{"line":70,"column":6},"end":{"line":75,"column":8}},"20":{"start":{"line":80,"column":24},"end":{"line":84,"column":4}},"21":{"start":{"line":86,"column":2},"end":{"line":96,"column":3}},"22":{"start":{"line":87,"column":18},"end":{"line":87,"column":39}},"23":{"start":{"line":88,"column":4},"end":{"line":95,"column":5}},"24":{"start":{"line":89,"column":6},"end":{"line":94,"column":8}},"25":{"start":{"line":99,"column":22},"end":{"line":104,"column":4}},"26":{"start":{"line":106,"column":2},"end":{"line":116,"column":3}},"27":{"start":{"line":107,"column":18},"end":{"line":107,"column":39}},"28":{"start":{"line":108,"column":4},"end":{"line":115,"column":5}},"29":{"start":{"line":109,"column":6},"end":{"line":114,"column":8}},"30":{"start":{"line":118,"column":2},"end":{"line":123,"column":4}},"31":{"start":{"line":127,"column":2},"end":{"line":172,"column":3}},"32":{"start":{"line":128,"column":19},"end":{"line":128,"column":31}},"33":{"start":{"line":129,"column":25},"end":{"line":129,"column":47}},"34":{"start":{"line":131,"column":4},"end":{"line":138,"column":5}},"35":{"start":{"line":132,"column":6},"end":{"line":137,"column":8}},"36":{"start":{"line":140,"column":21},"end":{"line":140,"column":43}},"37":{"start":{"line":141,"column":24},"end":{"line":141,"column":52}},"38":{"start":{"line":143,"column":4},"end":{"line":150,"column":5}},"39":{"start":{"line":144,"column":6},"end":{"line":149,"column":8}},"40":{"start":{"line":152,"column":42},"end":{"line":155,"column":6}},"41":{"start":{"line":157,"column":21},"end":{"line":157,"column":65}},"42":{"start":{"line":159,"column":4},"end":{"line":164,"column":6}},"43":{"start":{"line":166,"column":4},"end":{"line":171,"column":6}}},"fnMap":{"0":{"name":"translate","decl":{"start":{"line":20,"column":22},"end":{"line":20,"column":31}},"loc":{"start":{"line":20,"column":79},"end":{"line":29,"column":1}}},"1":{"name":"translateSync","decl":{"start":{"line":35,"column":16},"end":{"line":35,"column":29}},"loc":{"start":{"line":35,"column":49},"end":{"line":37,"column":1}}},"2":{"name":"translateWithPatterns","decl":{"start":{"line":39,"column":9},"end":{"line":39,"column":30}},"loc":{"start":{"line":39,"column":50},"end":{"line":124,"column":1}}},"3":{"name":"translateWithAI","decl":{"start":{"line":126,"column":15},"end":{"line":126,"column":30}},"loc":{"start":{"line":126,"column":78},"end":{"line":173,"column":1}}}},"branchMap":{"0":{"loc":{"start":{"line":23,"column":2},"end":{"line":25,"column":3}},"type":"if","locations":[{"start":{"line":23,"column":2},"end":{"line":25,"column":3}}]},"1":{"loc":{"start":{"line":52,"column":4},"end":{"line":59,"column":5}},"type":"if","locations":[{"start":{"line":52,"column":4},"end":{"line":59,"column":5}}]},"2":{"loc":{"start":{"line":69,"column":4},"end":{"line":76,"column":5}},"type":"if","locations":[{"start":{"line":69,"column":4},"end":{"line":76,"column":5}}]},"3":{"loc":{"start":{"line":88,"column":4},"end":{"line":95,"column":5}},"type":"if","locations":[{"start":{"line":88,"column":4},"end":{"line":95,"column":5}}]},"4":{"loc":{"start":{"line":108,"column":4},"end":{"line":115,"column":5}},"type":"if","locations":[{"start":{"line":108,"column":4},"end":{"line":115,"column":5}}]},"5":{"loc":{"start":{"line":131,"column":4},"end":{"line":138,"column":5}},"type":"if","locations":[{"start":{"line":131,"column":4},"end":{"line":138,"column":5}}]},"6":{"loc":{"start":{"line":143,"column":4},"end":{"line":150,"column":5}},"type":"if","locations":[{"start":{"line":143,"column":4},"end":{"line":150,"column":5}}]},"7":{"loc":{"start":{"line":154,"column":15},"end":{"line":154,"column":57}},"type":"cond-expr","locations":[{"start":{"line":154,"column":25},"end":{"line":154,"column":45}},{"start":{"line":154,"column":48},"end":{"line":154,"column":57}}]},"8":{"loc":{"start":{"line":170,"column":42},"end":{"line":170,"column":98}},"type":"cond-expr","locations":[{"start":{"line":170,"column":67},"end":{"line":170,"column":80}},{"start":{"line":170,"column":83},"end":{"line":170,"column":98}}]}},"s":{"0":3,"1":3,"2":3,"3":3,"4":19,"5":19,"6":13,"7":6,"8":5,"9":24,"10":24,"11":24,"12":77,"13":77,"14":8,"15":16,"16":16,"17":16,"18":16,"19":1,"20":15,"21":15,"22":42,"23":42,"24":3,"25":12,"26":12,"27":39,"28":39,"29":5,"30":7,"31":6,"32":6,"33":6,"34":6,"35":2,"36":4,"37":4,"38":4,"39":1,"40":3,"41":3,"42":2,"43":1},"f":{"0":19,"1":5,"2":24,"3":6},"b":{"0":[13],"1":[8],"2":[1],"3":[3],"4":[5],"5":[2],"6":[1],"7":[1,2],"8":[1,0]}}
,"/home/frankbria/projects/iris/src/watcher.ts": {"path":"/home/frankbria/projects/iris/src/watcher.ts","statementMap":{"0":{"start":{"line":352,"column":0},"end":{"line":352,"column":7}},"1":{"start":{"line":365,"column":0},"end":{"line":365,"column":7}},"2":{"start":{"line":1,"column":0},"end":{"line":1,"column":32}},"3":{"start":{"line":2,"column":0},"end":{"line":2,"column":38}},"4":{"start":{"line":3,"column":0},"end":{"line":3,"column":41}},"5":{"start":{"line":4,"column":0},"end":{"line":4,"column":57}},"6":{"start":{"line":5,"column":0},"end":{"line":5,"column":84}},"7":{"start":{"line":7,"column":0},"end":{"line":7,"column":29}},"8":{"start":{"line":8,"column":0},"end":{"line":8,"column":25}},"9":{"start":{"line":35,"column":10},"end":{"line":35,"column":28}},"10":{"start":{"line":38,"column":10},"end":{"line":38,"column":39}},"11":{"start":{"line":41,"column":19},"end":{"line":41,"column":31}},"12":{"start":{"line":42,"column":4},"end":{"line":54,"column":6}},"13":{"start":{"line":58,"column":4},"end":{"line":61,"column":5}},"14":{"start":{"line":59,"column":6},"end":{"line":59,"column":49}},"15":{"start":{"line":60,"column":6},"end":{"line":60,"column":13}},"16":{"start":{"line":63,"column":4},"end":{"line":63,"column":47}},"17":{"start":{"line":64,"column":4},"end":{"line":64,"column":68}},"18":{"start":{"line":65,"column":4},"end":{"line":65,"column":66}},"19":{"start":{"line":66,"column":4},"end":{"line":66,"column":61}},"20":{"start":{"line":67,"column":4},"end":{"line":67,"column":61}},"21":{"start":{"line":68,"column":4},"end":{"line":68,"column":93}},"22":{"start":{"line":70,"column":4},"end":{"line":79,"column":5}},"23":{"start":{"line":71,"column":6},"end":{"line":71,"column":83}},"24":{"start":{"line":72,"column":6},"end":{"line":72,"column":66}},"25":{"start":{"line":73,"column":6},"end":{"line":78,"column":7}},"26":{"start":{"line":74,"column":8},"end":{"line":74,"column":46}},"27":{"start":{"line":76,"column":8},"end":{"line":76,"column":70}},"28":{"start":{"line":77,"column":8},"end":{"line":77,"column":20}},"29":{"start":{"line":81,"column":4},"end":{"line":88,"column":7}},"30":{"start":{"line":90,"column":4},"end":{"line":98,"column":9}},"31":{"start":{"line":91,"column":31},"end":{"line":91,"column":68}},"32":{"start":{"line":92,"column":34},"end":{"line":92,"column":74}},"33":{"start":{"line":93,"column":34},"end":{"line":93,"column":74}},"34":{"start":{"line":94,"column":30},"end":{"line":94,"column":68}},"35":{"start":{"line":96,"column":8},"end":{"line":96,"column":30}},"36":{"start":{"line":97,"column":8},"end":{"line":97,"column":69}},"37":{"start":{"line":102,"column":4},"end":{"line":104,"column":5}},"38":{"start":{"line":103,"column":6},"end":{"line":103,"column":13}},"39":{"start":{"line":106,"column":4},"end":{"line":106,"column":48}},"40":{"start":{"line":108,"column":4},"end":{"line":111,"column":5}},"41":{"start":{"line":109,"column":6},"end":{"line":109,"column":39}},"42":{"start":{"line":110,"column":6},"end":{"line":110,"column":37}},"43":{"start":{"line":113,"column":4},"end":{"line":116,"column":5}},"44":{"start":{"line":114,"column":6},"end":{"line":114,"column":33}},"45":{"start":{"line":115,"column":6},"end":{"line":115,"column":31}},"46":{"start":{"line":119,"column":4},"end":{"line":119,"column":39}},"47":{"start":{"line":121,"column":4},"end":{"line":121,"column":27}},"48":{"start":{"line":122,"column":4},"end":{"line":122,"column":42}},"49":{"start":{"line":126,"column":30},"end":{"line":130,"column":6}},"50":{"start":{"line":133,"column":4},"end":{"line":135,"column":5}},"51":{"start":{"line":134,"column":6},"end":{"line":134,"column":39}},"52":{"start":{"line":138,"column":4},"end":{"line":140,"column":32}},"53":{"start":{"line":139,"column":6},"end":{"line":139,"column":37}},"54":{"start":{"line":144,"column":22},"end":{"line":144,"column":32}},"55":{"start":{"line":145,"column":38},"end":{"line":145,"column":47}},"56":{"start":{"line":146,"column":46},"end":{"line":146,"column":48}},"57":{"start":{"line":148,"column":4},"end":{"line":253,"column":5}},"58":{"start":{"line":149,"column":6},"end":{"line":149,"column":58}},"59":{"start":{"line":150,"column":6},"end":{"line":150,"column":66}},"60":{"start":{"line":152,"column":21},"end":{"line":154,"column":8}},"61":{"start":{"line":156,"column":6},"end":{"line":156,"column":62}},"62":{"start":{"line":157,"column":6},"end":{"line":157,"column":67}},"63":{"start":{"line":158,"column":6},"end":{"line":158,"column":57}},"64":{"start":{"line":159,"column":6},"end":{"line":161,"column":7}},"65":{"start":{"line":160,"column":8},"end":{"line":160,"column":57}},"66":{"start":{"line":163,"column":6},"end":{"line":167,"column":7}},"67":{"start":{"line":164,"column":8},"end":{"line":164,"column":65}},"68":{"start":{"line":165,"column":8},"end":{"line":165,"column":25}},"69":{"start":{"line":166,"column":8},"end":{"line":166,"column":15}},"70":{"start":{"line":170,"column":6},"end":{"line":223,"column":7}},"71":{"start":{"line":171,"column":8},"end":{"line":171,"column":60}},"72":{"start":{"line":173,"column":8},"end":{"line":220,"column":9}},"73":{"start":{"line":175,"column":10},"end":{"line":177,"column":11}},"74":{"start":{"line":176,"column":12},"end":{"line":176,"column":50}},"75":{"start":{"line":179,"column":10},"end":{"line":181,"column":11}},"76":{"start":{"line":180,"column":12},"end":{"line":180,"column":63}},"77":{"start":{"line":184,"column":10},"end":{"line":201,"column":11}},"78":{"start":{"line":184,"column":23},"end":{"line":184,"column":24}},"79":{"start":{"line":185,"column":27},"end":{"line":185,"column":44}},"80":{"start":{"line":186,"column":12},"end":{"line":186,"column":207}},"81":{"start":{"line":188,"column":31},"end":{"line":188,"column":83}},"82":{"start":{"line":189,"column":12},"end":{"line":189,"column":46}},"83":{"start":{"line":191,"column":12},"end":{"line":200,"column":13}},"84":{"start":{"line":192,"column":14},"end":{"line":192,"column":69}},"85":{"start":{"line":193,"column":14},"end":{"line":195,"column":15}},"86":{"start":{"line":194,"column":16},"end":{"line":194,"column":77}},"87":{"start":{"line":197,"column":14},"end":{"line":197,"column":62}},"88":{"start":{"line":198,"column":14},"end":{"line":198,"column":31}},"89":{"start":{"line":204,"column":31},"end":{"line":204,"column":77}},"90":{"start":{"line":204,"column":60},"end":{"line":204,"column":69}},"91":{"start":{"line":205,"column":29},"end":{"line":205,"column":52}},"92":{"start":{"line":207,"column":10},"end":{"line":212,"column":11}},"93":{"start":{"line":208,"column":12},"end":{"line":208,"column":82}},"94":{"start":{"line":210,"column":12},"end":{"line":210,"column":94}},"95":{"start":{"line":211,"column":12},"end":{"line":211,"column":29}},"96":{"start":{"line":215,"column":10},"end":{"line":215,"column":27}},"97":{"start":{"line":216,"column":10},"end":{"line":216,"column":132}},"98":{"start":{"line":219,"column":10},"end":{"line":219,"column":45}},"99":{"start":{"line":222,"column":8},"end":{"line":222,"column":68}},"100":{"start":{"line":226,"column":6},"end":{"line":226,"column":23}},"101":{"start":{"line":227,"column":6},"end":{"line":227,"column":62}},"102":{"start":{"line":229,"column":22},"end":{"line":229,"column":32}},"103":{"start":{"line":232,"column":6},"end":{"line":252,"column":7}},"104":{"start":{"line":233,"column":23},"end":{"line":233,"column":94}},"105":{"start":{"line":234,"column":19},"end":{"line":234,"column":45}},"106":{"start":{"line":237,"column":32},"end":{"line":237,"column":105}},"107":{"start":{"line":238,"column":8},"end":{"line":241,"column":9}},"108":{"start":{"line":239,"column":31},"end":{"line":239,"column":77}},"109":{"start":{"line":239,"column":60},"end":{"line":239,"column":69}},"110":{"start":{"line":240,"column":10},"end":{"line":240,"column":97}},"111":{"start":{"line":243,"column":8},"end":{"line":248,"column":11}},"112":{"start":{"line":249,"column":8},"end":{"line":249,"column":19}},"113":{"start":{"line":251,"column":8},"end":{"line":251,"column":85}},"114":{"start":{"line":260,"column":4},"end":{"line":262,"column":5}},"115":{"start":{"line":261,"column":6},"end":{"line":261,"column":13}},"116":{"start":{"line":264,"column":4},"end":{"line":287,"column":5}},"117":{"start":{"line":265,"column":6},"end":{"line":265,"column":56}},"118":{"start":{"line":267,"column":53},"end":{"line":276,"column":8}},"119":{"start":{"line":278,"column":6},"end":{"line":278,"column":58}},"120":{"start":{"line":279,"column":6},"end":{"line":279,"column":42}},"121":{"start":{"line":280,"column":6},"end":{"line":280,"column":51}},"122":{"start":{"line":281,"column":6},"end":{"line":281,"column":39}},"123":{"start":{"line":283,"column":6},"end":{"line":283,"column":51}},"124":{"start":{"line":285,"column":6},"end":{"line":285,"column":40}},"125":{"start":{"line":286,"column":6},"end":{"line":286,"column":124}},"126":{"start":{"line":294,"column":4},"end":{"line":296,"column":5}},"127":{"start":{"line":295,"column":6},"end":{"line":295,"column":13}},"128":{"start":{"line":298,"column":4},"end":{"line":298,"column":53}},"129":{"start":{"line":300,"column":4},"end":{"line":314,"column":5}},"130":{"start":{"line":301,"column":6},"end":{"line":304,"column":7}},"131":{"start":{"line":302,"column":8},"end":{"line":302,"column":38}},"132":{"start":{"line":303,"column":8},"end":{"line":303,"column":34}},"133":{"start":{"line":305,"column":6},"end":{"line":305,"column":28}},"134":{"start":{"line":306,"column":6},"end":{"line":306,"column":40}},"135":{"start":{"line":307,"column":6},"end":{"line":307,"column":50}},"136":{"start":{"line":309,"column":6},"end":{"line":309,"column":99}},"137":{"start":{"line":311,"column":6},"end":{"line":311,"column":32}},"138":{"start":{"line":312,"column":6},"end":{"line":312,"column":28}},"139":{"start":{"line":313,"column":6},"end":{"line":313,"column":40}},"140":{"start":{"line":321,"column":4},"end":{"line":323,"column":5}},"141":{"start":{"line":322,"column":6},"end":{"line":322,"column":13}},"142":{"start":{"line":325,"column":4},"end":{"line":325,"column":61}},"143":{"start":{"line":327,"column":4},"end":{"line":340,"column":5}},"144":{"start":{"line":329,"column":6},"end":{"line":329,"column":41}},"145":{"start":{"line":332,"column":6},"end":{"line":332,"column":62}},"146":{"start":{"line":332,"column":35},"end":{"line":332,"column":60}},"147":{"start":{"line":335,"column":6},"end":{"line":335,"column":44}},"148":{"start":{"line":336,"column":6},"end":{"line":336,"column":49}},"149":{"start":{"line":338,"column":6},"end":{"line":338,"column":106}},"150":{"start":{"line":339,"column":6},"end":{"line":339,"column":40}},"151":{"start":{"line":344,"column":4},"end":{"line":348,"column":6}},"152":{"start":{"line":31,"column":0},"end":{"line":31,"column":13}},"153":{"start":{"line":353,"column":2},"end":{"line":353,"column":34}},"154":{"start":{"line":370,"column":32},"end":{"line":370,"column":34}},"155":{"start":{"line":372,"column":2},"end":{"line":392,"column":3}},"156":{"start":{"line":374,"column":4},"end":{"line":376,"column":5}},"157":{"start":{"line":375,"column":6},"end":{"line":375,"column":101}},"158":{"start":{"line":379,"column":4},"end":{"line":391,"column":5}},"159":{"start":{"line":381,"column":6},"end":{"line":381,"column":34}},"160":{"start":{"line":384,"column":19},"end":{"line":384,"column":92}},"161":{"start":{"line":384,"column":25},"end":{"line":384,"column":38}},"162":{"start":{"line":384,"column":49},"end":{"line":384,"column":91}},"163":{"start":{"line":384,"column":86},"end":{"line":384,"column":90}},"164":{"start":{"line":385,"column":6},"end":{"line":390,"column":7}},"165":{"start":{"line":386,"column":8},"end":{"line":386,"column":29}},"166":{"start":{"line":389,"column":8},"end":{"line":389,"column":36}},"167":{"start":{"line":394,"column":2},"end":{"line":396,"column":3}},"168":{"start":{"line":395,"column":4},"end":{"line":395,"column":38}},"169":{"start":{"line":399,"column":2},"end":{"line":415,"column":3}},"170":{"start":{"line":400,"column":4},"end":{"line":402,"column":5}},"171":{"start":{"line":401,"column":6},"end":{"line":401,"column":49}},"172":{"start":{"line":403,"column":4},"end":{"line":405,"column":5}},"173":{"start":{"line":404,"column":6},"end":{"line":404,"column":51}},"174":{"start":{"line":406,"column":4},"end":{"line":408,"column":5}},"175":{"start":{"line":407,"column":6},"end":{"line":407,"column":63}},"176":{"start":{"line":409,"column":4},"end":{"line":411,"column":5}},"177":{"start":{"line":410,"column":6},"end":{"line":410,"column":61}},"178":{"start":{"line":412,"column":4},"end":{"line":414,"column":5}},"179":{"start":{"line":413,"column":6},"end":{"line":413,"column":55}},"180":{"start":{"line":417,"column":18},"end":{"line":417,"column":46}},"181":{"start":{"line":420,"column":18},"end":{"line":424,"column":3}},"182":{"start":{"line":421,"column":4},"end":{"line":421,"column":52}},"183":{"start":{"line":422,"column":4},"end":{"line":422,"column":25}},"184":{"start":{"line":423,"column":4},"end":{"line":423,"column":20}},"185":{"start":{"line":426,"column":2},"end":{"line":426,"column":32}},"186":{"start":{"line":427,"column":2},"end":{"line":427,"column":33}},"187":{"start":{"line":429,"column":2},"end":{"line":429,"column":24}},"188":{"start":{"line":432,"column":2},"end":{"line":432,"column":31}}},"fnMap":{"0":{"name":"(anonymous_10)","decl":{"start":{"line":40,"column":2},"end":{"line":40,"column":14}},"loc":{"start":{"line":40,"column":40},"end":{"line":55,"column":3}}},"1":{"name":"(anonymous_11)","decl":{"start":{"line":57,"column":2},"end":{"line":57,"column":7}},"loc":{"start":{"line":57,"column":13},"end":{"line":99,"column":3}}},"2":{"name":"(anonymous_12)","decl":{"start":{"line":91,"column":17},"end":{"line":91,"column":18}},"loc":{"start":{"line":91,"column":31},"end":{"line":91,"column":68}}},"3":{"name":"(anonymous_13)","decl":{"start":{"line":92,"column":20},"end":{"line":92,"column":21}},"loc":{"start":{"line":92,"column":34},"end":{"line":92,"column":74}}},"4":{"name":"(anonymous_14)","decl":{"start":{"line":93,"column":20},"end":{"line":93,"column":21}},"loc":{"start":{"line":93,"column":34},"end":{"line":93,"column":74}}},"5":{"name":"(anonymous_15)","decl":{"start":{"line":94,"column":19},"end":{"line":94,"column":20}},"loc":{"start":{"line":94,"column":30},"end":{"line":94,"column":68}}},"6":{"name":"(anonymous_16)","decl":{"start":{"line":95,"column":19},"end":{"line":95,"column":22}},"loc":{"start":{"line":95,"column":24},"end":{"line":98,"column":7}}},"7":{"name":"(anonymous_17)","decl":{"start":{"line":101,"column":2},"end":{"line":101,"column":7}},"loc":{"start":{"line":101,"column":12},"end":{"line":123,"column":3}}},"8":{"name":"(anonymous_18)","decl":{"start":{"line":125,"column":10},"end":{"line":125,"column":25}},"loc":{"start":{"line":125,"column":77},"end":{"line":141,"column":3}}},"9":{"name":"(anonymous_19)","decl":{"start":{"line":138,"column":36},"end":{"line":138,"column":39}},"loc":{"start":{"line":138,"column":41},"end":{"line":140,"column":5}}},"10":{"name":"(anonymous_20)","decl":{"start":{"line":143,"column":10},"end":{"line":143,"column":15}},"loc":{"start":{"line":143,"column":52},"end":{"line":254,"column":3}}},"11":{"name":"(anonymous_21)","decl":{"start":{"line":204,"column":55},"end":{"line":204,"column":56}},"loc":{"start":{"line":204,"column":60},"end":{"line":204,"column":69}}},"12":{"name":"(anonymous_22)","decl":{"start":{"line":239,"column":55},"end":{"line":239,"column":56}},"loc":{"start":{"line":239,"column":60},"end":{"line":239,"column":69}}},"13":{"name":"(anonymous_23)","decl":{"start":{"line":259,"column":10},"end":{"line":259,"column":15}},"loc":{"start":{"line":259,"column":40},"end":{"line":288,"column":3}}},"14":{"name":"(anonymous_24)","decl":{"start":{"line":293,"column":10},"end":{"line":293,"column":15}},"loc":{"start":{"line":293,"column":37},"end":{"line":315,"column":3}}},"15":{"name":"(anonymous_25)","decl":{"start":{"line":320,"column":10},"end":{"line":320,"column":15}},"loc":{"start":{"line":320,"column":37},"end":{"line":341,"column":3}}},"16":{"name":"(anonymous_26)","decl":{"start":{"line":332,"column":24},"end":{"line":332,"column":31}},"loc":{"start":{"line":332,"column":35},"end":{"line":332,"column":60}}},"17":{"name":"(anonymous_27)","decl":{"start":{"line":343,"column":2},"end":{"line":343,"column":11}},"loc":{"start":{"line":343,"column":11},"end":{"line":349,"column":3}}},"18":{"name":"createWatcher","decl":{"start":{"line":352,"column":22},"end":{"line":352,"column":35}},"loc":{"start":{"line":352,"column":62},"end":{"line":354,"column":1}}},"19":{"name":"watchFiles","decl":{"start":{"line":365,"column":22},"end":{"line":365,"column":32}},"loc":{"start":{"line":368,"column":42},"end":{"line":433,"column":1}}},"20":{"name":"(anonymous_30)","decl":{"start":{"line":384,"column":25},"end":{"line":384,"column":32}},"loc":{"start":{"line":384,"column":25},"end":{"line":384,"column":38}}},"21":{"name":"(anonymous_31)","decl":{"start":{"line":384,"column":43},"end":{"line":384,"column":45}},"loc":{"start":{"line":384,"column":49},"end":{"line":384,"column":91}}},"22":{"name":"(anonymous_32)","decl":{"start":{"line":384,"column":80},"end":{"line":384,"column":83}},"loc":{"start":{"line":384,"column":86},"end":{"line":384,"column":90}}},"23":{"name":"(anonymous_33)","decl":{"start":{"line":420,"column":18},"end":{"line":420,"column":23}},"loc":{"start":{"line":420,"column":29},"end":{"line":424,"column":3}}},"24":{"name":"(anonymous_34)","decl":{"start":{"line":432,"column":21},"end":{"line":432,"column":24}},"loc":{"start":{"line":432,"column":26},"end":{"line":432,"column":29}}}},"branchMap":{"0":{"loc":{"start":{"line":40,"column":14},"end":{"line":40,"column":40}},"type":"default-arg","locations":[{"start":{"line":40,"column":38},"end":{"line":40,"column":40}}]},"1":{"loc":{"start":{"line":43,"column":16},"end":{"line":43,"column":57}},"type":"binary-expr","locations":[{"start":{"line":43,"column":16},"end":{"line":43,"column":32}},{"start":{"line":43,"column":36},"end":{"line":43,"column":57}}]},"2":{"loc":{"start":{"line":44,"column":14},"end":{"line":44,"column":51}},"type":"binary-expr","locations":[{"start":{"line":44,"column":14},"end":{"line":44,"column":28}},{"start":{"line":44,"column":32},"end":{"line":44,"column":51}}]},"3":{"loc":{"start":{"line":45,"column":18},"end":{"line":45,"column":63}},"type":"binary-expr","locations":[{"start":{"line":45,"column":18},"end":{"line":45,"column":36}},{"start":{"line":45,"column":40},"end":{"line":45,"column":63}}]},"4":{"loc":{"start":{"line":46,"column":11},"end":{"line":46,"column":39}},"type":"binary-expr","locations":[{"start":{"line":46,"column":11},"end":{"line":46,"column":22}},{"start":{"line":46,"column":26},"end":{"line":46,"column":39}}]},"5":{"loc":{"start":{"line":47,"column":19},"end":{"line":47,"column":56}},"type":"binary-expr","locations":[{"start":{"line":47,"column":19},"end":{"line":47,"column":38}},{"start":{"line":47,"column":42},"end":{"line":47,"column":56}}]},"6":{"loc":{"start":{"line":48,"column":18},"end":{"line":48,"column":44}},"type":"binary-expr","locations":[{"start":{"line":48,"column":18},"end":{"line":48,"column":36}},{"start":{"line":48,"column":40},"end":{"line":48,"column":44}}]},"7":{"loc":{"start":{"line":49,"column":15},"end":{"line":49,"column":39}},"type":"binary-expr","locations":[{"start":{"line":49,"column":15},"end":{"line":49,"column":30}},{"start":{"line":49,"column":34},"end":{"line":49,"column":39}}]},"8":{"loc":{"start":{"line":50,"column":16},"end":{"line":50,"column":40}},"type":"binary-expr","locations":[{"start":{"line":50,"column":16},"end":{"line":50,"column":32}},{"start":{"line":50,"column":36},"end":{"line":50,"column":40}}]},"9":{"loc":{"start":{"line":51,"column":22},"end":{"line":51,"column":53}},"type":"binary-expr","locations":[{"start":{"line":51,"column":22},"end":{"line":51,"column":44}},{"start":{"line":51,"column":48},"end":{"line":51,"column":53}}]},"10":{"loc":{"start":{"line":52,"column":21},"end":{"line":52,"column":47}},"type":"binary-expr","locations":[{"start":{"line":52,"column":21},"end":{"line":52,"column":42}},{"start":{"line":52,"column":46},"end":{"line":52,"column":47}}]},"11":{"loc":{"start":{"line":53,"column":18},"end":{"line":53,"column":44}},"type":"binary-expr","locations":[{"start":{"line":53,"column":18},"end":{"line":53,"column":36}},{"start":{"line":53,"column":40},"end":{"line":53,"column":44}}]},"12":{"loc":{"start":{"line":58,"column":4},"end":{"line":61,"column":5}},"type":"if","locations":[{"start":{"line":58,"column":4},"end":{"line":61,"column":5}}]},"13":{"loc":{"start":{"line":68,"column":28},"end":{"line":68,"column":89}},"type":"cond-expr","locations":[{"start":{"line":68,"column":51},"end":{"line":68,"column":68}},{"start":{"line":68,"column":71},"end":{"line":68,"column":89}}]},"14":{"loc":{"start":{"line":70,"column":4},"end":{"line":79,"column":5}},"type":"if","locations":[{"start":{"line":70,"column":4},"end":{"line":79,"column":5}}]},"15":{"loc":{"start":{"line":71,"column":33},"end":{"line":71,"column":79}},"type":"cond-expr","locations":[{"start":{"line":71,"column":57},"end":{"line":71,"column":67}},{"start":{"line":71,"column":70},"end":{"line":71,"column":79}}]},"16":{"loc":{"start":{"line":102,"column":4},"end":{"line":104,"column":5}},"type":"if","locations":[{"start":{"line":102,"column":4},"end":{"line":104,"column":5}}]},"17":{"loc":{"start":{"line":108,"column":4},"end":{"line":111,"column":5}},"type":"if","locations":[{"start":{"line":108,"column":4},"end":{"line":111,"column":5}}]},"18":{"loc":{"start":{"line":113,"column":4},"end":{"line":116,"column":5}},"type":"if","locations":[{"start":{"line":113,"column":4},"end":{"line":116,"column":5}}]},"19":{"loc":{"start":{"line":133,"column":4},"end":{"line":135,"column":5}},"type":"if","locations":[{"start":{"line":133,"column":4},"end":{"line":135,"column":5}}]},"20":{"loc":{"start":{"line":159,"column":6},"end":{"line":161,"column":7}},"type":"if","locations":[{"start":{"line":159,"column":6},"end":{"line":161,"column":7}}]},"21":{"loc":{"start":{"line":163,"column":6},"end":{"line":167,"column":7}},"type":"if","locations":[{"start":{"line":163,"column":6},"end":{"line":167,"column":7}}]},"22":{"loc":{"start":{"line":170,"column":6},"end":{"line":223,"column":7}},"type":"if","locations":[{"start":{"line":170,"column":6},"end":{"line":223,"column":7}},{"start":{"line":221,"column":13},"end":{"line":223,"column":7}}]},"23":{"loc":{"start":{"line":175,"column":10},"end":{"line":177,"column":11}},"type":"if","locations":[{"start":{"line":175,"column":10},"end":{"line":177,"column":11}}]},"24":{"loc":{"start":{"line":179,"column":10},"end":{"line":181,"column":11}},"type":"if","locations":[{"start":{"line":179,"column":10},"end":{"line":181,"column":11}}]},"25":{"loc":{"start":{"line":179,"column":14},"end":{"line":179,"column":42}},"type":"binary-expr","locations":[{"start":{"line":179,"column":14},"end":{"line":179,"column":24}},{"start":{"line":179,"column":28},"end":{"line":179,"column":42}}]},"26":{"loc":{"start":{"line":186,"column":92},"end":{"line":186,"column":149}},"type":"cond-expr","locations":[{"start":{"line":186,"column":121},"end":{"line":186,"column":131}},{"start":{"line":186,"column":134},"end":{"line":186,"column":149}}]},"27":{"loc":{"start":{"line":186,"column":152},"end":{"line":186,"column":203}},"type":"cond-expr","locations":[{"start":{"line":186,"column":177},"end":{"line":186,"column":198}},{"start":{"line":186,"column":201},"end":{"line":186,"column":203}}]},"28":{"loc":{"start":{"line":191,"column":12},"end":{"line":200,"column":13}},"type":"if","locations":[{"start":{"line":191,"column":12},"end":{"line":200,"column":13}},{"start":{"line":196,"column":19},"end":{"line":200,"column":13}}]},"29":{"loc":{"start":{"line":193,"column":14},"end":{"line":195,"column":15}},"type":"if","locations":[{"start":{"line":193,"column":14},"end":{"line":195,"column":15}}]},"30":{"loc":{"start":{"line":207,"column":10},"end":{"line":212,"column":11}},"type":"if","locations":[{"start":{"line":207,"column":10},"end":{"line":212,"column":11}},{"start":{"line":209,"column":17},"end":{"line":212,"column":11}}]},"31":{"loc":{"start":{"line":216,"column":57},"end":{"line":216,"column":130}},"type":"cond-expr","locations":[{"start":{"line":216,"column":91},"end":{"line":216,"column":113}},{"start":{"line":216,"column":116},"end":{"line":216,"column":130}}]},"32":{"loc":{"start":{"line":233,"column":23},"end":{"line":233,"column":94}},"type":"binary-expr","locations":[{"start":{"line":233,"column":23},"end":{"line":233,"column":47}},{"start":{"line":233,"column":51},"end":{"line":233,"column":94}}]},"33":{"loc":{"start":{"line":238,"column":8},"end":{"line":241,"column":9}},"type":"if","locations":[{"start":{"line":238,"column":8},"end":{"line":241,"column":9}}]},"34":{"loc":{"start":{"line":238,"column":12},"end":{"line":238,"column":63}},"type":"binary-expr","locations":[{"start":{"line":238,"column":12},"end":{"line":238,"column":32}},{"start":{"line":238,"column":36},"end":{"line":238,"column":63}}]},"35":{"loc":{"start":{"line":260,"column":4},"end":{"line":262,"column":5}},"type":"if","locations":[{"start":{"line":260,"column":4},"end":{"line":262,"column":5}}]},"36":{"loc":{"start":{"line":286,"column":64},"end":{"line":286,"column":120}},"type":"cond-expr","locations":[{"start":{"line":286,"column":89},"end":{"line":286,"column":102}},{"start":{"line":286,"column":105},"end":{"line":286,"column":120}}]},"37":{"loc":{"start":{"line":294,"column":4},"end":{"line":296,"column":5}},"type":"if","locations":[{"start":{"line":294,"column":4},"end":{"line":296,"column":5}}]},"38":{"loc":{"start":{"line":301,"column":6},"end":{"line":304,"column":7}},"type":"if","locations":[{"start":{"line":301,"column":6},"end":{"line":304,"column":7}}]},"39":{"loc":{"start":{"line":309,"column":51},"end":{"line":309,"column":97}},"type":"cond-expr","locations":[{"start":{"line":309,"column":76},"end":{"line":309,"column":89}},{"start":{"line":309,"column":92},"end":{"line":309,"column":97}}]},"40":{"loc":{"start":{"line":321,"column":4},"end":{"line":323,"column":5}},"type":"if","locations":[{"start":{"line":321,"column":4},"end":{"line":323,"column":5}}]},"41":{"loc":{"start":{"line":338,"column":58},"end":{"line":338,"column":104}},"type":"cond-expr","locations":[{"start":{"line":338,"column":83},"end":{"line":338,"column":96}},{"start":{"line":338,"column":99},"end":{"line":338,"column":104}}]},"42":{"loc":{"start":{"line":352,"column":36},"end":{"line":352,"column":62}},"type":"default-arg","locations":[{"start":{"line":352,"column":60},"end":{"line":352,"column":62}}]},"43":{"loc":{"start":{"line":372,"column":2},"end":{"line":392,"column":3}},"type":"if","locations":[{"start":{"line":372,"column":2},"end":{"line":392,"column":3}}]},"44":{"loc":{"start":{"line":374,"column":4},"end":{"line":376,"column":5}},"type":"if","locations":[{"start":{"line":374,"column":4},"end":{"line":376,"column":5}}]},"45":{"loc":{"start":{"line":374,"column":8},"end":{"line":374,"column":69}},"type":"binary-expr","locations":[{"start":{"line":374,"column":8},"end":{"line":374,"column":36}},{"start":{"line":374,"column":40},"end":{"line":374,"column":69}}]},"46":{"loc":{"start":{"line":379,"column":4},"end":{"line":391,"column":5}},"type":"if","locations":[{"start":{"line":379,"column":4},"end":{"line":391,"column":5}},{"start":{"line":382,"column":11},"end":{"line":391,"column":5}}]},"47":{"loc":{"start":{"line":379,"column":8},"end":{"line":379,"column":52}},"type":"binary-expr","locations":[{"start":{"line":379,"column":8},"end":{"line":379,"column":28}},{"start":{"line":379,"column":32},"end":{"line":379,"column":52}}]},"48":{"loc":{"start":{"line":385,"column":6},"end":{"line":390,"column":7}},"type":"if","locations":[{"start":{"line":385,"column":6},"end":{"line":390,"column":7}},{"start":{"line":387,"column":13},"end":{"line":390,"column":7}}]},"49":{"loc":{"start":{"line":394,"column":2},"end":{"line":396,"column":3}},"type":"if","locations":[{"start":{"line":394,"column":2},"end":{"line":396,"column":3}}]},"50":{"loc":{"start":{"line":399,"column":2},"end":{"line":415,"column":3}},"type":"if","locations":[{"start":{"line":399,"column":2},"end":{"line":415,"column":3}}]},"51":{"loc":{"start":{"line":400,"column":4},"end":{"line":402,"column":5}},"type":"if","locations":[{"start":{"line":400,"column":4},"end":{"line":402,"column":5}}]},"52":{"loc":{"start":{"line":403,"column":4},"end":{"line":405,"column":5}},"type":"if","locations":[{"start":{"line":403,"column":4},"end":{"line":405,"column":5}}]},"53":{"loc":{"start":{"line":406,"column":4},"end":{"line":408,"column":5}},"type":"if","locations":[{"start":{"line":406,"column":4},"end":{"line":408,"column":5}}]},"54":{"loc":{"start":{"line":409,"column":4},"end":{"line":411,"column":5}},"type":"if","locations":[{"start":{"line":409,"column":4},"end":{"line":411,"column":5}}]},"55":{"loc":{"start":{"line":412,"column":4},"end":{"line":414,"column":5}},"type":"if","locations":[{"start":{"line":412,"column":4},"end":{"line":414,"column":5}}]}},"s":{"0":2,"1":2,"2":2,"3":2,"4":2,"5":2,"6":2,"7":2,"8":2,"9":19,"10":19,"11":19,"12":19,"13":6,"14":1,"15":1,"16":5,"17":5,"18":5,"19":5,"20":5,"21":5,"22":5,"23":0,"24":0,"25":0,"26":0,"27":0,"28":0,"29":5,"30":5,"31":0,"32":4,"33":0,"34":0,"35":5,"36":5,"37":2,"38":1,"39":1,"40":1,"41":0,"42":0,"43":1,"44":1,"45":1,"46":1,"47":1,"48":1,"49":4,"50":4,"51":2,"52":4,"53":2,"54":2,"55":2,"56":2,"57":2,"58":2,"59":2,"60":2,"61":2,"62":2,"63":2,"64":2,"65":2,"66":2,"67":0,"68":0,"69":0,"70":2,"71":0,"72":0,"73":0,"74":0,"75":0,"76":0,"77":0,"78":0,"79":0,"80":0,"81":0,"82":0,"83":0,"84":0,"85":0,"86":0,"87":0,"88":0,"89":0,"90":0,"91":0,"92":0,"93":0,"94":0,"95":0,"96":0,"97":0,"98":0,"99":2,"100":0,"101":0,"102":2,"103":2,"104":2,"105":2,"106":2,"107":2,"108":0,"109":0,"110":0,"111":2,"112":2,"113":0,"114":0,"115":0,"116":0,"117":0,"118":0,"119":0,"120":0,"121":0,"122":0,"123":0,"124":0,"125":0,"126":1,"127":1,"128":0,"129":0,"130":0,"131":0,"132":0,"133":0,"134":0,"135":0,"136":0,"137":0,"138":0,"139":0,"140":0,"141":0,"142":0,"143":0,"144":0,"145":0,"146":0,"147":0,"148":0,"149":0,"150":0,"151":15,"152":2,"153":2,"154":0,"155":0,"156":0,"157":0,"158":0,"159":0,"160":0,"161":0,"162":0,"163":0,"164":0,"165":0,"166":0,"167":0,"168":0,"169":0,"170":0,"171":0,"172":0,"173":0,"174":0,"175":0,"176":0,"177":0,"178":0,"179":0,"180":0,"181":0,"182":0,"183":0,"184":0,"185":0,"186":0,"187":0,"188":0},"f":{"0":19,"1":6,"2":0,"3":4,"4":0,"5":0,"6":5,"7":2,"8":4,"9":2,"10":2,"11":0,"12":0,"13":0,"14":1,"15":0,"16":0,"17":15,"18":2,"19":0,"20":0,"21":0,"22":0,"23":0,"24":0},"b":{"0":[6],"1":[19,17],"2":[19,19],"3":[19,11],"4":[19,16],"5":[19,15],"6":[19,18],"7":[19,11],"8":[19,16],"9":[19,15],"10":[19,16],"11":[19,16],"12":[1],"13":[0,5],"14":[0],"15":[0,0],"16":[1],"17":[0],"18":[1],"19":[2],"20":[2],"21":[0],"22":[0,2],"23":[0],"24":[0],"25":[0,0],"26":[0,0],"27":[0,0],"28":[0,0],"29":[0],"30":[0,0],"31":[0,0],"32":[2,2],"33":[0],"34":[2,0],"35":[0],"36":[0,0],"37":[1],"38":[0],"39":[0,0],"40":[0],"41":[0,0],"42":[0],"43":[0],"44":[0],"45":[0,0],"46":[0,0],"47":[0,0],"48":[0,0],"49":[0],"50":[0],"51":[0],"52":[0],"53":[0],"54":[0],"55":[0]}}
}
