TN:
SF:src/ai-client.ts
FN:27,(anonymous_9)
FN:31,(anonymous_10)
FN:36,(anonymous_11)
FN:98,(anonymous_12)
FN:106,(anonymous_13)
FN:110,(anonymous_14)
FN:121,(anonymous_15)
FN:129,(anonymous_16)
FN:133,(anonymous_17)
FN:174,(anonymous_18)
FN:186,createAIClient
FNF:11
FNH:11
FNDA:5,(anonymous_9)
FNDA:2,(anonymous_10)
FNDA:2,(anonymous_11)
FNDA:2,(anonymous_12)
FNDA:3,(anonymous_13)
FNDA:1,(anonymous_14)
FNDA:1,(anonymous_15)
FNDA:5,(anonymous_16)
FNDA:2,(anonymous_17)
FNDA:2,(anonymous_18)
FNDA:14,createAIClient
DA:28,5
DA:32,2
DA:33,0
DA:36,4
DA:37,2
DA:39,2
DA:59,2
DA:66,2
DA:67,2
DA:77,1
DA:78,1
DA:79,0
DA:82,1
DA:83,1
DA:89,1
DA:90,1
DA:99,2
DA:107,3
DA:113,1
DA:114,1
DA:122,1
DA:130,5
DA:134,2
DA:135,0
DA:138,2
DA:139,2
DA:152,2
DA:153,1
DA:156,1
DA:157,1
DA:159,1
DA:165,1
DA:166,1
DA:175,2
DA:177,2
DA:178,2
DA:179,1
DA:181,1
DA:186,3
DA:187,14
DA:189,5
DA:191,3
DA:193,5
DA:195,1
LF:44
LH:41
BRDA:32,0,0,0
BRDA:61,1,0,0
BRDA:61,1,1,2
BRDA:62,2,0,0
BRDA:62,2,1,0
BRDA:63,3,0,0
BRDA:63,3,1,0
BRDA:64,4,0,0
BRDA:64,4,1,0
BRDA:78,5,0,0
BRDA:84,6,0,1
BRDA:84,6,1,0
BRDA:85,7,0,1
BRDA:85,7,1,0
BRDA:93,8,0,1
BRDA:93,8,1,0
BRDA:134,9,0,0
BRDA:152,10,0,1
BRDA:160,11,0,1
BRDA:160,11,1,0
BRDA:161,12,0,1
BRDA:161,12,1,0
BRDA:169,13,0,1
BRDA:169,13,1,0
BRDA:175,14,0,0
BRDA:187,15,0,5
BRDA:187,15,1,3
BRDA:187,15,2,5
BRDA:187,15,3,1
BRF:29
BRH:12
end_of_record
TN:
SF:src/browser.ts
FN:12,launchBrowser
FN:23,newPage
FN:30,closeBrowser
FN:37,navigate
FN:44,click
FN:51,typeText
FN:58,takeScreenshot
FNF:7
FNH:7
FNDA:4,launchBrowser
FNDA:4,newPage
FNDA:4,closeBrowser
FNDA:6,navigate
FNDA:2,click
FNDA:1,typeText
FNDA:1,takeScreenshot
DA:1,2
DA:12,2
DA:13,4
DA:23,2
DA:24,4
DA:30,2
DA:31,4
DA:37,2
DA:38,6
DA:44,2
DA:45,2
DA:51,2
DA:52,1
DA:58,2
DA:59,1
LF:15
LH:15
BRDA:12,0,0,1
BRDA:14,1,0,4
BRDA:14,1,1,1
BRDA:15,2,0,4
BRDA:15,2,1,4
BRDA:16,3,0,4
BRDA:16,3,1,4
BRF:7
BRH:7
end_of_record
TN:
SF:src/cli.ts
FN:18,(anonymous_9)
FN:24,(anonymous_10)
FN:44,(anonymous_11)
FN:89,(anonymous_12)
FN:125,(anonymous_13)
FN:130,(anonymous_14)
FN:155,(anonymous_15)
FN:164,(anonymous_16)
FN:181,(anonymous_17)
FN:182,(anonymous_18)
FN:188,runCli
FN:193,(anonymous_20)
FNF:12
FNH:7
FNDA:4,(anonymous_9)
FNDA:4,(anonymous_10)
FNDA:0,(anonymous_11)
FNDA:0,(anonymous_12)
FNDA:4,(anonymous_13)
FNDA:4,(anonymous_14)
FNDA:0,(anonymous_15)
FNDA:0,(anonymous_16)
FNDA:1,(anonymous_17)
FNDA:1,(anonymous_18)
FNDA:5,runCli
FNDA:0,(anonymous_20)
DA:2,1
DA:3,1
DA:4,1
DA:6,1
DA:7,1
DA:12,1
DA:19,4
DA:20,4
DA:21,4
DA:23,4
DA:24,8
DA:25,4
DA:27,4
DA:28,4
DA:29,4
DA:30,4
DA:31,4
DA:34,4
DA:35,1
DA:36,1
DA:37,1
DA:41,3
DA:42,0
DA:44,0
DA:45,0
DA:56,0
DA:58,0
DA:59,0
DA:62,0
DA:63,0
DA:65,0
DA:69,0
DA:70,0
DA:71,0
DA:73,0
DA:74,0
DA:76,0
DA:77,0
DA:78,0
DA:79,0
DA:82,0
DA:83,0
DA:89,0
DA:90,0
DA:92,0
DA:93,0
DA:95,0
DA:96,0
DA:100,0
DA:103,0
DA:104,0
DA:107,0
DA:108,0
DA:111,0
DA:115,3
DA:119,0
DA:120,0
DA:122,4
DA:125,8
DA:126,4
DA:129,4
DA:130,8
DA:131,4
DA:132,0
DA:135,4
DA:136,4
DA:142,4
DA:146,1
DA:163,0
DA:164,0
DA:165,0
DA:173,0
DA:174,0
DA:178,1
DA:182,2
DA:183,1
DA:184,1
DA:185,1
DA:188,1
DA:189,5
DA:192,1
DA:193,0
DA:194,0
DA:195,0
LF:84
LH:41
BRDA:30,0,0,4
BRDA:34,1,0,1
BRDA:41,2,0,0
BRDA:41,2,1,3
BRDA:46,3,0,0
BRDA:46,3,1,0
BRDA:62,4,0,0
BRDA:62,4,1,0
BRDA:71,5,0,0
BRDA:71,5,1,0
BRDA:71,6,0,0
BRDA:71,6,1,0
BRDA:76,7,0,0
BRDA:76,7,1,0
BRDA:78,8,0,0
BRDA:92,9,0,0
BRDA:92,9,1,0
BRDA:104,10,0,0
BRDA:104,10,1,0
BRDA:111,11,0,0
BRDA:111,11,1,0
BRDA:126,12,0,4
BRDA:126,12,1,3
BRDA:131,13,0,0
BRDA:168,14,0,0
BRDA:168,14,1,0
BRDA:169,15,0,0
BRDA:169,15,1,0
BRDA:170,16,0,0
BRDA:170,16,1,0
BRDA:183,17,0,0
BRDA:183,17,1,1
BRDA:192,18,0,0
BRF:33
BRH:6
end_of_record
TN:
SF:src/config.ts
FN:39,getConfigPath
FN:43,loadConfig
FN:59,saveConfig
FN:70,loadFromEnvironment
FN:90,mergeConfig
FN:98,validateConfig
FNF:6
FNH:6
FNDA:10,getConfigPath
FNDA:9,loadConfig
FNDA:1,saveConfig
FNDA:8,loadFromEnvironment
FNDA:1,mergeConfig
FNDA:6,validateConfig
DA:1,4
DA:2,4
DA:3,4
DA:23,4
DA:39,4
DA:40,10
DA:43,4
DA:44,9
DA:46,9
DA:47,8
DA:50,1
DA:51,1
DA:52,1
DA:54,0
DA:55,0
DA:59,4
DA:60,1
DA:61,1
DA:63,1
DA:64,1
DA:67,1
DA:71,8
DA:74,8
DA:75,1
DA:76,1
DA:77,7
DA:78,1
DA:79,1
DA:80,1
DA:81,6
DA:82,1
DA:83,1
DA:84,1
DA:87,8
DA:91,1
DA:98,4
DA:99,6
DA:101,6
DA:102,2
DA:105,6
DA:106,1
DA:109,6
DA:110,1
DA:113,6
DA:114,1
DA:117,6
DA:118,1
DA:121,6
LF:48
LH:46
BRDA:46,0,0,8
BRDA:63,1,0,1
BRDA:74,2,0,1
BRDA:74,2,1,7
BRDA:77,3,0,1
BRDA:77,3,1,6
BRDA:81,4,0,1
BRDA:84,5,0,1
BRDA:84,5,1,0
BRDA:101,6,0,2
BRDA:101,7,0,6
BRDA:101,7,1,4
BRDA:105,8,0,1
BRDA:105,9,0,6
BRDA:105,9,1,1
BRDA:109,10,0,1
BRDA:109,11,0,6
BRDA:109,11,1,1
BRDA:113,12,0,1
BRDA:117,13,0,1
BRF:20
BRH:19
end_of_record
TN:
SF:src/db.ts
FN:14,initializeDatabase
FN:35,insertTestRun
FN:54,getTestRuns
FN:62,(anonymous_4)
FNF:4
FNH:4
FNDA:9,initializeDatabase
FNDA:10,insertTestRun
FNDA:3,getTestRuns
FNDA:5,(anonymous_4)
DA:1,2
DA:14,2
DA:15,9
DA:18,9
DA:29,9
DA:35,2
DA:36,10
DA:41,10
DA:48,10
DA:54,2
DA:55,3
DA:59,3
DA:60,3
DA:62,5
LF:14
LH:14
BRDA:45,0,0,10
BRDA:45,0,1,0
BRDA:55,1,0,1
BRDA:55,1,1,2
BRDA:60,2,0,1
BRDA:60,2,1,2
BRDA:67,3,0,5
BRDA:67,3,1,0
BRF:8
BRH:6
end_of_record
TN:
SF:src/executor.ts
FN:39,(anonymous_0)
FN:52,(anonymous_1)
FN:64,(anonymous_2)
FN:86,(anonymous_3)
FN:139,(anonymous_4)
FN:153,(anonymous_5)
FN:183,(anonymous_6)
FN:198,(anonymous_7)
FN:220,(anonymous_8)
FN:234,(anonymous_9)
FN:240,(anonymous_10)
FN:241,(anonymous_11)
FNF:12
FNH:12
FNDA:46,(anonymous_0)
FNDA:41,(anonymous_1)
FNDA:37,(anonymous_2)
FNDA:43,(anonymous_3)
FNDA:7,(anonymous_4)
FNDA:41,(anonymous_5)
FNDA:40,(anonymous_6)
FNDA:56,(anonymous_7)
FNDA:27,(anonymous_8)
FNDA:166,(anonymous_9)
FNDA:14,(anonymous_10)
FNDA:14,(anonymous_11)
DA:3,2
DA:35,2
DA:37,46
DA:40,46
DA:53,41
DA:54,41
DA:55,40
DA:57,1
DA:65,37
DA:66,37
DA:67,37
DA:70,37
DA:73,36
DA:74,36
DA:77,36
DA:79,1
DA:87,43
DA:88,1
DA:91,42
DA:92,42
DA:95,42
DA:96,56
DA:97,56
DA:99,29
DA:100,29
DA:102,29
DA:109,27
DA:112,27
DA:113,9
DA:117,18
DA:118,14
DA:124,13
DA:125,13
DA:127,13
DA:140,7
DA:142,7
DA:143,16
DA:144,16
DA:147,7
DA:154,41
DA:156,41
DA:157,41
DA:160,41
DA:161,41
DA:164,1
DA:167,41
DA:174,0
DA:184,40
DA:185,37
DA:186,37
DA:190,37
DA:199,56
DA:201,31
DA:202,14
DA:205,10
DA:206,7
DA:209,15
DA:210,8
DA:213,0
DA:221,27
DA:224,27
DA:234,166
DA:241,14
LF:63
LH:61
BRDA:39,0,0,17
BRDA:41,1,0,46
BRDA:41,1,1,39
BRDA:42,2,0,46
BRDA:42,2,1,40
BRDA:43,3,0,46
BRDA:43,3,1,44
BRDA:44,4,0,46
BRDA:44,4,1,19
BRDA:45,5,0,46
BRDA:45,5,1,46
BRDA:57,6,0,1
BRDA:57,6,1,0
BRDA:66,7,0,37
BRDA:73,8,0,36
BRDA:79,9,0,1
BRDA:79,9,1,0
BRDA:87,10,0,1
BRDA:100,11,0,27
BRDA:100,11,1,2
BRDA:109,12,0,27
BRDA:109,12,1,0
BRDA:112,13,0,9
BRDA:117,14,0,14
BRDA:125,15,0,11
BRDA:125,15,1,2
BRDA:130,16,0,13
BRDA:130,16,1,0
BRDA:184,17,0,37
BRDA:199,18,0,31
BRDA:199,18,1,10
BRDA:199,18,2,15
BRDA:199,18,3,0
BRF:33
BRH:28
end_of_record
TN:
SF:src/protocol.ts
FN:40,startServer
FN:46,(anonymous_1)
FN:55,(anonymous_2)
FN:56,(anonymous_3)
FN:139,(anonymous_4)
FN:143,(anonymous_5)
FN:148,(anonymous_6)
FN:162,createBrowserSession
FN:178,executeBrowserActions
FN:224,(anonymous_9)
FN:245,getBrowserSessionStatus
FN:279,cleanupSession
FN:294,getSessionId
FNF:13
FNH:11
FNDA:1,startServer
FNDA:0,(anonymous_1)
FNDA:11,(anonymous_2)
FNDA:21,(anonymous_3)
FNDA:10,(anonymous_4)
FNDA:0,(anonymous_5)
FNDA:1,(anonymous_6)
FNDA:3,createBrowserSession
FNDA:3,executeBrowserActions
FNDA:3,(anonymous_9)
FNDA:4,getBrowserSessionStatus
FNDA:13,cleanupSession
FNDA:3,getSessionId
DA:1,1
DA:2,1
DA:3,1
DA:40,1
DA:41,1
DA:42,1
DA:43,1
DA:46,1
DA:47,0
DA:48,0
DA:49,0
DA:50,0
DA:55,1
DA:56,11
DA:58,21
DA:59,21
DA:61,1
DA:64,20
DA:66,20
DA:67,20
DA:69,1
DA:70,1
DA:71,1
DA:75,3
DA:76,3
DA:77,3
DA:78,3
DA:83,3
DA:87,4
DA:88,4
DA:89,1
DA:91,3
DA:92,3
DA:93,3
DA:97,4
DA:98,4
DA:99,4
DA:103,4
DA:104,4
DA:106,4
DA:107,1
DA:110,3
DA:111,3
DA:112,3
DA:116,2
DA:117,2
DA:121,1
DA:122,1
DA:126,1
DA:129,3
DA:136,20
DA:139,11
DA:140,10
DA:143,11
DA:144,0
DA:148,1
DA:149,1
DA:151,1
DA:152,0
DA:156,1
DA:163,3
DA:165,3
DA:172,3
DA:189,3
DA:190,3
DA:193,3
DA:194,3
DA:197,3
DA:198,3
DA:201,3
DA:202,1
DA:203,1
DA:204,1
DA:205,2
DA:207,1
DA:209,1
DA:212,2
DA:213,0
DA:222,2
DA:224,3
DA:226,2
DA:234,1
DA:246,4
DA:247,2
DA:254,2
DA:261,2
DA:262,1
DA:263,1
DA:264,1
DA:273,2
DA:280,13
DA:281,13
DA:282,3
DA:283,3
DA:287,3
DA:295,3
LF:96
LH:89
BRDA:43,0,0,1
BRDA:43,0,1,1
BRDA:49,1,0,0
BRDA:67,2,0,1
BRDA:67,2,1,3
BRDA:67,2,2,4
BRDA:67,2,3,4
BRDA:67,2,4,4
BRDA:67,2,5,2
BRDA:67,2,6,1
BRDA:67,2,7,1
BRDA:75,3,0,3
BRDA:75,3,1,3
BRDA:88,4,0,1
BRDA:106,5,0,1
BRDA:130,6,0,3
BRDA:130,6,1,0
BRDA:131,7,0,3
BRDA:131,7,1,0
BRDA:193,8,0,3
BRDA:201,9,0,1
BRDA:201,9,1,2
BRDA:202,10,0,0
BRDA:202,10,1,1
BRDA:205,11,0,1
BRDA:205,11,1,1
BRDA:212,12,0,0
BRDA:230,13,0,2
BRDA:230,13,1,0
BRDA:237,14,0,1
BRDA:237,14,1,0
BRDA:246,15,0,2
BRDA:261,16,0,1
BRDA:281,17,0,3
BRF:34
BRH:27
end_of_record
TN:
SF:src/translator.ts
FN:20,translate
FN:35,translateSync
FN:39,translateWithPatterns
FN:126,translateWithAI
FNF:4
FNH:4
FNDA:19,translate
FNDA:5,translateSync
FNDA:24,translateWithPatterns
FNDA:6,translateWithAI
DA:1,3
DA:2,3
DA:20,3
DA:22,19
DA:23,19
DA:24,13
DA:28,6
DA:35,3
DA:36,5
DA:40,24
DA:43,24
DA:50,24
DA:51,77
DA:52,77
DA:53,8
DA:63,16
DA:67,16
DA:68,16
DA:69,16
DA:70,1
DA:80,15
DA:86,15
DA:87,42
DA:88,42
DA:89,3
DA:99,12
DA:106,12
DA:107,39
DA:108,39
DA:109,5
DA:118,7
DA:127,6
DA:128,6
DA:129,6
DA:131,6
DA:132,2
DA:140,4
DA:141,4
DA:143,4
DA:144,1
DA:152,3
DA:157,3
DA:159,2
DA:166,1
LF:44
LH:44
BRDA:23,0,0,13
BRDA:52,1,0,8
BRDA:69,2,0,1
BRDA:88,3,0,3
BRDA:108,4,0,5
BRDA:131,5,0,2
BRDA:143,6,0,1
BRDA:154,7,0,1
BRDA:154,7,1,2
BRDA:170,8,0,1
BRDA:170,8,1,0
BRF:11
BRH:10
end_of_record
TN:
SF:src/watcher.ts
FN:40,(anonymous_10)
FN:57,(anonymous_11)
FN:91,(anonymous_12)
FN:92,(anonymous_13)
FN:93,(anonymous_14)
FN:94,(anonymous_15)
FN:95,(anonymous_16)
FN:101,(anonymous_17)
FN:125,(anonymous_18)
FN:138,(anonymous_19)
FN:143,(anonymous_20)
FN:204,(anonymous_21)
FN:239,(anonymous_22)
FN:259,(anonymous_23)
FN:293,(anonymous_24)
FN:320,(anonymous_25)
FN:332,(anonymous_26)
FN:343,(anonymous_27)
FN:352,createWatcher
FN:365,watchFiles
FN:384,(anonymous_30)
FN:384,(anonymous_31)
FN:384,(anonymous_32)
FN:420,(anonymous_33)
FN:432,(anonymous_34)
FNF:25
FNH:11
FNDA:19,(anonymous_10)
FNDA:6,(anonymous_11)
FNDA:0,(anonymous_12)
FNDA:4,(anonymous_13)
FNDA:0,(anonymous_14)
FNDA:0,(anonymous_15)
FNDA:5,(anonymous_16)
FNDA:2,(anonymous_17)
FNDA:4,(anonymous_18)
FNDA:2,(anonymous_19)
FNDA:2,(anonymous_20)
FNDA:0,(anonymous_21)
FNDA:0,(anonymous_22)
FNDA:0,(anonymous_23)
FNDA:1,(anonymous_24)
FNDA:0,(anonymous_25)
FNDA:0,(anonymous_26)
FNDA:15,(anonymous_27)
FNDA:2,createWatcher
FNDA:0,watchFiles
FNDA:0,(anonymous_30)
FNDA:0,(anonymous_31)
FNDA:0,(anonymous_32)
FNDA:0,(anonymous_33)
FNDA:0,(anonymous_34)
DA:1,2
DA:2,2
DA:3,2
DA:4,2
DA:5,2
DA:7,2
DA:8,2
DA:31,2
DA:35,19
DA:38,19
DA:41,19
DA:42,19
DA:58,6
DA:59,1
DA:60,1
DA:63,5
DA:64,5
DA:65,5
DA:66,5
DA:67,5
DA:68,5
DA:70,5
DA:71,0
DA:72,0
DA:73,0
DA:74,0
DA:76,0
DA:77,0
DA:81,5
DA:90,5
DA:91,0
DA:92,4
DA:93,0
DA:94,0
DA:96,5
DA:97,5
DA:102,2
DA:103,1
DA:106,1
DA:108,1
DA:109,0
DA:110,0
DA:113,1
DA:114,1
DA:115,1
DA:119,1
DA:121,1
DA:122,1
DA:126,4
DA:133,4
DA:134,2
DA:138,4
DA:139,2
DA:144,2
DA:145,2
DA:146,2
DA:148,2
DA:149,2
DA:150,2
DA:152,2
DA:156,2
DA:157,2
DA:158,2
DA:159,2
DA:160,2
DA:163,2
DA:164,0
DA:165,0
DA:166,0
DA:170,2
DA:171,0
DA:173,0
DA:175,0
DA:176,0
DA:179,0
DA:180,0
DA:184,0
DA:185,0
DA:186,0
DA:188,0
DA:189,0
DA:191,0
DA:192,0
DA:193,0
DA:194,0
DA:197,0
DA:198,0
DA:204,0
DA:205,0
DA:207,0
DA:208,0
DA:210,0
DA:211,0
DA:215,0
DA:216,0
DA:219,0
DA:222,2
DA:226,0
DA:227,0
DA:229,2
DA:232,2
DA:233,2
DA:234,2
DA:237,2
DA:238,2
DA:239,0
DA:240,0
DA:243,2
DA:249,2
DA:251,0
DA:260,0
DA:261,0
DA:264,0
DA:265,0
DA:267,0
DA:278,0
DA:279,0
DA:280,0
DA:281,0
DA:283,0
DA:285,0
DA:286,0
DA:294,1
DA:295,1
DA:298,0
DA:300,0
DA:301,0
DA:302,0
DA:303,0
DA:305,0
DA:306,0
DA:307,0
DA:309,0
DA:311,0
DA:312,0
DA:313,0
DA:321,0
DA:322,0
DA:325,0
DA:327,0
DA:329,0
DA:332,0
DA:335,0
DA:336,0
DA:338,0
DA:339,0
DA:344,15
DA:352,2
DA:353,2
DA:365,2
DA:370,0
DA:372,0
DA:374,0
DA:375,0
DA:379,0
DA:381,0
DA:384,0
DA:385,0
DA:386,0
DA:389,0
DA:394,0
DA:395,0
DA:399,0
DA:400,0
DA:401,0
DA:403,0
DA:404,0
DA:406,0
DA:407,0
DA:409,0
DA:410,0
DA:412,0
DA:413,0
DA:417,0
DA:420,0
DA:421,0
DA:422,0
DA:423,0
DA:426,0
DA:427,0
DA:429,0
DA:432,0
LF:182
LH:71
BRDA:40,0,0,6
BRDA:43,1,0,19
BRDA:43,1,1,17
BRDA:44,2,0,19
BRDA:44,2,1,19
BRDA:45,3,0,19
BRDA:45,3,1,11
BRDA:46,4,0,19
BRDA:46,4,1,16
BRDA:47,5,0,19
BRDA:47,5,1,15
BRDA:48,6,0,19
BRDA:48,6,1,18
BRDA:49,7,0,19
BRDA:49,7,1,11
BRDA:50,8,0,19
BRDA:50,8,1,16
BRDA:51,9,0,19
BRDA:51,9,1,15
BRDA:52,10,0,19
BRDA:52,10,1,16
BRDA:53,11,0,19
BRDA:53,11,1,16
BRDA:58,12,0,1
BRDA:68,13,0,0
BRDA:68,13,1,5
BRDA:70,14,0,0
BRDA:71,15,0,0
BRDA:71,15,1,0
BRDA:102,16,0,1
BRDA:108,17,0,0
BRDA:113,18,0,1
BRDA:133,19,0,2
BRDA:159,20,0,2
BRDA:163,21,0,0
BRDA:170,22,0,0
BRDA:170,22,1,2
BRDA:175,23,0,0
BRDA:179,24,0,0
BRDA:179,25,0,0
BRDA:179,25,1,0
BRDA:186,26,0,0
BRDA:186,26,1,0
BRDA:186,27,0,0
BRDA:186,27,1,0
BRDA:191,28,0,0
BRDA:191,28,1,0
BRDA:193,29,0,0
BRDA:207,30,0,0
BRDA:207,30,1,0
BRDA:216,31,0,0
BRDA:216,31,1,0
BRDA:233,32,0,2
BRDA:233,32,1,2
BRDA:238,33,0,0
BRDA:238,34,0,2
BRDA:238,34,1,0
BRDA:260,35,0,0
BRDA:286,36,0,0
BRDA:286,36,1,0
BRDA:294,37,0,1
BRDA:301,38,0,0
BRDA:309,39,0,0
BRDA:309,39,1,0
BRDA:321,40,0,0
BRDA:338,41,0,0
BRDA:338,41,1,0
BRDA:352,42,0,0
BRDA:372,43,0,0
BRDA:374,44,0,0
BRDA:374,45,0,0
BRDA:374,45,1,0
BRDA:379,46,0,0
BRDA:379,46,1,0
BRDA:379,47,0,0
BRDA:379,47,1,0
BRDA:385,48,0,0
BRDA:385,48,1,0
BRDA:394,49,0,0
BRDA:399,50,0,0
BRDA:400,51,0,0
BRDA:403,52,0,0
BRDA:406,53,0,0
BRDA:409,54,0,0
BRDA:412,55,0,0
BRF:85
BRH:34
end_of_record
TN:
SF:src/a11y/types.ts
FN:208,(anonymous_0)
FN:219,(anonymous_1)
FN:225,(anonymous_2)
FN:231,(anonymous_3)
FNF:4
FNH:4
FNDA:4,(anonymous_0)
FNDA:1,(anonymous_1)
FNDA:1,(anonymous_2)
FNDA:1,(anonymous_3)
DA:1,1
DA:4,1
DA:22,1
DA:37,1
DA:76,1
DA:100,1
DA:124,1
DA:207,1
DA:210,4
DA:211,4
DA:213,4
DA:214,4
DA:218,1
DA:220,1
DA:224,1
DA:226,1
DA:230,1
DA:232,1
LF:18
LH:18
BRF:0
BRH:0
end_of_record
TN:
SF:src/utils/migration.ts
FN:14,(anonymous_1)
FN:18,(anonymous_2)
FN:37,(anonymous_3)
FN:44,(anonymous_4)
FN:52,(anonymous_5)
FN:71,(anonymous_6)
FN:76,(anonymous_7)
FN:287,(anonymous_8)
FN:308,applyPhase2Migration
FN:327,(anonymous_10)
FN:330,(anonymous_11)
FNF:11
FNH:9
FNDA:11,(anonymous_1)
FNDA:11,(anonymous_2)
FNDA:24,(anonymous_3)
FNDA:7,(anonymous_4)
FNDA:5,(anonymous_5)
FNDA:7,(anonymous_6)
FNDA:6,(anonymous_7)
FNDA:0,(anonymous_8)
FNDA:0,applyPhase2Migration
FNDA:1,(anonymous_10)
FNDA:1,(anonymous_11)
DA:1,1
DA:2,1
DA:4,1
DA:13,1
DA:14,11
DA:15,11
DA:19,11
DA:28,11
DA:29,11
DA:30,10
DA:38,24
DA:41,23
DA:45,7
DA:46,6
DA:48,6
DA:49,6
DA:50,5
DA:52,5
DA:53,5
DA:54,5
DA:60,5
DA:61,5
DA:62,5
DA:64,0
DA:65,0
DA:72,7
DA:78,6
DA:101,6
DA:127,6
DA:146,6
DA:173,6
DA:189,6
DA:205,6
DA:224,6
DA:245,6
DA:250,6
DA:255,6
DA:260,6
DA:265,6
DA:270,6
DA:276,6
DA:277,6
DA:278,6
DA:279,6
DA:280,6
DA:281,6
DA:282,6
DA:283,6
DA:284,6
DA:285,6
DA:289,0
DA:290,0
DA:291,0
DA:292,0
DA:293,0
DA:294,0
DA:295,0
DA:296,0
DA:300,0
DA:308,1
DA:309,0
DA:310,0
DA:312,0
DA:313,0
DA:314,0
DA:316,0
DA:317,0
DA:319,0
DA:324,1
DA:328,1
DA:329,1
DA:330,1
DA:331,1
DA:332,1
LF:74
LH:55
BRDA:29,0,0,10
BRDA:29,1,0,11
BRDA:29,1,1,11
BRDA:41,2,0,23
BRDA:41,2,1,10
BRDA:49,3,0,5
BRDA:64,4,0,0
BRDA:64,4,1,0
BRDA:316,5,0,0
BRDA:316,5,1,0
BRDA:331,6,0,1
BRF:11
BRH:7
end_of_record
TN:
SF:src/utils/types.ts
FN:170,(anonymous_0)
FN:181,(anonymous_1)
FN:195,(anonymous_2)
FN:201,(anonymous_3)
FN:219,generateCorrelationId
FN:223,isRetryableError
FN:238,(anonymous_6)
FN:241,createLogger
FN:245,(anonymous_8)
FN:248,(anonymous_9)
FN:251,(anonymous_10)
FN:254,(anonymous_11)
FN:257,(anonymous_12)
FNF:13
FNH:10
FNDA:6,(anonymous_0)
FNDA:1,(anonymous_1)
FNDA:3,(anonymous_2)
FNDA:1,(anonymous_3)
FNDA:6,generateCorrelationId
FNDA:6,isRetryableError
FNDA:12,(anonymous_6)
FNDA:2,createLogger
FNDA:0,(anonymous_8)
FNDA:11,(anonymous_9)
FNDA:0,(anonymous_10)
FNDA:1,(anonymous_11)
FNDA:0,(anonymous_12)
DA:1,2
DA:4,2
DA:5,2
DA:6,2
DA:7,2
DA:10,2
DA:19,2
DA:31,2
DA:39,2
DA:61,2
DA:71,2
DA:90,2
DA:101,2
DA:169,2
DA:172,6
DA:173,6
DA:175,6
DA:176,6
DA:180,2
DA:182,1
DA:194,2
DA:195,3
DA:196,3
DA:200,2
DA:202,1
DA:219,2
DA:220,6
DA:223,2
DA:224,6
DA:225,2
DA:229,4
DA:238,12
DA:241,2
DA:242,2
DA:244,2
DA:246,0
DA:249,11
DA:252,0
DA:255,1
DA:258,0
LF:40
LH:37
BRDA:195,0,0,0
BRDA:224,1,0,2
BRF:2
BRH:1
end_of_record
TN:
SF:src/visual/baseline.ts
FN:19,(anonymous_9)
FN:26,(anonymous_10)
FN:73,(anonymous_11)
FN:112,(anonymous_12)
FN:149,(anonymous_13)
FN:184,(anonymous_14)
FN:194,(anonymous_15)
FN:197,(anonymous_16)
FN:206,(anonymous_17)
FN:253,(anonymous_18)
FN:261,(anonymous_19)
FN:269,(anonymous_20)
FN:279,(anonymous_21)
FN:291,(anonymous_22)
FNF:14
FNH:14
FNDA:23,(anonymous_9)
FNDA:3,(anonymous_10)
FNDA:5,(anonymous_11)
FNDA:2,(anonymous_12)
FNDA:3,(anonymous_13)
FNDA:3,(anonymous_14)
FNDA:5,(anonymous_15)
FNDA:2,(anonymous_16)
FNDA:2,(anonymous_17)
FNDA:16,(anonymous_18)
FNDA:14,(anonymous_19)
FNDA:30,(anonymous_20)
FNDA:14,(anonymous_21)
FNDA:2,(anonymous_22)
DA:1,1
DA:2,1
DA:3,1
DA:16,1
DA:19,23
DA:20,23
DA:31,3
DA:33,3
DA:34,3
DA:37,3
DA:38,3
DA:41,3
DA:42,3
DA:43,3
DA:47,2
DA:55,2
DA:56,2
DA:58,2
DA:63,1
DA:74,5
DA:75,5
DA:78,5
DA:80,5
DA:81,6
DA:82,6
DA:84,6
DA:85,3
DA:86,1
DA:87,1
DA:89,1
DA:97,2
DA:102,2
DA:113,2
DA:114,2
DA:115,2
DA:116,2
DA:118,2
DA:119,0
DA:122,2
DA:125,2
DA:126,2
DA:127,2
DA:128,2
DA:134,2
DA:142,0
DA:150,3
DA:151,3
DA:152,3
DA:153,3
DA:155,3
DA:156,1
DA:163,2
DA:166,1
DA:167,1
DA:170,1
DA:174,1
DA:185,3
DA:186,3
DA:187,3
DA:189,3
DA:190,1
DA:193,2
DA:194,5
DA:197,2
DA:199,1
DA:207,2
DA:208,2
DA:209,2
DA:211,2
DA:212,0
DA:215,2
DA:216,2
DA:218,2
DA:219,1
DA:221,1
DA:222,4
DA:223,4
DA:225,4
DA:226,2
DA:229,2
DA:230,1
DA:231,1
DA:232,1
DA:238,1
DA:243,1
DA:254,16
DA:255,16
DA:262,14
DA:263,14
DA:270,30
DA:280,14
DA:281,14
DA:282,13
DA:284,3
DA:292,2
DA:293,2
DA:294,2
DA:296,1
LF:98
LH:95
BRDA:33,0,0,3
BRDA:33,0,1,1
BRDA:34,1,0,3
BRDA:34,1,1,2
BRDA:42,2,0,3
BRDA:65,3,0,1
BRDA:65,3,1,0
BRDA:75,4,0,5
BRDA:75,4,1,3
BRDA:78,5,0,3
BRDA:78,5,1,2
BRDA:84,6,0,3
BRDA:84,7,0,6
BRDA:84,7,1,3
BRDA:104,8,0,2
BRDA:104,8,1,0
BRDA:114,9,0,2
BRDA:114,9,1,0
BRDA:118,10,0,0
BRDA:125,11,0,2
BRDA:151,12,0,3
BRDA:151,12,1,3
BRDA:155,13,0,1
BRDA:166,14,0,1
BRDA:176,15,0,1
BRDA:176,15,1,0
BRDA:186,16,0,3
BRDA:186,16,1,3
BRDA:189,17,0,1
BRDA:208,18,0,2
BRDA:208,18,1,2
BRDA:211,19,0,0
BRDA:225,20,0,2
BRDA:225,21,0,4
BRDA:225,21,1,4
BRDA:229,22,0,1
BRDA:231,23,0,1
BRDA:245,24,0,1
BRDA:245,24,1,0
BRDA:282,25,0,13
BRDA:282,25,1,0
BRDA:294,26,0,2
BRDA:294,26,1,0
BRF:43
BRH:34
end_of_record
TN:
SF:src/visual/capture.ts
FN:12,(anonymous_0)
FN:69,(anonymous_1)
FN:83,(anonymous_2)
FN:86,(anonymous_3)
FN:110,(anonymous_4)
FN:113,(anonymous_5)
FN:114,(anonymous_6)
FN:117,(anonymous_7)
FN:146,(anonymous_8)
FN:153,(anonymous_9)
FN:158,(anonymous_10)
FN:160,(anonymous_11)
FN:172,(anonymous_12)
FN:189,(anonymous_13)
FNF:14
FNH:8
FNDA:13,(anonymous_0)
FNDA:2,(anonymous_1)
FNDA:12,(anonymous_2)
FNDA:0,(anonymous_3)
FNDA:2,(anonymous_4)
FNDA:0,(anonymous_5)
FNDA:0,(anonymous_6)
FNDA:0,(anonymous_7)
FNDA:16,(anonymous_8)
FNDA:1,(anonymous_9)
FNDA:0,(anonymous_10)
FNDA:0,(anonymous_11)
FNDA:1,(anonymous_12)
FNDA:1,(anonymous_13)
DA:2,1
DA:8,1
DA:13,13
DA:15,13
DA:16,1
DA:20,13
DA:21,1
DA:25,13
DA:26,1
DA:32,13
DA:33,1
DA:34,1
DA:35,1
DA:40,12
DA:50,11
DA:52,11
DA:58,2
DA:70,2
DA:72,2
DA:73,4
DA:74,4
DA:77,2
DA:84,12
DA:85,12
DA:86,12
DA:90,12
DA:91,12
DA:93,12
DA:111,2
DA:112,2
DA:113,2
DA:114,0
DA:117,0
DA:119,0
DA:132,2
DA:147,16
DA:155,1
DA:158,1
DA:159,0
DA:160,0
DA:162,0
DA:166,1
DA:173,1
DA:190,1
DA:191,1
LF:45
LH:39
BRDA:15,0,0,1
BRDA:20,1,0,1
BRDA:25,2,0,1
BRDA:25,3,0,13
BRDA:25,3,1,13
BRDA:32,4,0,1
BRDA:32,4,1,12
BRDA:42,5,0,1
BRDA:42,5,1,11
BRDA:61,6,0,2
BRDA:61,6,1,0
BRDA:101,7,0,2
BRDA:101,7,1,10
BRDA:102,8,0,2
BRDA:102,8,1,10
BRDA:103,9,0,2
BRDA:103,9,1,10
BRDA:127,10,0,0
BRDA:127,10,1,0
BRDA:128,11,0,0
BRDA:128,11,1,0
BRDA:129,12,0,0
BRDA:129,12,1,0
BRDA:159,13,0,0
BRDA:159,14,0,0
BRDA:159,14,1,0
BRF:26
BRH:16
end_of_record
TN:
SF:src/visual/diff.ts
FN:13,(anonymous_1)
FN:82,(anonymous_2)
FN:101,(anonymous_3)
FN:144,(anonymous_4)
FN:148,(anonymous_5)
FN:157,(anonymous_6)
FN:169,(anonymous_7)
FN:186,(anonymous_8)
FN:211,(anonymous_9)
FN:231,(anonymous_10)
FN:246,(anonymous_11)
FN:289,(anonymous_12)
FNF:12
FNH:11
FNDA:4,(anonymous_1)
FNDA:0,(anonymous_2)
FNDA:2,(anonymous_3)
FNDA:4,(anonymous_4)
FNDA:5,(anonymous_5)
FNDA:4,(anonymous_6)
FNDA:2,(anonymous_7)
FNDA:4,(anonymous_8)
FNDA:10,(anonymous_9)
FNDA:3,(anonymous_10)
FNDA:1,(anonymous_11)
FNDA:1,(anonymous_12)
DA:1,1
DA:2,1
DA:3,1
DA:9,1
DA:14,4
DA:16,4
DA:17,4
DA:20,4
DA:21,1
DA:32,3
DA:35,3
DA:52,2
DA:53,2
DA:54,2
DA:57,2
DA:59,2
DA:68,1
DA:83,0
DA:84,0
DA:85,0
DA:91,0
DA:106,2
DA:107,2
DA:108,2
DA:110,2
DA:111,2160
DA:112,4147200
DA:113,4147200
DA:116,4147200
DA:117,4147199
DA:121,1
DA:123,1
DA:124,1
DA:125,1
DA:127,1
DA:138,2
DA:145,4
DA:148,4
DA:149,5
DA:152,4
DA:153,1
DA:157,3
DA:158,4
DA:163,3
DA:164,1
DA:168,2
DA:169,2
DA:171,2
DA:172,1
DA:176,1
DA:177,1
DA:180,0
DA:187,4
DA:190,4
DA:191,1
DA:195,3
DA:196,1
DA:200,2
DA:201,1
DA:205,1
DA:212,10
DA:213,10
DA:215,10
DA:220,9
DA:232,3
DA:254,1
DA:255,1
DA:257,1
DA:258,40001
DA:259,40001
DA:261,40001
DA:262,28080
DA:265,11921
DA:267,11921
DA:268,1921
DA:271,10000
DA:272,10000
DA:275,10000
DA:283,1
DA:293,1
DA:294,1
DA:295,1
DA:296,1
DA:298,1
DA:299,10000
DA:300,10000
DA:302,10000
DA:303,10000
DA:304,10000
DA:305,10000
DA:308,1
LF:91
LH:86
BRDA:20,0,0,1
BRDA:20,1,0,4
BRDA:20,1,1,3
BRDA:74,2,0,1
BRDA:74,2,1,0
BRDA:93,3,0,0
BRDA:93,3,1,0
BRDA:116,4,0,4147199
BRDA:116,5,0,4147200
BRDA:116,5,1,4137201
BRDA:123,6,0,1
BRDA:149,7,0,5
BRDA:149,7,1,5
BRDA:149,7,2,1
BRDA:152,8,0,1
BRDA:152,9,0,4
BRDA:152,9,1,1
BRDA:158,10,0,4
BRDA:158,10,1,1
BRDA:158,10,2,1
BRDA:158,10,3,1
BRDA:158,10,4,1
BRDA:163,11,0,1
BRDA:163,12,0,3
BRDA:163,12,1,1
BRDA:168,13,0,2
BRDA:168,13,1,1
BRDA:169,14,0,2
BRDA:169,14,1,2
BRDA:171,15,0,1
BRDA:171,16,0,2
BRDA:171,16,1,1
BRDA:176,17,0,1
BRDA:176,18,0,1
BRDA:176,18,1,1
BRDA:190,19,0,1
BRDA:190,20,0,4
BRDA:190,20,1,3
BRDA:190,20,2,0
BRDA:195,21,0,1
BRDA:195,22,0,3
BRDA:195,22,1,2
BRDA:195,22,2,0
BRDA:200,23,0,1
BRDA:200,24,0,2
BRDA:200,24,1,1
BRDA:200,24,2,0
BRDA:261,25,0,28080
BRDA:261,26,0,40001
BRDA:261,26,1,39995
BRDA:261,26,2,39990
BRDA:261,26,3,38070
BRDA:261,26,4,38070
BRDA:267,27,0,1921
BRF:54
BRH:48
end_of_record
TN:
SF:src/visual/types.ts
FN:260,(anonymous_0)
FN:271,(anonymous_1)
FN:281,(anonymous_2)
FN:287,(anonymous_3)
FNF:4
FNH:4
FNDA:4,(anonymous_0)
FNDA:1,(anonymous_1)
FNDA:1,(anonymous_2)
FNDA:1,(anonymous_3)
DA:1,1
DA:4,1
DA:31,1
DA:49,1
DA:259,1
DA:262,4
DA:263,4
DA:265,4
DA:266,4
DA:270,1
DA:272,1
DA:280,1
DA:282,1
DA:286,1
DA:288,1
LF:15
LH:15
BRF:0
BRH:0
end_of_record
