TN:
SF:src/browser.ts
FN:6,launchBrowser
FN:13,newPage
FN:20,closeBrowser
FN:27,navigate
FN:34,click
FN:41,typeText
FN:48,takeScreenshot
FNF:7
FNH:7
FNDA:1,launchBrowser
FNDA:1,newPage
FNDA:1,closeBrowser
FNDA:4,navigate
FNDA:1,click
FNDA:1,typeText
FNDA:1,takeScreenshot
DA:1,1
DA:6,1
DA:7,1
DA:13,1
DA:14,1
DA:20,1
DA:21,1
DA:27,1
DA:28,4
DA:34,1
DA:35,1
DA:41,1
DA:42,1
DA:48,1
DA:49,1
LF:15
LH:15
BRF:0
BRH:0
end_of_record
TN:
SF:src/cli.ts
FN:15,(anonymous_9)
FN:20,(anonymous_10)
FN:30,(anonymous_11)
FN:35,(anonymous_12)
FN:54,(anonymous_13)
FN:61,(anonymous_14)
FN:62,(anonymous_15)
FN:68,runCli
FN:73,(anonymous_17)
FNF:9
FNH:8
FNDA:2,(anonymous_9)
FNDA:2,(anonymous_10)
FNDA:2,(anonymous_11)
FNDA:2,(anonymous_12)
FNDA:2,(anonymous_13)
FNDA:1,(anonymous_14)
FNDA:1,(anonymous_15)
FNDA:5,runCli
FNDA:0,(anonymous_17)
DA:2,1
DA:3,1
DA:4,1
DA:6,1
DA:7,1
DA:12,1
DA:16,2
DA:17,2
DA:19,2
DA:20,4
DA:21,2
DA:22,2
DA:24,0
DA:25,0
DA:27,2
DA:30,4
DA:31,2
DA:34,2
DA:35,4
DA:36,2
DA:37,0
DA:40,2
DA:41,2
DA:47,2
DA:51,1
DA:55,2
DA:58,1
DA:62,2
DA:63,1
DA:64,1
DA:65,1
DA:68,1
DA:69,5
DA:72,1
DA:73,0
DA:74,0
DA:75,0
LF:37
LH:31
BRDA:31,0,0,2
BRDA:31,0,1,1
BRDA:36,1,0,0
BRDA:55,2,0,2
BRDA:55,2,1,1
BRDA:63,3,0,0
BRDA:63,3,1,1
BRDA:72,4,0,0
BRF:8
BRH:5
end_of_record
TN:
SF:src/db.ts
FN:14,initializeDatabase
FN:35,insertTestRun
FN:54,getTestRuns
FN:62,(anonymous_4)
FNF:4
FNH:4
FNDA:7,initializeDatabase
FNDA:8,insertTestRun
FNDA:3,getTestRuns
FNDA:5,(anonymous_4)
DA:1,2
DA:14,2
DA:15,7
DA:18,7
DA:29,7
DA:35,2
DA:36,8
DA:41,8
DA:48,8
DA:54,2
DA:55,3
DA:59,3
DA:60,3
DA:62,5
LF:14
LH:14
BRDA:45,0,0,8
BRDA:45,0,1,0
BRDA:55,1,0,1
BRDA:55,1,1,2
BRDA:60,2,0,1
BRDA:60,2,1,2
BRDA:67,3,0,5
BRDA:67,3,1,0
BRF:8
BRH:6
end_of_record
TN:
SF:src/protocol.ts
FN:21,startServer
FN:23,(anonymous_1)
FN:24,(anonymous_2)
FNF:3
FNH:3
FNDA:1,startServer
FNDA:4,(anonymous_1)
FNDA:4,(anonymous_2)
DA:1,1
DA:2,1
DA:21,1
DA:22,1
DA:23,1
DA:24,4
DA:26,4
DA:27,4
DA:29,0
DA:31,4
DA:32,4
DA:33,4
DA:35,1
DA:36,1
DA:37,1
DA:40,1
DA:41,1
DA:44,1
DA:45,1
DA:48,1
DA:51,1
DA:53,4
DA:56,1
LF:23
LH:22
BRDA:33,0,0,1
BRDA:33,0,1,1
BRDA:33,0,2,1
BRDA:33,0,3,1
BRDA:51,1,0,1
BRDA:51,1,1,0
BRDA:51,2,0,1
BRDA:51,2,1,0
BRF:8
BRH:6
end_of_record
TN:
SF:src/translator.ts
FN:10,translate
FNF:1
FNH:1
FNDA:7,translate
DA:10,3
DA:11,7
DA:12,7
DA:13,7
DA:14,4
DA:16,3
DA:17,3
DA:18,1
DA:20,2
DA:21,2
DA:22,1
DA:25,1
LF:12
LH:12
BRDA:13,0,0,4
BRDA:17,1,0,1
BRDA:21,2,0,1
BRF:3
BRH:3
end_of_record
